Building DAG of jobs...
Using shell: /usr/bin/bash
Provided cores: 1
Rules claiming more threads will be scaled down.
Job counts:
	count	jobs
	1	all
	1	test
	2

[Tue Mar 22 13:26:01 2022]
rule test:
    output: test.txt
    jobid: 1

Waiting at most 5 seconds for missing files.
MissingOutputException in line 10 of /home/arthur/Bureau/postdocs/isem/hybscan/pipeline/Snakefile:
Missing files after 5 seconds:
test.txt
This might be due to filesystem latency. If that is the case, consider to increase the wait time with --latency-wait.
Shutting down, this might take some time.
Exiting because a job execution failed. Look above for error message
Complete log: /home/arthur/Bureau/postdocs/isem/hybscan/pipeline/.snakemake/log/2022-03-22T132601.135585.snakemake.log
