Building DAG of jobs...
Using shell: /usr/bin/bash
Provided cores: 8
Rules claiming more threads will be scaled down.
Job counts:
	count	jobs
	1	all
	1	bwa_pe_run
	2

[Wed Mar 23 16:44:06 2022]
rule bwa_pe_run:
    input: /home/arthur/Bureau/postdocs/isem/hybscan/data/SRR5437981.fastp.megahit.phyluce.fasta.amb, /home/arthur/Bureau/postdocs/isem/hybscan/data/SRR5437981.fastp.megahit.phyluce.fasta.ann, /home/arthur/Bureau/postdocs/isem/hybscan/data/SRR5437981.fastp.megahit.phyluce.fasta.pac, /home/arthur/Bureau/postdocs/isem/hybscan/data/SRR5437981.fastp.megahit.phyluce.fasta.bwt.2bit.64, /home/arthur/Bureau/postdocs/isem/hybscan/data/SRR5437981.fastp.megahit.phyluce.fasta.0123, /home/arthur/Bureau/postdocs/isem/hybscan/data/SRR5437981_1.fastp.fastq.gz, /home/arthur/Bureau/postdocs/isem/hybscan/data/SRR5437981_2.fastp.fastq.gz, /home/arthur/Bureau/postdocs/isem/hybscan/data/SRR5437981.fastp.fastq.gz, /home/arthur/Bureau/postdocs/isem/hybscan/data/SRR5437981.fastp.megahit.phyluce.fasta
    output: /home/arthur/Bureau/postdocs/isem/hybscan/data/SRR5437981.fastp.megahit.phyluce.bwa.fastp.se.bam, /home/arthur/Bureau/postdocs/isem/hybscan/data/SRR5437981.fastp.megahit.phyluce.bwa.fastp.pe.bam, /home/arthur/Bureau/postdocs/isem/hybscan/data/SRR5437981.fastp.megahit.phyluce.bwa.fastp.bam
    jobid: 1
    wildcards: PATH=/home/arthur/Bureau/postdocs/isem/hybscan/data, ID=SRR5437981, EXT=.fastp.megahit.phyluce., EXT2=.fastp.
    threads: 4

Removing temporary output file /home/arthur/Bureau/postdocs/isem/hybscan/data/SRR5437981.fastp.megahit.phyluce.fasta.bwt.2bit.64.
Removing temporary output file /home/arthur/Bureau/postdocs/isem/hybscan/data/SRR5437981.fastp.megahit.phyluce.fasta.amb.
Removing temporary output file /home/arthur/Bureau/postdocs/isem/hybscan/data/SRR5437981.fastp.megahit.phyluce.fasta.0123.
Removing temporary output file /home/arthur/Bureau/postdocs/isem/hybscan/data/SRR5437981.fastp.megahit.phyluce.fasta.ann.
Removing temporary output file /home/arthur/Bureau/postdocs/isem/hybscan/data/SRR5437981.fastp.megahit.phyluce.fasta.pac.
Removing temporary output file /home/arthur/Bureau/postdocs/isem/hybscan/data/SRR5437981.fastp.fastq.gz.
Removing temporary output file /home/arthur/Bureau/postdocs/isem/hybscan/data/SRR5437981_2.fastp.fastq.gz.
Removing temporary output file /home/arthur/Bureau/postdocs/isem/hybscan/data/SRR5437981_1.fastp.fastq.gz.
[Wed Mar 23 16:44:36 2022]
Finished job 1.
1 of 2 steps (50%) done

[Wed Mar 23 16:44:36 2022]
localrule all:
    input: /home/arthur/Bureau/postdocs/isem/hybscan/data/SRR5437981.fastp.megahit.phyluce.bwa.fastp.bam
    jobid: 0

[Wed Mar 23 16:44:36 2022]
Finished job 0.
2 of 2 steps (100%) done
Complete log: /home/arthur/Bureau/postdocs/isem/hybscan/pipeline/.snakemake/log/2022-03-23T164406.802950.snakemake.log
