Building DAG of jobs...
Using shell: /usr/bin/bash
Provided cores: 8
Rules claiming more threads will be scaled down.
Job counts:
	count	jobs
	1	all
	2	angsd_run
	2	bwa_indexing
	2	bwa_pese_run
	4	contamfilter_run
	3	divergence_estimations_gather
	6	divergence_estimations_run
	2	fastp_pe_run
	2	freebayes_individual_run
	4	het_sites_count_run
	2	megahit_pese_run
	2	phyluce_run
	2	samtools_bam_index
	2	samtools_fasta_index
	1	stan_model_train
	6	vcf_refalt_plot
	2	vcftools_filter_run
	45

[Tue Mar 29 11:59:22 2022]
rule fastp_pe_run:
    input: /home/arthur/Bureau/postdocs/isem/hybscan/data/SRR5437981_1.fastq.gz, /home/arthur/Bureau/postdocs/isem/hybscan/data/SRR5437981_2.fastq.gz
    output: /home/arthur/Bureau/postdocs/isem/hybscan/data/SRR5437981_1.fastp.fastq.gz, /home/arthur/Bureau/postdocs/isem/hybscan/data/SRR5437981_2.fastp.fastq.gz, /home/arthur/Bureau/postdocs/isem/hybscan/data/SRR5437981.fastp.fastq.gz, /home/arthur/Bureau/postdocs/isem/hybscan/data/SRR5437981.fastp.json, /home/arthur/Bureau/postdocs/isem/hybscan/data/SRR5437981.fastp.html
    jobid: 40
    wildcards: PATH=/home/arthur/Bureau/postdocs/isem/hybscan/data, ID=SRR5437981, EXT=.
    threads: 4


[Tue Mar 29 11:59:22 2022]
rule fastp_pe_run:
    input: /home/arthur/Bureau/postdocs/isem/hybscan/data/SRR5406035_1.fastq.gz, /home/arthur/Bureau/postdocs/isem/hybscan/data/SRR5406035_2.fastq.gz
    output: /home/arthur/Bureau/postdocs/isem/hybscan/data/SRR5406035_1.fastp.fastq.gz, /home/arthur/Bureau/postdocs/isem/hybscan/data/SRR5406035_2.fastp.fastq.gz, /home/arthur/Bureau/postdocs/isem/hybscan/data/SRR5406035.fastp.fastq.gz, /home/arthur/Bureau/postdocs/isem/hybscan/data/SRR5406035.fastp.json, /home/arthur/Bureau/postdocs/isem/hybscan/data/SRR5406035.fastp.html
    jobid: 43
    wildcards: PATH=/home/arthur/Bureau/postdocs/isem/hybscan/data, ID=SRR5406035, EXT=.
    threads: 4

Removing temporary output file /home/arthur/Bureau/postdocs/isem/hybscan/data/SRR5406035.fastp.json.
Removing temporary output file /home/arthur/Bureau/postdocs/isem/hybscan/data/SRR5406035.fastp.html.
[Tue Mar 29 11:59:24 2022]
Finished job 43.
1 of 45 steps (2%) done

[Tue Mar 29 11:59:24 2022]
rule megahit_pese_run:
    input: /home/arthur/Bureau/postdocs/isem/hybscan/data/SRR5406035_1.fastp.fastq.gz, /home/arthur/Bureau/postdocs/isem/hybscan/data/SRR5406035_2.fastp.fastq.gz, /home/arthur/Bureau/postdocs/isem/hybscan/data/SRR5406035.fastp.fastq.gz
    output: /home/arthur/Bureau/postdocs/isem/hybscan/data/SRR5406035.fastp.megahit.fasta, /home/arthur/Bureau/postdocs/isem/hybscan/data/SRR5406035.fastp.megahit.log, /home/arthur/Bureau/postdocs/isem/hybscan/data/SRR5406035.fastp.megahit
    jobid: 44
    wildcards: PATH=/home/arthur/Bureau/postdocs/isem/hybscan/data, ID=SRR5406035, EXT=.fastp.
    threads: 4

Removing temporary output file /home/arthur/Bureau/postdocs/isem/hybscan/data/SRR5437981.fastp.json.
Removing temporary output file /home/arthur/Bureau/postdocs/isem/hybscan/data/SRR5437981.fastp.html.
[Tue Mar 29 11:59:48 2022]
Finished job 40.
2 of 45 steps (4%) done

[Tue Mar 29 11:59:48 2022]
rule megahit_pese_run:
    input: /home/arthur/Bureau/postdocs/isem/hybscan/data/SRR5437981_1.fastp.fastq.gz, /home/arthur/Bureau/postdocs/isem/hybscan/data/SRR5437981_2.fastp.fastq.gz, /home/arthur/Bureau/postdocs/isem/hybscan/data/SRR5437981.fastp.fastq.gz
    output: /home/arthur/Bureau/postdocs/isem/hybscan/data/SRR5437981.fastp.megahit.fasta, /home/arthur/Bureau/postdocs/isem/hybscan/data/SRR5437981.fastp.megahit.log, /home/arthur/Bureau/postdocs/isem/hybscan/data/SRR5437981.fastp.megahit
    jobid: 41
    wildcards: PATH=/home/arthur/Bureau/postdocs/isem/hybscan/data, ID=SRR5437981, EXT=.fastp.
    threads: 4

Removing temporary output file /home/arthur/Bureau/postdocs/isem/hybscan/data/SRR5406035.fastp.megahit.
[Tue Mar 29 12:00:50 2022]
Finished job 44.
3 of 45 steps (7%) done

[Tue Mar 29 12:00:50 2022]
rule stan_model_train:
    input: /home/arthur/Bureau/postdocs/isem/hybscan/hybrid_scan/tools/stan/divergence_model.stan
    output: /home/arthur/Bureau/postdocs/isem/hybscan/hybrid_scan/tools/stan/divergence_model.rds
    jobid: 22
    wildcards: PATH=/home/arthur/Bureau/postdocs/isem/hybscan/hybrid_scan/tools/stan/divergence_model


[Tue Mar 29 12:00:50 2022]
rule phyluce_run:
    input: /home/arthur/Bureau/postdocs/isem/hybscan/data/SRR5406035.fastp.megahit.fasta, /home/arthur/Bureau/postdocs/isem/hybscan/hybrid_scan/tools/uce_probes/hymenoptera.fasta
    output: /home/arthur/Bureau/postdocs/isem/hybscan/data/SRR5406035.fastp.megahit.phyluce, /home/arthur/Bureau/postdocs/isem/hybscan/data/SRR5406035.fastp.megahit.phyluce.fasta, /home/arthur/Bureau/postdocs/isem/hybscan/data/SRR5406035.fastp.megahit.phyluce.log
    jobid: 36
    wildcards: PATH=/home/arthur/Bureau/postdocs/isem/hybscan/data, ID=SRR5406035, EXT=.fastp.megahit.

Removing temporary output file /home/arthur/Bureau/postdocs/isem/hybscan/data/SRR5406035.fastp.megahit.phyluce.
[Tue Mar 29 12:01:01 2022]
Finished job 36.
4 of 45 steps (9%) done

[Tue Mar 29 12:01:01 2022]
rule bwa_indexing:
    input: /home/arthur/Bureau/postdocs/isem/hybscan/data/SRR5406035.fastp.megahit.phyluce.fasta
    output: /home/arthur/Bureau/postdocs/isem/hybscan/data/SRR5406035.fastp.megahit.phyluce.fasta.amb, /home/arthur/Bureau/postdocs/isem/hybscan/data/SRR5406035.fastp.megahit.phyluce.fasta.ann, /home/arthur/Bureau/postdocs/isem/hybscan/data/SRR5406035.fastp.megahit.phyluce.fasta.pac, /home/arthur/Bureau/postdocs/isem/hybscan/data/SRR5406035.fastp.megahit.phyluce.fasta.bwt.2bit.64, /home/arthur/Bureau/postdocs/isem/hybscan/data/SRR5406035.fastp.megahit.phyluce.fasta.0123
    jobid: 42
    wildcards: PATH=/home/arthur/Bureau/postdocs/isem/hybscan/data/SRR5406035.fastp.megahit.phyluce


[Tue Mar 29 12:01:01 2022]
rule samtools_fasta_index:
    input: /home/arthur/Bureau/postdocs/isem/hybscan/data/SRR5406035.fastp.megahit.phyluce.fasta
    output: /home/arthur/Bureau/postdocs/isem/hybscan/data/SRR5406035.fastp.megahit.phyluce.fasta.fai
    jobid: 38
    wildcards: PATH=/home/arthur/Bureau/postdocs/isem/hybscan/data/SRR5406035.fastp.megahit.phyluce

[Tue Mar 29 12:01:01 2022]
Finished job 38.
5 of 45 steps (11%) done
[Tue Mar 29 12:01:03 2022]
Finished job 42.
6 of 45 steps (13%) done
[Tue Mar 29 12:01:24 2022]
Finished job 22.
7 of 45 steps (16%) done

[Tue Mar 29 12:01:24 2022]
rule bwa_pese_run:
    input: /home/arthur/Bureau/postdocs/isem/hybscan/data/SRR5406035.fastp.megahit.phyluce.fasta.amb, /home/arthur/Bureau/postdocs/isem/hybscan/data/SRR5406035.fastp.megahit.phyluce.fasta.ann, /home/arthur/Bureau/postdocs/isem/hybscan/data/SRR5406035.fastp.megahit.phyluce.fasta.pac, /home/arthur/Bureau/postdocs/isem/hybscan/data/SRR5406035.fastp.megahit.phyluce.fasta.bwt.2bit.64, /home/arthur/Bureau/postdocs/isem/hybscan/data/SRR5406035.fastp.megahit.phyluce.fasta.0123, /home/arthur/Bureau/postdocs/isem/hybscan/data/SRR5406035_1.fastp.fastq.gz, /home/arthur/Bureau/postdocs/isem/hybscan/data/SRR5406035_2.fastp.fastq.gz, /home/arthur/Bureau/postdocs/isem/hybscan/data/SRR5406035.fastp.fastq.gz, /home/arthur/Bureau/postdocs/isem/hybscan/data/SRR5406035.fastp.megahit.phyluce.fasta
    output: /home/arthur/Bureau/postdocs/isem/hybscan/data/SRR5406035.fastp.megahit.phyluce.bwa.fastp.se.bam, /home/arthur/Bureau/postdocs/isem/hybscan/data/SRR5406035.fastp.megahit.phyluce.bwa.fastp.pe.bam, /home/arthur/Bureau/postdocs/isem/hybscan/data/SRR5406035.fastp.megahit.phyluce.bwa.fastp.bam
    jobid: 35
    wildcards: PATH=/home/arthur/Bureau/postdocs/isem/hybscan/data, ID=SRR5406035, EXT=.fastp.megahit.phyluce., EXT2=.fastp.
    threads: 4

Removing temporary output file /home/arthur/Bureau/postdocs/isem/hybscan/data/SRR5406035.fastp.megahit.phyluce.fasta.amb.
Removing temporary output file /home/arthur/Bureau/postdocs/isem/hybscan/data/SRR5406035.fastp.megahit.phyluce.fasta.bwt.2bit.64.
Removing temporary output file /home/arthur/Bureau/postdocs/isem/hybscan/data/SRR5406035.fastp.megahit.phyluce.fasta.pac.
Removing temporary output file /home/arthur/Bureau/postdocs/isem/hybscan/data/SRR5406035.fastp.megahit.phyluce.fasta.ann.
Removing temporary output file /home/arthur/Bureau/postdocs/isem/hybscan/data/SRR5406035.fastp.megahit.phyluce.fasta.0123.
Removing temporary output file /home/arthur/Bureau/postdocs/isem/hybscan/data/SRR5406035.fastp.fastq.gz.
Removing temporary output file /home/arthur/Bureau/postdocs/isem/hybscan/data/SRR5406035_1.fastp.fastq.gz.
Removing temporary output file /home/arthur/Bureau/postdocs/isem/hybscan/data/SRR5406035_2.fastp.fastq.gz.
Removing temporary output file /home/arthur/Bureau/postdocs/isem/hybscan/data/SRR5406035.fastp.megahit.phyluce.bwa.fastp.se.bam.
Removing temporary output file /home/arthur/Bureau/postdocs/isem/hybscan/data/SRR5406035.fastp.megahit.phyluce.bwa.fastp.pe.bam.
[Tue Mar 29 12:01:35 2022]
Finished job 35.
8 of 45 steps (18%) done

[Tue Mar 29 12:01:35 2022]
rule freebayes_individual_run:
    input: /home/arthur/Bureau/postdocs/isem/hybscan/data/SRR5406035.fastp.megahit.phyluce.bwa.fastp.bam, /home/arthur/Bureau/postdocs/isem/hybscan/data/SRR5406035.fastp.megahit.phyluce.fasta, /home/arthur/Bureau/postdocs/isem/hybscan/data/SRR5406035.fastp.megahit.phyluce.fasta.fai
    output: /home/arthur/Bureau/postdocs/isem/hybscan/data/SRR5406035.fastp.megahit.phyluce.bwa.fastp.freebayes.vcf
    jobid: 30
    wildcards: PATH=/home/arthur/Bureau/postdocs/isem/hybscan/data, ID=SRR5406035, EXT=.fastp.megahit.phyluce., EXT2=.fastp.


[Tue Mar 29 12:01:35 2022]
rule samtools_bam_index:
    input: /home/arthur/Bureau/postdocs/isem/hybscan/data/SRR5406035.fastp.megahit.phyluce.bwa.fastp.bam
    output: /home/arthur/Bureau/postdocs/isem/hybscan/data/SRR5406035.fastp.megahit.phyluce.bwa.fastp.bam.bai
    jobid: 34
    wildcards: PATH=/home/arthur/Bureau/postdocs/isem/hybscan/data/SRR5406035.fastp.megahit.phyluce.bwa.fastp

[Tue Mar 29 12:01:35 2022]
Finished job 34.
9 of 45 steps (20%) done

[Tue Mar 29 12:01:35 2022]
rule angsd_run:
    input: /home/arthur/Bureau/postdocs/isem/hybscan/data/SRR5406035.fastp.megahit.phyluce.bwa.fastp.bam, /home/arthur/Bureau/postdocs/isem/hybscan/data/SRR5406035.fastp.megahit.phyluce.bwa.fastp.bam.bai, /home/arthur/Bureau/postdocs/isem/hybscan/data/SRR5406035.fastp.megahit.phyluce.fasta
    output: /home/arthur/Bureau/postdocs/isem/hybscan/data/SRR5406035.fastp.megahit.phyluce.bwa.fastp.angsd.bamlist, /home/arthur/Bureau/postdocs/isem/hybscan/data/SRR5406035.fastp.megahit.phyluce.bwa.fastp.angsd.saf.idx, /home/arthur/Bureau/postdocs/isem/hybscan/data/SRR5406035.fastp.megahit.phyluce.bwa.fastp.angsd.saf.pos.gz, /home/arthur/Bureau/postdocs/isem/hybscan/data/SRR5406035.fastp.megahit.phyluce.bwa.fastp.angsd.saf.gz, /home/arthur/Bureau/postdocs/isem/hybscan/data/SRR5406035.fastp.megahit.phyluce.bwa.fastp.angsd.sfs, /home/arthur/Bureau/postdocs/isem/hybscan/data/SRR5406035.fastp.megahit.phyluce.bwa.fastp.angsd.thetas.idx, /home/arthur/Bureau/postdocs/isem/hybscan/data/SRR5406035.fastp.megahit.phyluce.bwa.fastp.angsd.thetas.gz, /home/arthur/Bureau/postdocs/isem/hybscan/data/SRR5406035.fastp.megahit.phyluce.bwa.fastp.angsd.thetas.idx.pestPG, /home/arthur/Bureau/postdocs/isem/hybscan/data/SRR5406035.fastp.megahit.phyluce.bwa.fastp.angsd.arg, /home/arthur/Bureau/postdocs/isem/hybscan/data/SRR5406035.fastp.megahit.phyluce.bwa.fastp.angsd.stats.txt, /home/arthur/Bureau/postdocs/isem/hybscan/data/SRR5406035.fastp.megahit.phyluce.bwa.fastp.angsd.counts.txt
    jobid: 26
    wildcards: PATH=/home/arthur/Bureau/postdocs/isem/hybscan/data, ID=SRR5406035, EXT=.fastp.megahit.phyluce., EXT2=.fastp.

Removing temporary output file /home/arthur/Bureau/postdocs/isem/hybscan/data/SRR5406035.fastp.megahit.phyluce.bwa.fastp.bam.bai.
Removing temporary output file /home/arthur/Bureau/postdocs/isem/hybscan/data/SRR5406035.fastp.megahit.phyluce.bwa.fastp.angsd.bamlist.
Removing temporary output file /home/arthur/Bureau/postdocs/isem/hybscan/data/SRR5406035.fastp.megahit.phyluce.bwa.fastp.angsd.saf.idx.
Removing temporary output file /home/arthur/Bureau/postdocs/isem/hybscan/data/SRR5406035.fastp.megahit.phyluce.bwa.fastp.angsd.saf.pos.gz.
Removing temporary output file /home/arthur/Bureau/postdocs/isem/hybscan/data/SRR5406035.fastp.megahit.phyluce.bwa.fastp.angsd.saf.gz.
Removing temporary output file /home/arthur/Bureau/postdocs/isem/hybscan/data/SRR5406035.fastp.megahit.phyluce.bwa.fastp.angsd.sfs.
Removing temporary output file /home/arthur/Bureau/postdocs/isem/hybscan/data/SRR5406035.fastp.megahit.phyluce.bwa.fastp.angsd.thetas.idx.
Removing temporary output file /home/arthur/Bureau/postdocs/isem/hybscan/data/SRR5406035.fastp.megahit.phyluce.bwa.fastp.angsd.thetas.gz.
Removing temporary output file /home/arthur/Bureau/postdocs/isem/hybscan/data/SRR5406035.fastp.megahit.phyluce.bwa.fastp.angsd.thetas.idx.pestPG.
Removing temporary output file /home/arthur/Bureau/postdocs/isem/hybscan/data/SRR5406035.fastp.megahit.phyluce.bwa.fastp.angsd.arg.
[Tue Mar 29 12:01:39 2022]
Finished job 26.
10 of 45 steps (22%) done

[Tue Mar 29 12:01:39 2022]
rule divergence_estimations_run:
    input: /home/arthur/Bureau/postdocs/isem/hybscan/hybrid_scan/tools/stan/divergence_model.rds, /home/arthur/Bureau/postdocs/isem/hybscan/data/SRR5406035.fastp.megahit.phyluce.bwa.fastp.angsd.counts.txt
    output: /home/arthur/Bureau/postdocs/isem/hybscan/data/SRR5406035.fastp.megahit.phyluce.bwa.fastp.angsd.divestim.txt, /home/arthur/Bureau/postdocs/isem/hybscan/data/SRR5406035.fastp.megahit.phyluce.bwa.fastp.angsd.divposterior.txt
    jobid: 16
    wildcards: PATH=/home/arthur/Bureau/postdocs/isem/hybscan/data/SRR5406035.fastp.megahit.phyluce.bwa.fastp.angsd
    threads: 2

Removing temporary output file /home/arthur/Bureau/postdocs/isem/hybscan/data/SRR5406035.fastp.megahit.phyluce.fasta.fai.
[Tue Mar 29 12:01:59 2022]
Finished job 30.
11 of 45 steps (24%) done

[Tue Mar 29 12:01:59 2022]
rule vcftools_filter_run:
    input: /home/arthur/Bureau/postdocs/isem/hybscan/data/SRR5406035.fastp.megahit.phyluce.bwa.fastp.freebayes.vcf
    output: /home/arthur/Bureau/postdocs/isem/hybscan/data/SRR5406035.fastp.megahit.phyluce.bwa.fastp.freebayes.filter.vcf
    jobid: 21
    wildcards: PATH=/home/arthur/Bureau/postdocs/isem/hybscan/data/SRR5406035.fastp.megahit.phyluce.bwa.fastp.freebayes

[Tue Mar 29 12:01:59 2022]
Finished job 21.
12 of 45 steps (27%) done

[Tue Mar 29 12:01:59 2022]
rule contamfilter_run:
    input: /home/arthur/Bureau/postdocs/isem/hybscan/data/SRR5406035.fastp.megahit.phyluce.bwa.fastp.freebayes.filter.vcf
    output: /home/arthur/Bureau/postdocs/isem/hybscan/data/SRR5406035.fastp.megahit.phyluce.bwa.fastp.freebayes.filter.contamfilter0.05.vcf
    jobid: 10
    wildcards: PATH=/home/arthur/Bureau/postdocs/isem/hybscan/data/SRR5406035.fastp.megahit.phyluce.bwa.fastp.freebayes.filter, ALTPROB=0.05


[Tue Mar 29 12:01:59 2022]
rule contamfilter_run:
    input: /home/arthur/Bureau/postdocs/isem/hybscan/data/SRR5406035.fastp.megahit.phyluce.bwa.fastp.freebayes.filter.vcf
    output: /home/arthur/Bureau/postdocs/isem/hybscan/data/SRR5406035.fastp.megahit.phyluce.bwa.fastp.freebayes.filter.contamfilter0.2.vcf
    jobid: 19
    wildcards: PATH=/home/arthur/Bureau/postdocs/isem/hybscan/data/SRR5406035.fastp.megahit.phyluce.bwa.fastp.freebayes.filter, ALTPROB=0.2

[Tue Mar 29 12:02:00 2022]
Finished job 10.
13 of 45 steps (29%) done

[Tue Mar 29 12:02:00 2022]
rule vcf_refalt_plot:
    input: /home/arthur/Bureau/postdocs/isem/hybscan/data/SRR5406035.fastp.megahit.phyluce.bwa.fastp.freebayes.filter.vcf
    output: /home/arthur/Bureau/postdocs/isem/hybscan/data/SRR5406035.fastp.megahit.phyluce.bwa.fastp.freebayes.filter.refalt.txt, /home/arthur/Bureau/postdocs/isem/hybscan/data/SRR5406035.fastp.megahit.phyluce.bwa.fastp.freebayes.filter.refalt.png
    jobid: 9
    wildcards: PATH=/home/arthur/Bureau/postdocs/isem/hybscan/data/SRR5406035.fastp.megahit.phyluce.bwa.fastp.freebayes.filter

[Tue Mar 29 12:02:00 2022]
Finished job 19.
14 of 45 steps (31%) done

[Tue Mar 29 12:02:00 2022]
rule het_sites_count_run:
    input: /home/arthur/Bureau/postdocs/isem/hybscan/data/SRR5406035.fastp.megahit.phyluce.bwa.fastp.freebayes.filter.contamfilter0.05.vcf
    output: /home/arthur/Bureau/postdocs/isem/hybscan/data/SRR5406035.fastp.megahit.phyluce.bwa.fastp.freebayes.filter.contamfilter0.05.het.counts.txt
    jobid: 28
    wildcards: PATH=/home/arthur/Bureau/postdocs/isem/hybscan/data/SRR5406035.fastp.megahit.phyluce.bwa.fastp.freebayes.filter.contamfilter0.05

[Tue Mar 29 12:02:00 2022]
Finished job 28.
15 of 45 steps (33%) done

[Tue Mar 29 12:02:00 2022]
rule vcf_refalt_plot:
    input: /home/arthur/Bureau/postdocs/isem/hybscan/data/SRR5406035.fastp.megahit.phyluce.bwa.fastp.freebayes.filter.contamfilter0.05.vcf
    output: /home/arthur/Bureau/postdocs/isem/hybscan/data/SRR5406035.fastp.megahit.phyluce.bwa.fastp.freebayes.filter.contamfilter0.05.refalt.txt, /home/arthur/Bureau/postdocs/isem/hybscan/data/SRR5406035.fastp.megahit.phyluce.bwa.fastp.freebayes.filter.contamfilter0.05.refalt.png
    jobid: 1
    wildcards: PATH=/home/arthur/Bureau/postdocs/isem/hybscan/data/SRR5406035.fastp.megahit.phyluce.bwa.fastp.freebayes.filter.contamfilter0.05

[Tue Mar 29 12:02:04 2022]
Finished job 1.
16 of 45 steps (36%) done

[Tue Mar 29 12:02:04 2022]
rule het_sites_count_run:
    input: /home/arthur/Bureau/postdocs/isem/hybscan/data/SRR5406035.fastp.megahit.phyluce.bwa.fastp.freebayes.filter.contamfilter0.2.vcf
    output: /home/arthur/Bureau/postdocs/isem/hybscan/data/SRR5406035.fastp.megahit.phyluce.bwa.fastp.freebayes.filter.contamfilter0.2.het.counts.txt
    jobid: 23
    wildcards: PATH=/home/arthur/Bureau/postdocs/isem/hybscan/data/SRR5406035.fastp.megahit.phyluce.bwa.fastp.freebayes.filter.contamfilter0.2

[Tue Mar 29 12:02:04 2022]
Finished job 9.
17 of 45 steps (38%) done

[Tue Mar 29 12:02:04 2022]
rule vcf_refalt_plot:
    input: /home/arthur/Bureau/postdocs/isem/hybscan/data/SRR5406035.fastp.megahit.phyluce.bwa.fastp.freebayes.filter.contamfilter0.2.vcf
    output: /home/arthur/Bureau/postdocs/isem/hybscan/data/SRR5406035.fastp.megahit.phyluce.bwa.fastp.freebayes.filter.contamfilter0.2.refalt.txt, /home/arthur/Bureau/postdocs/isem/hybscan/data/SRR5406035.fastp.megahit.phyluce.bwa.fastp.freebayes.filter.contamfilter0.2.refalt.png
    jobid: 7
    wildcards: PATH=/home/arthur/Bureau/postdocs/isem/hybscan/data/SRR5406035.fastp.megahit.phyluce.bwa.fastp.freebayes.filter.contamfilter0.2

[Tue Mar 29 12:02:04 2022]
Finished job 23.
18 of 45 steps (40%) done
[Tue Mar 29 12:02:06 2022]
Finished job 7.
19 of 45 steps (42%) done

[Tue Mar 29 12:02:06 2022]
rule divergence_estimations_run:
    input: /home/arthur/Bureau/postdocs/isem/hybscan/hybrid_scan/tools/stan/divergence_model.rds, /home/arthur/Bureau/postdocs/isem/hybscan/data/SRR5406035.fastp.megahit.phyluce.bwa.fastp.freebayes.filter.contamfilter0.05.het.counts.txt
    output: /home/arthur/Bureau/postdocs/isem/hybscan/data/SRR5406035.fastp.megahit.phyluce.bwa.fastp.freebayes.filter.contamfilter0.05.het.divestim.txt, /home/arthur/Bureau/postdocs/isem/hybscan/data/SRR5406035.fastp.megahit.phyluce.bwa.fastp.freebayes.filter.contamfilter0.05.het.divposterior.txt
    jobid: 18
    wildcards: PATH=/home/arthur/Bureau/postdocs/isem/hybscan/data/SRR5406035.fastp.megahit.phyluce.bwa.fastp.freebayes.filter.contamfilter0.05.het
    threads: 2

[Tue Mar 29 12:03:22 2022]
Finished job 18.
20 of 45 steps (44%) done

[Tue Mar 29 12:03:22 2022]
rule divergence_estimations_run:
    input: /home/arthur/Bureau/postdocs/isem/hybscan/hybrid_scan/tools/stan/divergence_model.rds, /home/arthur/Bureau/postdocs/isem/hybscan/data/SRR5406035.fastp.megahit.phyluce.bwa.fastp.freebayes.filter.contamfilter0.2.het.counts.txt
    output: /home/arthur/Bureau/postdocs/isem/hybscan/data/SRR5406035.fastp.megahit.phyluce.bwa.fastp.freebayes.filter.contamfilter0.2.het.divestim.txt, /home/arthur/Bureau/postdocs/isem/hybscan/data/SRR5406035.fastp.megahit.phyluce.bwa.fastp.freebayes.filter.contamfilter0.2.het.divposterior.txt
    jobid: 11
    wildcards: PATH=/home/arthur/Bureau/postdocs/isem/hybscan/data/SRR5406035.fastp.megahit.phyluce.bwa.fastp.freebayes.filter.contamfilter0.2.het
    threads: 2

[Tue Mar 29 12:03:26 2022]
Finished job 16.
21 of 45 steps (47%) done
[Tue Mar 29 12:04:30 2022]
Finished job 11.
22 of 45 steps (49%) done
Terminating processes on user request, this might take some time.
[Tue Mar 29 12:07:47 2022]
Error in rule megahit_pese_run:
    jobid: 41
    output: /home/arthur/Bureau/postdocs/isem/hybscan/data/SRR5437981.fastp.megahit.fasta, /home/arthur/Bureau/postdocs/isem/hybscan/data/SRR5437981.fastp.megahit.log, /home/arthur/Bureau/postdocs/isem/hybscan/data/SRR5437981.fastp.megahit

RuleException:
CalledProcessError in line 180 of /home/arthur/Bureau/postdocs/isem/hybscan/hybrid_scan/Snakefile:
Command ' set -euo pipefail;  megahit -t 4 -1 /home/arthur/Bureau/postdocs/isem/hybscan/data/SRR5437981_1.fastp.fastq.gz -2 /home/arthur/Bureau/postdocs/isem/hybscan/data/SRR5437981_2.fastp.fastq.gz -r /home/arthur/Bureau/postdocs/isem/hybscan/data/SRR5437981.fastp.fastq.gz -o /home/arthur/Bureau/postdocs/isem/hybscan/data/SRR5437981.fastp.megahit --k-min 31 --k-max 101 --k-step 10;mv /home/arthur/Bureau/postdocs/isem/hybscan/data/SRR5437981.fastp.megahit/log /home/arthur/Bureau/postdocs/isem/hybscan/data/SRR5437981.fastp.megahit.log; awk '!/>/{print}; />/{cnt++; print ">contig"cnt}' /home/arthur/Bureau/postdocs/isem/hybscan/data/SRR5437981.fastp.megahit/final.contigs.fa > /home/arthur/Bureau/postdocs/isem/hybscan/data/SRR5437981.fastp.megahit.fasta; ' returned non-zero exit status 2.
  File "/home/arthur/Bureau/postdocs/isem/hybscan/hybrid_scan/Snakefile", line 180, in __rule_megahit_pese_run
  File "/home/arthur/bin/miniconda/envs/hybscan_env/lib/python3.6/concurrent/futures/thread.py", line 56, in run
Removing output files of failed job megahit_pese_run since they might be corrupted:
/home/arthur/Bureau/postdocs/isem/hybscan/data/SRR5437981.fastp.megahit
Complete log: /home/arthur/Bureau/postdocs/isem/hybscan/hybrid_scan/.snakemake/log/2022-03-29T115922.117547.snakemake.log
