Building DAG of jobs...
Using shell: /usr/bin/bash
Provided cores: 8
Rules claiming more threads will be scaled down.
Job counts:
	count	jobs
	1	all
	4	contamfilter_run
	3	divergence_estimations_gather
	12	divergence_estimations_run
	12	het_sites_count_run
	32

[Mon Mar 28 11:47:26 2022]
rule het_sites_count_run:
    input: /home/arthur/Bureau/postdocs/isem/hybscan/data/SRR5437981.fastp.megahit.phyluce.bwa.fastp.freebayes.filter.contamfilter0.1.vcf
    output: /home/arthur/Bureau/postdocs/isem/hybscan/data/SRR5437981.fastp.megahit.phyluce.bwa.fastp.freebayes.filter.contamfilter0.1.het.counts.txt
    jobid: 37
    wildcards: PATH=/home/arthur/Bureau/postdocs/isem/hybscan/data/SRR5437981.fastp.megahit.phyluce.bwa.fastp.freebayes.filter.contamfilter0.1


[Mon Mar 28 11:47:26 2022]
rule het_sites_count_run:
    input: /home/arthur/Bureau/postdocs/isem/hybscan/data/SRR2184169.fastp.megahit.phyluce.bwa.fastp.freebayes.filter.contamfilter0.05.vcf
    output: /home/arthur/Bureau/postdocs/isem/hybscan/data/SRR2184169.fastp.megahit.phyluce.bwa.fastp.freebayes.filter.contamfilter0.05.het.counts.txt
    jobid: 33
    wildcards: PATH=/home/arthur/Bureau/postdocs/isem/hybscan/data/SRR2184169.fastp.megahit.phyluce.bwa.fastp.freebayes.filter.contamfilter0.05


[Mon Mar 28 11:47:26 2022]
rule contamfilter_run:
    input: /home/arthur/Bureau/postdocs/isem/hybscan/data/SRR5437981.fastp.megahit.phyluce.bwa.fastp.freebayes.filter.vcf
    output: /home/arthur/Bureau/postdocs/isem/hybscan/data/SRR5437981.fastp.megahit.phyluce.bwa.fastp.freebayes.filter.contamfilter0.2.vcf
    jobid: 38
    wildcards: PATH=/home/arthur/Bureau/postdocs/isem/hybscan/data/SRR5437981.fastp.megahit.phyluce.bwa.fastp.freebayes.filter, ALTPROB=0.2


[Mon Mar 28 11:47:26 2022]
rule contamfilter_run:
    input: /home/arthur/Bureau/postdocs/isem/hybscan/data/SRR2184170.fastp.megahit.phyluce.bwa.fastp.freebayes.filter.vcf
    output: /home/arthur/Bureau/postdocs/isem/hybscan/data/SRR2184170.fastp.megahit.phyluce.bwa.fastp.freebayes.filter.contamfilter0.2.vcf
    jobid: 40
    wildcards: PATH=/home/arthur/Bureau/postdocs/isem/hybscan/data/SRR2184170.fastp.megahit.phyluce.bwa.fastp.freebayes.filter, ALTPROB=0.2


[Mon Mar 28 11:47:26 2022]
rule het_sites_count_run:
    input: /home/arthur/Bureau/postdocs/isem/hybscan/data/SRR2184170.fastp.megahit.phyluce.bwa.fastp.freebayes.filter.contamfilter0.05.vcf
    output: /home/arthur/Bureau/postdocs/isem/hybscan/data/SRR2184170.fastp.megahit.phyluce.bwa.fastp.freebayes.filter.contamfilter0.05.het.counts.txt
    jobid: 32
    wildcards: PATH=/home/arthur/Bureau/postdocs/isem/hybscan/data/SRR2184170.fastp.megahit.phyluce.bwa.fastp.freebayes.filter.contamfilter0.05


[Mon Mar 28 11:47:26 2022]
rule het_sites_count_run:
    input: /home/arthur/Bureau/postdocs/isem/hybscan/data/SRR5437981.fastp.megahit.phyluce.bwa.fastp.freebayes.filter.contamfilter0.05.vcf
    output: /home/arthur/Bureau/postdocs/isem/hybscan/data/SRR5437981.fastp.megahit.phyluce.bwa.fastp.freebayes.filter.contamfilter0.05.het.counts.txt
    jobid: 31
    wildcards: PATH=/home/arthur/Bureau/postdocs/isem/hybscan/data/SRR5437981.fastp.megahit.phyluce.bwa.fastp.freebayes.filter.contamfilter0.05


[Mon Mar 28 11:47:26 2022]
rule contamfilter_run:
    input: /home/arthur/Bureau/postdocs/isem/hybscan/data/SRR2184169.fastp.megahit.phyluce.bwa.fastp.freebayes.filter.vcf
    output: /home/arthur/Bureau/postdocs/isem/hybscan/data/SRR2184169.fastp.megahit.phyluce.bwa.fastp.freebayes.filter.contamfilter0.2.vcf
    jobid: 39
    wildcards: PATH=/home/arthur/Bureau/postdocs/isem/hybscan/data/SRR2184169.fastp.megahit.phyluce.bwa.fastp.freebayes.filter, ALTPROB=0.2


[Mon Mar 28 11:47:26 2022]
rule het_sites_count_run:
    input: /home/arthur/Bureau/postdocs/isem/hybscan/data/SRR2184169.fastp.megahit.phyluce.bwa.fastp.freebayes.filter.contamfilter0.1.vcf
    output: /home/arthur/Bureau/postdocs/isem/hybscan/data/SRR2184169.fastp.megahit.phyluce.bwa.fastp.freebayes.filter.contamfilter0.1.het.counts.txt
    jobid: 34
    wildcards: PATH=/home/arthur/Bureau/postdocs/isem/hybscan/data/SRR2184169.fastp.megahit.phyluce.bwa.fastp.freebayes.filter.contamfilter0.1

[Mon Mar 28 11:47:27 2022]
Finished job 33.
1 of 32 steps (3%) done

[Mon Mar 28 11:47:27 2022]
rule het_sites_count_run:
    input: /home/arthur/Bureau/postdocs/isem/hybscan/data/SRR2184170.fastp.megahit.phyluce.bwa.fastp.freebayes.filter.contamfilter0.1.vcf
    output: /home/arthur/Bureau/postdocs/isem/hybscan/data/SRR2184170.fastp.megahit.phyluce.bwa.fastp.freebayes.filter.contamfilter0.1.het.counts.txt
    jobid: 36
    wildcards: PATH=/home/arthur/Bureau/postdocs/isem/hybscan/data/SRR2184170.fastp.megahit.phyluce.bwa.fastp.freebayes.filter.contamfilter0.1

[Mon Mar 28 11:47:27 2022]
Finished job 37.
2 of 32 steps (6%) done

[Mon Mar 28 11:47:27 2022]
rule contamfilter_run:
    input: /home/arthur/Bureau/postdocs/isem/hybscan/data/SRR2184168.fastp.megahit.phyluce.bwa.fastp.freebayes.filter.vcf
    output: /home/arthur/Bureau/postdocs/isem/hybscan/data/SRR2184168.fastp.megahit.phyluce.bwa.fastp.freebayes.filter.contamfilter0.2.vcf
    jobid: 41
    wildcards: PATH=/home/arthur/Bureau/postdocs/isem/hybscan/data/SRR2184168.fastp.megahit.phyluce.bwa.fastp.freebayes.filter, ALTPROB=0.2

[Mon Mar 28 11:47:27 2022]
Finished job 32.
3 of 32 steps (9%) done
[Mon Mar 28 11:47:27 2022]
Finished job 40.
4 of 32 steps (12%) done
[Mon Mar 28 11:47:27 2022]
Finished job 34.
5 of 32 steps (16%) done
[Mon Mar 28 11:47:27 2022]
Finished job 31.
6 of 32 steps (19%) done

[Mon Mar 28 11:47:27 2022]
rule het_sites_count_run:
    input: /home/arthur/Bureau/postdocs/isem/hybscan/data/SRR2184168.fastp.megahit.phyluce.bwa.fastp.freebayes.filter.contamfilter0.05.vcf
    output: /home/arthur/Bureau/postdocs/isem/hybscan/data/SRR2184168.fastp.megahit.phyluce.bwa.fastp.freebayes.filter.contamfilter0.05.het.counts.txt
    jobid: 30
    wildcards: PATH=/home/arthur/Bureau/postdocs/isem/hybscan/data/SRR2184168.fastp.megahit.phyluce.bwa.fastp.freebayes.filter.contamfilter0.05


[Mon Mar 28 11:47:27 2022]
rule het_sites_count_run:
    input: /home/arthur/Bureau/postdocs/isem/hybscan/data/SRR2184170.fastp.megahit.phyluce.bwa.fastp.freebayes.filter.contamfilter0.2.vcf
    output: /home/arthur/Bureau/postdocs/isem/hybscan/data/SRR2184170.fastp.megahit.phyluce.bwa.fastp.freebayes.filter.contamfilter0.2.het.counts.txt
    jobid: 24
    wildcards: PATH=/home/arthur/Bureau/postdocs/isem/hybscan/data/SRR2184170.fastp.megahit.phyluce.bwa.fastp.freebayes.filter.contamfilter0.2


[Mon Mar 28 11:47:27 2022]
rule divergence_estimations_run:
    input: /home/arthur/Bureau/postdocs/isem/hybscan/pipeline/tools/divergence_model.rds, /home/arthur/Bureau/postdocs/isem/hybscan/data/SRR2184169.fastp.megahit.phyluce.bwa.fastp.freebayes.filter.contamfilter0.05.het.counts.txt
    output: /home/arthur/Bureau/postdocs/isem/hybscan/data/SRR2184169.fastp.megahit.phyluce.bwa.fastp.freebayes.filter.contamfilter0.05.het.divestim.txt, /home/arthur/Bureau/postdocs/isem/hybscan/data/SRR2184169.fastp.megahit.phyluce.bwa.fastp.freebayes.filter.contamfilter0.05.het.divposterior.txt
    jobid: 16
    wildcards: PATH=/home/arthur/Bureau/postdocs/isem/hybscan/data/SRR2184169.fastp.megahit.phyluce.bwa.fastp.freebayes.filter.contamfilter0.05.het
    threads: 2

[Mon Mar 28 11:47:27 2022]
Finished job 41.
7 of 32 steps (22%) done

[Mon Mar 28 11:47:27 2022]
rule het_sites_count_run:
    input: /home/arthur/Bureau/postdocs/isem/hybscan/data/SRR2184168.fastp.megahit.phyluce.bwa.fastp.freebayes.filter.contamfilter0.1.vcf
    output: /home/arthur/Bureau/postdocs/isem/hybscan/data/SRR2184168.fastp.megahit.phyluce.bwa.fastp.freebayes.filter.contamfilter0.1.het.counts.txt
    jobid: 35
    wildcards: PATH=/home/arthur/Bureau/postdocs/isem/hybscan/data/SRR2184168.fastp.megahit.phyluce.bwa.fastp.freebayes.filter.contamfilter0.1

[Mon Mar 28 11:47:27 2022]
Finished job 36.
8 of 32 steps (25%) done

[Mon Mar 28 11:47:27 2022]
rule het_sites_count_run:
    input: /home/arthur/Bureau/postdocs/isem/hybscan/data/SRR2184168.fastp.megahit.phyluce.bwa.fastp.freebayes.filter.contamfilter0.2.vcf
    output: /home/arthur/Bureau/postdocs/isem/hybscan/data/SRR2184168.fastp.megahit.phyluce.bwa.fastp.freebayes.filter.contamfilter0.2.het.counts.txt
    jobid: 25
    wildcards: PATH=/home/arthur/Bureau/postdocs/isem/hybscan/data/SRR2184168.fastp.megahit.phyluce.bwa.fastp.freebayes.filter.contamfilter0.2

[Mon Mar 28 11:47:28 2022]
Finished job 30.
9 of 32 steps (28%) done
[Mon Mar 28 11:47:28 2022]
Finished job 39.
10 of 32 steps (31%) done

[Mon Mar 28 11:47:28 2022]
rule divergence_estimations_run:
    input: /home/arthur/Bureau/postdocs/isem/hybscan/pipeline/tools/divergence_model.rds, /home/arthur/Bureau/postdocs/isem/hybscan/data/SRR2184169.fastp.megahit.phyluce.bwa.fastp.freebayes.filter.contamfilter0.1.het.counts.txt
    output: /home/arthur/Bureau/postdocs/isem/hybscan/data/SRR2184169.fastp.megahit.phyluce.bwa.fastp.freebayes.filter.contamfilter0.1.het.divestim.txt, /home/arthur/Bureau/postdocs/isem/hybscan/data/SRR2184169.fastp.megahit.phyluce.bwa.fastp.freebayes.filter.contamfilter0.1.het.divposterior.txt
    jobid: 17
    wildcards: PATH=/home/arthur/Bureau/postdocs/isem/hybscan/data/SRR2184169.fastp.megahit.phyluce.bwa.fastp.freebayes.filter.contamfilter0.1.het
    threads: 2

[Mon Mar 28 11:47:28 2022]
Finished job 24.
11 of 32 steps (34%) done

[Mon Mar 28 11:47:28 2022]
rule het_sites_count_run:
    input: /home/arthur/Bureau/postdocs/isem/hybscan/data/SRR2184169.fastp.megahit.phyluce.bwa.fastp.freebayes.filter.contamfilter0.2.vcf
    output: /home/arthur/Bureau/postdocs/isem/hybscan/data/SRR2184169.fastp.megahit.phyluce.bwa.fastp.freebayes.filter.contamfilter0.2.het.counts.txt
    jobid: 23
    wildcards: PATH=/home/arthur/Bureau/postdocs/isem/hybscan/data/SRR2184169.fastp.megahit.phyluce.bwa.fastp.freebayes.filter.contamfilter0.2

[Mon Mar 28 11:47:28 2022]
Finished job 25.
12 of 32 steps (38%) done
[Mon Mar 28 11:47:28 2022]
Finished job 35.
13 of 32 steps (41%) done

[Mon Mar 28 11:47:28 2022]
rule divergence_estimations_run:
    input: /home/arthur/Bureau/postdocs/isem/hybscan/pipeline/tools/divergence_model.rds, /home/arthur/Bureau/postdocs/isem/hybscan/data/SRR5437981.fastp.megahit.phyluce.bwa.fastp.freebayes.filter.contamfilter0.05.het.counts.txt
    output: /home/arthur/Bureau/postdocs/isem/hybscan/data/SRR5437981.fastp.megahit.phyluce.bwa.fastp.freebayes.filter.contamfilter0.05.het.divestim.txt, /home/arthur/Bureau/postdocs/isem/hybscan/data/SRR5437981.fastp.megahit.phyluce.bwa.fastp.freebayes.filter.contamfilter0.05.het.divposterior.txt
    jobid: 14
    wildcards: PATH=/home/arthur/Bureau/postdocs/isem/hybscan/data/SRR5437981.fastp.megahit.phyluce.bwa.fastp.freebayes.filter.contamfilter0.05.het
    threads: 2

[Mon Mar 28 11:47:28 2022]
Finished job 23.
14 of 32 steps (44%) done
[Mon Mar 28 11:47:29 2022]
Finished job 38.
15 of 32 steps (47%) done

[Mon Mar 28 11:47:29 2022]
rule divergence_estimations_run:
    input: /home/arthur/Bureau/postdocs/isem/hybscan/pipeline/tools/divergence_model.rds, /home/arthur/Bureau/postdocs/isem/hybscan/data/SRR2184169.fastp.megahit.phyluce.bwa.fastp.freebayes.filter.contamfilter0.2.het.counts.txt
    output: /home/arthur/Bureau/postdocs/isem/hybscan/data/SRR2184169.fastp.megahit.phyluce.bwa.fastp.freebayes.filter.contamfilter0.2.het.divestim.txt, /home/arthur/Bureau/postdocs/isem/hybscan/data/SRR2184169.fastp.megahit.phyluce.bwa.fastp.freebayes.filter.contamfilter0.2.het.divposterior.txt
    jobid: 6
    wildcards: PATH=/home/arthur/Bureau/postdocs/isem/hybscan/data/SRR2184169.fastp.megahit.phyluce.bwa.fastp.freebayes.filter.contamfilter0.2.het
    threads: 2

[Mon Mar 28 11:48:54 2022]
Finished job 6.
16 of 32 steps (50%) done

[Mon Mar 28 11:48:54 2022]
rule divergence_estimations_run:
    input: /home/arthur/Bureau/postdocs/isem/hybscan/pipeline/tools/divergence_model.rds, /home/arthur/Bureau/postdocs/isem/hybscan/data/SRR5437981.fastp.megahit.phyluce.bwa.fastp.freebayes.filter.contamfilter0.1.het.counts.txt
    output: /home/arthur/Bureau/postdocs/isem/hybscan/data/SRR5437981.fastp.megahit.phyluce.bwa.fastp.freebayes.filter.contamfilter0.1.het.divestim.txt, /home/arthur/Bureau/postdocs/isem/hybscan/data/SRR5437981.fastp.megahit.phyluce.bwa.fastp.freebayes.filter.contamfilter0.1.het.divposterior.txt
    jobid: 20
    wildcards: PATH=/home/arthur/Bureau/postdocs/isem/hybscan/data/SRR5437981.fastp.megahit.phyluce.bwa.fastp.freebayes.filter.contamfilter0.1.het
    threads: 2

[Mon Mar 28 11:48:56 2022]
Finished job 16.
17 of 32 steps (53%) done

[Mon Mar 28 11:48:56 2022]
rule divergence_estimations_run:
    input: /home/arthur/Bureau/postdocs/isem/hybscan/pipeline/tools/divergence_model.rds, /home/arthur/Bureau/postdocs/isem/hybscan/data/SRR2184170.fastp.megahit.phyluce.bwa.fastp.freebayes.filter.contamfilter0.05.het.counts.txt
    output: /home/arthur/Bureau/postdocs/isem/hybscan/data/SRR2184170.fastp.megahit.phyluce.bwa.fastp.freebayes.filter.contamfilter0.05.het.divestim.txt, /home/arthur/Bureau/postdocs/isem/hybscan/data/SRR2184170.fastp.megahit.phyluce.bwa.fastp.freebayes.filter.contamfilter0.05.het.divposterior.txt
    jobid: 15
    wildcards: PATH=/home/arthur/Bureau/postdocs/isem/hybscan/data/SRR2184170.fastp.megahit.phyluce.bwa.fastp.freebayes.filter.contamfilter0.05.het
    threads: 2

[Mon Mar 28 11:48:59 2022]
Finished job 17.
18 of 32 steps (56%) done

[Mon Mar 28 11:48:59 2022]
rule divergence_estimations_run:
    input: /home/arthur/Bureau/postdocs/isem/hybscan/pipeline/tools/divergence_model.rds, /home/arthur/Bureau/postdocs/isem/hybscan/data/SRR2184170.fastp.megahit.phyluce.bwa.fastp.freebayes.filter.contamfilter0.2.het.counts.txt
    output: /home/arthur/Bureau/postdocs/isem/hybscan/data/SRR2184170.fastp.megahit.phyluce.bwa.fastp.freebayes.filter.contamfilter0.2.het.divestim.txt, /home/arthur/Bureau/postdocs/isem/hybscan/data/SRR2184170.fastp.megahit.phyluce.bwa.fastp.freebayes.filter.contamfilter0.2.het.divposterior.txt
    jobid: 7
    wildcards: PATH=/home/arthur/Bureau/postdocs/isem/hybscan/data/SRR2184170.fastp.megahit.phyluce.bwa.fastp.freebayes.filter.contamfilter0.2.het
    threads: 2

[Mon Mar 28 11:49:07 2022]
Finished job 14.
19 of 32 steps (59%) done

[Mon Mar 28 11:49:07 2022]
rule divergence_estimations_run:
    input: /home/arthur/Bureau/postdocs/isem/hybscan/pipeline/tools/divergence_model.rds, /home/arthur/Bureau/postdocs/isem/hybscan/data/SRR2184170.fastp.megahit.phyluce.bwa.fastp.freebayes.filter.contamfilter0.1.het.counts.txt
    output: /home/arthur/Bureau/postdocs/isem/hybscan/data/SRR2184170.fastp.megahit.phyluce.bwa.fastp.freebayes.filter.contamfilter0.1.het.divestim.txt, /home/arthur/Bureau/postdocs/isem/hybscan/data/SRR2184170.fastp.megahit.phyluce.bwa.fastp.freebayes.filter.contamfilter0.1.het.divposterior.txt
    jobid: 19
    wildcards: PATH=/home/arthur/Bureau/postdocs/isem/hybscan/data/SRR2184170.fastp.megahit.phyluce.bwa.fastp.freebayes.filter.contamfilter0.1.het
    threads: 2

[Mon Mar 28 11:50:16 2022]
Finished job 15.
20 of 32 steps (62%) done

[Mon Mar 28 11:50:16 2022]
rule divergence_estimations_run:
    input: /home/arthur/Bureau/postdocs/isem/hybscan/pipeline/tools/divergence_model.rds, /home/arthur/Bureau/postdocs/isem/hybscan/data/SRR2184168.fastp.megahit.phyluce.bwa.fastp.freebayes.filter.contamfilter0.05.het.counts.txt
    output: /home/arthur/Bureau/postdocs/isem/hybscan/data/SRR2184168.fastp.megahit.phyluce.bwa.fastp.freebayes.filter.contamfilter0.05.het.divestim.txt, /home/arthur/Bureau/postdocs/isem/hybscan/data/SRR2184168.fastp.megahit.phyluce.bwa.fastp.freebayes.filter.contamfilter0.05.het.divposterior.txt
    jobid: 13
    wildcards: PATH=/home/arthur/Bureau/postdocs/isem/hybscan/data/SRR2184168.fastp.megahit.phyluce.bwa.fastp.freebayes.filter.contamfilter0.05.het
    threads: 2

[Mon Mar 28 11:50:25 2022]
Finished job 7.
21 of 32 steps (66%) done

[Mon Mar 28 11:50:25 2022]
rule divergence_estimations_run:
    input: /home/arthur/Bureau/postdocs/isem/hybscan/pipeline/tools/divergence_model.rds, /home/arthur/Bureau/postdocs/isem/hybscan/data/SRR2184168.fastp.megahit.phyluce.bwa.fastp.freebayes.filter.contamfilter0.2.het.counts.txt
    output: /home/arthur/Bureau/postdocs/isem/hybscan/data/SRR2184168.fastp.megahit.phyluce.bwa.fastp.freebayes.filter.contamfilter0.2.het.divestim.txt, /home/arthur/Bureau/postdocs/isem/hybscan/data/SRR2184168.fastp.megahit.phyluce.bwa.fastp.freebayes.filter.contamfilter0.2.het.divposterior.txt
    jobid: 8
    wildcards: PATH=/home/arthur/Bureau/postdocs/isem/hybscan/data/SRR2184168.fastp.megahit.phyluce.bwa.fastp.freebayes.filter.contamfilter0.2.het
    threads: 2

[Mon Mar 28 11:50:33 2022]
Finished job 20.
22 of 32 steps (69%) done

[Mon Mar 28 11:50:33 2022]
rule divergence_estimations_run:
    input: /home/arthur/Bureau/postdocs/isem/hybscan/pipeline/tools/divergence_model.rds, /home/arthur/Bureau/postdocs/isem/hybscan/data/SRR2184168.fastp.megahit.phyluce.bwa.fastp.freebayes.filter.contamfilter0.1.het.counts.txt
    output: /home/arthur/Bureau/postdocs/isem/hybscan/data/SRR2184168.fastp.megahit.phyluce.bwa.fastp.freebayes.filter.contamfilter0.1.het.divestim.txt, /home/arthur/Bureau/postdocs/isem/hybscan/data/SRR2184168.fastp.megahit.phyluce.bwa.fastp.freebayes.filter.contamfilter0.1.het.divposterior.txt
    jobid: 18
    wildcards: PATH=/home/arthur/Bureau/postdocs/isem/hybscan/data/SRR2184168.fastp.megahit.phyluce.bwa.fastp.freebayes.filter.contamfilter0.1.het
    threads: 2

[Mon Mar 28 11:50:35 2022]
Finished job 19.
23 of 32 steps (72%) done

[Mon Mar 28 11:50:35 2022]
rule het_sites_count_run:
    input: /home/arthur/Bureau/postdocs/isem/hybscan/data/SRR5437981.fastp.megahit.phyluce.bwa.fastp.freebayes.filter.contamfilter0.2.vcf
    output: /home/arthur/Bureau/postdocs/isem/hybscan/data/SRR5437981.fastp.megahit.phyluce.bwa.fastp.freebayes.filter.contamfilter0.2.het.counts.txt
    jobid: 21
    wildcards: PATH=/home/arthur/Bureau/postdocs/isem/hybscan/data/SRR5437981.fastp.megahit.phyluce.bwa.fastp.freebayes.filter.contamfilter0.2

[Mon Mar 28 11:50:35 2022]
Finished job 21.
24 of 32 steps (75%) done

[Mon Mar 28 11:50:35 2022]
rule divergence_estimations_run:
    input: /home/arthur/Bureau/postdocs/isem/hybscan/pipeline/tools/divergence_model.rds, /home/arthur/Bureau/postdocs/isem/hybscan/data/SRR5437981.fastp.megahit.phyluce.bwa.fastp.freebayes.filter.contamfilter0.2.het.counts.txt
    output: /home/arthur/Bureau/postdocs/isem/hybscan/data/SRR5437981.fastp.megahit.phyluce.bwa.fastp.freebayes.filter.contamfilter0.2.het.divestim.txt, /home/arthur/Bureau/postdocs/isem/hybscan/data/SRR5437981.fastp.megahit.phyluce.bwa.fastp.freebayes.filter.contamfilter0.2.het.divposterior.txt
    jobid: 5
    wildcards: PATH=/home/arthur/Bureau/postdocs/isem/hybscan/data/SRR5437981.fastp.megahit.phyluce.bwa.fastp.freebayes.filter.contamfilter0.2.het
    threads: 2

[Mon Mar 28 11:51:18 2022]
Finished job 13.
25 of 32 steps (78%) done

[Mon Mar 28 11:51:18 2022]
rule divergence_estimations_gather:
    input: /home/arthur/Bureau/postdocs/isem/hybscan/data/SRR5437981.fastp.megahit.phyluce.bwa.fastp.freebayes.filter.contamfilter0.05.het.divestim.txt, /home/arthur/Bureau/postdocs/isem/hybscan/data/SRR2184168.fastp.megahit.phyluce.bwa.fastp.freebayes.filter.contamfilter0.05.het.divestim.txt, /home/arthur/Bureau/postdocs/isem/hybscan/data/SRR2184170.fastp.megahit.phyluce.bwa.fastp.freebayes.filter.contamfilter0.05.het.divestim.txt, /home/arthur/Bureau/postdocs/isem/hybscan/data/SRR2184169.fastp.megahit.phyluce.bwa.fastp.freebayes.filter.contamfilter0.05.het.divestim.txt
    output: /home/arthur/Bureau/postdocs/isem/hybscan/data/test.fastp.megahit.phyluce.bwa.fastp.freebayes.filter.contamfilter0.05.het.divestim.gathered.txt
    jobid: 3
    wildcards: PATH=/home/arthur/Bureau/postdocs/isem/hybscan/data, GRP=test, EXT=.fastp.megahit.phyluce.bwa.fastp.freebayes.filter.contamfilter0.05.het.divestim.

[Mon Mar 28 11:51:18 2022]
Finished job 3.
26 of 32 steps (81%) done
[Mon Mar 28 11:51:25 2022]
Finished job 8.
27 of 32 steps (84%) done
[Mon Mar 28 11:51:38 2022]
Finished job 18.
28 of 32 steps (88%) done

[Mon Mar 28 11:51:38 2022]
rule divergence_estimations_gather:
    input: /home/arthur/Bureau/postdocs/isem/hybscan/data/SRR5437981.fastp.megahit.phyluce.bwa.fastp.freebayes.filter.contamfilter0.1.het.divestim.txt, /home/arthur/Bureau/postdocs/isem/hybscan/data/SRR2184168.fastp.megahit.phyluce.bwa.fastp.freebayes.filter.contamfilter0.1.het.divestim.txt, /home/arthur/Bureau/postdocs/isem/hybscan/data/SRR2184170.fastp.megahit.phyluce.bwa.fastp.freebayes.filter.contamfilter0.1.het.divestim.txt, /home/arthur/Bureau/postdocs/isem/hybscan/data/SRR2184169.fastp.megahit.phyluce.bwa.fastp.freebayes.filter.contamfilter0.1.het.divestim.txt
    output: /home/arthur/Bureau/postdocs/isem/hybscan/data/test.fastp.megahit.phyluce.bwa.fastp.freebayes.filter.contamfilter0.1.het.divestim.gathered.txt
    jobid: 4
    wildcards: PATH=/home/arthur/Bureau/postdocs/isem/hybscan/data, GRP=test, EXT=.fastp.megahit.phyluce.bwa.fastp.freebayes.filter.contamfilter0.1.het.divestim.

[Mon Mar 28 11:51:38 2022]
Finished job 4.
29 of 32 steps (91%) done
[Mon Mar 28 11:51:55 2022]
Finished job 5.
30 of 32 steps (94%) done

[Mon Mar 28 11:51:55 2022]
rule divergence_estimations_gather:
    input: /home/arthur/Bureau/postdocs/isem/hybscan/data/SRR5437981.fastp.megahit.phyluce.bwa.fastp.freebayes.filter.contamfilter0.2.het.divestim.txt, /home/arthur/Bureau/postdocs/isem/hybscan/data/SRR2184168.fastp.megahit.phyluce.bwa.fastp.freebayes.filter.contamfilter0.2.het.divestim.txt, /home/arthur/Bureau/postdocs/isem/hybscan/data/SRR2184170.fastp.megahit.phyluce.bwa.fastp.freebayes.filter.contamfilter0.2.het.divestim.txt, /home/arthur/Bureau/postdocs/isem/hybscan/data/SRR2184169.fastp.megahit.phyluce.bwa.fastp.freebayes.filter.contamfilter0.2.het.divestim.txt
    output: /home/arthur/Bureau/postdocs/isem/hybscan/data/test.fastp.megahit.phyluce.bwa.fastp.freebayes.filter.contamfilter0.2.het.divestim.gathered.txt
    jobid: 1
    wildcards: PATH=/home/arthur/Bureau/postdocs/isem/hybscan/data, GRP=test, EXT=.fastp.megahit.phyluce.bwa.fastp.freebayes.filter.contamfilter0.2.het.divestim.

[Mon Mar 28 11:51:55 2022]
Finished job 1.
31 of 32 steps (97%) done

[Mon Mar 28 11:51:55 2022]
localrule all:
    input: /home/arthur/Bureau/postdocs/isem/hybscan/data/test.fastp.megahit.phyluce.bwa.fastp.angsd.divestim.gathered.txt, /home/arthur/Bureau/postdocs/isem/hybscan/data/test.fastp.megahit.phyluce.bwa.fastp.freebayes.filter.contamfilter0.05.het.divestim.gathered.txt, /home/arthur/Bureau/postdocs/isem/hybscan/data/test.fastp.megahit.phyluce.bwa.fastp.freebayes.filter.contamfilter0.1.het.divestim.gathered.txt, /home/arthur/Bureau/postdocs/isem/hybscan/data/test.fastp.megahit.phyluce.bwa.fastp.freebayes.filter.contamfilter0.2.het.divestim.gathered.txt
    jobid: 0

[Mon Mar 28 11:51:55 2022]
Finished job 0.
32 of 32 steps (100%) done
Complete log: /home/arthur/Bureau/postdocs/isem/hybscan/pipeline/.snakemake/log/2022-03-28T114726.420556.snakemake.log
