Building DAG of jobs...
Using shell: /usr/bin/bash
Provided cores: 1
Rules claiming more threads will be scaled down.
Job counts:
	count	jobs
	1	all
	1	angsd_run
	1	samtools_bam_index
	1	samtools_fasta_index
	4

[Wed Mar 23 18:15:09 2022]
rule samtools_bam_index:
    input: /home/arthur/Bureau/postdocs/isem/hybscan/data/SRR5437981.fastp.megahit.phyluce.bwa.fastp.bam
    output: /home/arthur/Bureau/postdocs/isem/hybscan/data/SRR5437981.fastp.megahit.phyluce.bwa.fastp.bam.bai
    jobid: 3
    wildcards: PATH=/home/arthur/Bureau/postdocs/isem/hybscan/data/SRR5437981.fastp.megahit.phyluce.bwa.fastp

[Wed Mar 23 18:15:10 2022]
Finished job 3.
1 of 4 steps (25%) done

[Wed Mar 23 18:15:10 2022]
rule samtools_fasta_index:
    input: /home/arthur/Bureau/postdocs/isem/hybscan/data/SRR5437981.fastp.megahit.phyluce.fasta
    output: /home/arthur/Bureau/postdocs/isem/hybscan/data/SRR5437981.fastp.megahit.phyluce.fasta.fai
    jobid: 2
    wildcards: PATH=/home/arthur/Bureau/postdocs/isem/hybscan/data/SRR5437981.fastp.megahit.phyluce

[Wed Mar 23 18:15:10 2022]
Finished job 2.
2 of 4 steps (50%) done

[Wed Mar 23 18:15:10 2022]
rule angsd_run:
    input: /home/arthur/Bureau/postdocs/isem/hybscan/data/SRR5437981.fastp.megahit.phyluce.bwa.fastp.bam, /home/arthur/Bureau/postdocs/isem/hybscan/data/SRR5437981.fastp.megahit.phyluce.bwa.fastp.bam.bai, /home/arthur/Bureau/postdocs/isem/hybscan/data/SRR5437981.fastp.megahit.phyluce.fasta, /home/arthur/Bureau/postdocs/isem/hybscan/data/SRR5437981.fastp.megahit.phyluce.fasta.fai
    output: /home/arthur/Bureau/postdocs/isem/hybscan/data/SRR5437981.fastp.megahit.phyluce.bwa.fastp.angsd.bamlist, /home/arthur/Bureau/postdocs/isem/hybscan/data/SRR5437981.fastp.megahit.phyluce.bwa.fastp.angsd.saf.idx, /home/arthur/Bureau/postdocs/isem/hybscan/data/SRR5437981.fastp.megahit.phyluce.bwa.fastp.angsd.saf.pos.gz, /home/arthur/Bureau/postdocs/isem/hybscan/data/SRR5437981.fastp.megahit.phyluce.bwa.fastp.angsd.saf.gz, /home/arthur/Bureau/postdocs/isem/hybscan/data/SRR5437981.fastp.megahit.phyluce.bwa.fastp.angsd.sfs, /home/arthur/Bureau/postdocs/isem/hybscan/data/SRR5437981.fastp.megahit.phyluce.bwa.fastp.angsd.thetas.idx, /home/arthur/Bureau/postdocs/isem/hybscan/data/SRR5437981.fastp.megahit.phyluce.bwa.fastp.angsd.thetas.gz, /home/arthur/Bureau/postdocs/isem/hybscan/data/SRR5437981.fastp.megahit.phyluce.bwa.fastp.angsd.thetas.idx.pestPG, /home/arthur/Bureau/postdocs/isem/hybscan/data/SRR5437981.fastp.megahit.phyluce.bwa.fastp.angsd.arg, /home/arthur/Bureau/postdocs/isem/hybscan/data/SRR5437981.fastp.megahit.phyluce.bwa.fastp.angsd.stats.txt, /home/arthur/Bureau/postdocs/isem/hybscan/data/SRR5437981.fastp.megahit.phyluce.bwa.fastp.angsd.counts.txt
    jobid: 1
    wildcards: PATH=/home/arthur/Bureau/postdocs/isem/hybscan/data, ID=SRR5437981, EXT=.fastp.megahit.phyluce., EXT2=.fastp.

Removing temporary output file /home/arthur/Bureau/postdocs/isem/hybscan/data/SRR5437981.fastp.megahit.phyluce.fasta.fai.
Removing temporary output file /home/arthur/Bureau/postdocs/isem/hybscan/data/SRR5437981.fastp.megahit.phyluce.bwa.fastp.bam.bai.
Removing temporary output file /home/arthur/Bureau/postdocs/isem/hybscan/data/SRR5437981.fastp.megahit.phyluce.bwa.fastp.angsd.bamlist.
Removing temporary output file /home/arthur/Bureau/postdocs/isem/hybscan/data/SRR5437981.fastp.megahit.phyluce.bwa.fastp.angsd.saf.idx.
Removing temporary output file /home/arthur/Bureau/postdocs/isem/hybscan/data/SRR5437981.fastp.megahit.phyluce.bwa.fastp.angsd.saf.pos.gz.
Removing temporary output file /home/arthur/Bureau/postdocs/isem/hybscan/data/SRR5437981.fastp.megahit.phyluce.bwa.fastp.angsd.saf.gz.
Removing temporary output file /home/arthur/Bureau/postdocs/isem/hybscan/data/SRR5437981.fastp.megahit.phyluce.bwa.fastp.angsd.sfs.
Removing temporary output file /home/arthur/Bureau/postdocs/isem/hybscan/data/SRR5437981.fastp.megahit.phyluce.bwa.fastp.angsd.thetas.idx.
Removing temporary output file /home/arthur/Bureau/postdocs/isem/hybscan/data/SRR5437981.fastp.megahit.phyluce.bwa.fastp.angsd.thetas.gz.
Removing temporary output file /home/arthur/Bureau/postdocs/isem/hybscan/data/SRR5437981.fastp.megahit.phyluce.bwa.fastp.angsd.thetas.idx.pestPG.
Removing temporary output file /home/arthur/Bureau/postdocs/isem/hybscan/data/SRR5437981.fastp.megahit.phyluce.bwa.fastp.angsd.arg.
[Wed Mar 23 18:15:19 2022]
Finished job 1.
3 of 4 steps (75%) done

[Wed Mar 23 18:15:19 2022]
localrule all:
    input: /home/arthur/Bureau/postdocs/isem/hybscan/data/SRR5437981.fastp.megahit.phyluce.bwa.fastp.angsd.counts.txt
    jobid: 0

[Wed Mar 23 18:15:19 2022]
Finished job 0.
4 of 4 steps (100%) done
Complete log: /home/arthur/Bureau/postdocs/isem/hybscan/pipeline/.snakemake/log/2022-03-23T181509.801079.snakemake.log
