Building DAG of jobs...
Using shell: /usr/bin/bash
Provided cores: 1
Rules claiming more threads will be scaled down.
Job counts:
	count	jobs
	1	all
	1	test
	2

[Tue Mar 22 12:14:19 2022]
rule test:
    output: test.txt
    jobid: 1

[Tue Mar 22 12:14:19 2022]
Finished job 1.
1 of 2 steps (50%) done

[Tue Mar 22 12:14:19 2022]
localrule all:
    input: test.txt
    jobid: 0

[Tue Mar 22 12:14:19 2022]
Finished job 0.
2 of 2 steps (100%) done
Complete log: /home/arthur/Bureau/postdocs/isem/hybscan/pipeline/.snakemake/log/2022-03-22T121419.440499.snakemake.log
