Building DAG of jobs...
Job counts:
	count	jobs
	1	all
	1	angsd_run
	1	samtools_bam_index
	1	samtools_fasta_index
	4

[Wed Mar 23 18:14:53 2022]
rule samtools_bam_index:
    input: /home/arthur/Bureau/postdocs/isem/hybscan/data/SRR5437981.fastp.megahit.phyluce.bwa.fastp.bam
    output: /home/arthur/Bureau/postdocs/isem/hybscan/data/SRR5437981.fastp.megahit.phyluce.bwa.fastp.bam.bai
    jobid: 3
    wildcards: PATH=/home/arthur/Bureau/postdocs/isem/hybscan/data/SRR5437981.fastp.megahit.phyluce.bwa.fastp


[Wed Mar 23 18:14:53 2022]
rule samtools_fasta_index:
    input: /home/arthur/Bureau/postdocs/isem/hybscan/data/SRR5437981.fastp.megahit.phyluce.fasta
    output: /home/arthur/Bureau/postdocs/isem/hybscan/data/SRR5437981.fastp.megahit.phyluce.fasta.fai
    jobid: 2
    wildcards: PATH=/home/arthur/Bureau/postdocs/isem/hybscan/data/SRR5437981.fastp.megahit.phyluce


[Wed Mar 23 18:14:53 2022]
rule angsd_run:
    input: /home/arthur/Bureau/postdocs/isem/hybscan/data/SRR5437981.fastp.megahit.phyluce.bwa.fastp.bam, /home/arthur/Bureau/postdocs/isem/hybscan/data/SRR5437981.fastp.megahit.phyluce.bwa.fastp.bam.bai, /home/arthur/Bureau/postdocs/isem/hybscan/data/SRR5437981.fastp.megahit.phyluce.fasta, /home/arthur/Bureau/postdocs/isem/hybscan/data/SRR5437981.fastp.megahit.phyluce.fasta.fai
    output: /home/arthur/Bureau/postdocs/isem/hybscan/data/SRR5437981.fastp.megahit.phyluce.bwa.fastp.angsd.bamlist, /home/arthur/Bureau/postdocs/isem/hybscan/data/SRR5437981.fastp.megahit.phyluce.bwa.fastp.angsd.saf.idx, /home/arthur/Bureau/postdocs/isem/hybscan/data/SRR5437981.fastp.megahit.phyluce.bwa.fastp.angsd.saf.pos.gz, /home/arthur/Bureau/postdocs/isem/hybscan/data/SRR5437981.fastp.megahit.phyluce.bwa.fastp.angsd.saf.gz, /home/arthur/Bureau/postdocs/isem/hybscan/data/SRR5437981.fastp.megahit.phyluce.bwa.fastp.angsd.sfs, /home/arthur/Bureau/postdocs/isem/hybscan/data/SRR5437981.fastp.megahit.phyluce.bwa.fastp.angsd.thetas.idx, /home/arthur/Bureau/postdocs/isem/hybscan/data/SRR5437981.fastp.megahit.phyluce.bwa.fastp.angsd.thetas.gz, /home/arthur/Bureau/postdocs/isem/hybscan/data/SRR5437981.fastp.megahit.phyluce.bwa.fastp.angsd.thetas.idx.pestPG, /home/arthur/Bureau/postdocs/isem/hybscan/data/SRR5437981.fastp.megahit.phyluce.bwa.fastp.angsd.arg, /home/arthur/Bureau/postdocs/isem/hybscan/data/SRR5437981.fastp.megahit.phyluce.bwa.fastp.angsd.stats.txt, /home/arthur/Bureau/postdocs/isem/hybscan/data/SRR5437981.fastp.megahit.phyluce.bwa.fastp.angsd.counts.txt
    jobid: 1
    wildcards: PATH=/home/arthur/Bureau/postdocs/isem/hybscan/data, ID=SRR5437981, EXT=.fastp.megahit.phyluce., EXT2=.fastp.

RuleException in line 207 of /home/arthur/Bureau/postdocs/isem/hybscan/pipeline/Snakefile:
'OutputFiles' object has no attribute 'resu'
