Building DAG of jobs...
Using shell: /usr/bin/bash
Provided cores: 8
Rules claiming more threads will be scaled down.
Job counts:
	count	jobs
	1	all
	2	fastp_pese_run
	1	fastp_se_run
	2	megahit_pese_run
	1	megahit_se_run
	7

[Wed Mar 23 13:12:27 2022]
rule fastp_pese_run:
    input: /home/arthur/Bureau/postdocs/isem/hybscan/data/SRR2184169_1.fastq.gz, /home/arthur/Bureau/postdocs/isem/hybscan/data/SRR2184169_2.fastq.gz, /home/arthur/Bureau/postdocs/isem/hybscan/data/SRR2184169.fastq.gz
    output: /home/arthur/Bureau/postdocs/isem/hybscan/data/SRR2184169_1.fastp.fastq.gz, /home/arthur/Bureau/postdocs/isem/hybscan/data/SRR2184169_2.fastp.fastq.gz, /home/arthur/Bureau/postdocs/isem/hybscan/data/SRR2184169.fastp.pe.fastq.gz, /home/arthur/Bureau/postdocs/isem/hybscan/data/SRR2184169.fastp.se.fastq.gz, /home/arthur/Bureau/postdocs/isem/hybscan/data/SRR2184169.fastp.fastq.gz, /home/arthur/Bureau/postdocs/isem/hybscan/data/SRR2184169.fastp.pe.json, /home/arthur/Bureau/postdocs/isem/hybscan/data/SRR2184169.fastp.se.json, /home/arthur/Bureau/postdocs/isem/hybscan/data/SRR2184169.fastp.pe.html, /home/arthur/Bureau/postdocs/isem/hybscan/data/SRR2184169.fastp.se.html
    jobid: 7
    wildcards: PATH=/home/arthur/Bureau/postdocs/isem/hybscan/data, ID=SRR2184169, EXT=.
    threads: 4


[Wed Mar 23 13:12:27 2022]
rule fastp_pese_run:
    input: /home/arthur/Bureau/postdocs/isem/hybscan/data/SRR2184168_1.fastq.gz, /home/arthur/Bureau/postdocs/isem/hybscan/data/SRR2184168_2.fastq.gz, /home/arthur/Bureau/postdocs/isem/hybscan/data/SRR2184168.fastq.gz
    output: /home/arthur/Bureau/postdocs/isem/hybscan/data/SRR2184168_1.fastp.fastq.gz, /home/arthur/Bureau/postdocs/isem/hybscan/data/SRR2184168_2.fastp.fastq.gz, /home/arthur/Bureau/postdocs/isem/hybscan/data/SRR2184168.fastp.pe.fastq.gz, /home/arthur/Bureau/postdocs/isem/hybscan/data/SRR2184168.fastp.se.fastq.gz, /home/arthur/Bureau/postdocs/isem/hybscan/data/SRR2184168.fastp.fastq.gz, /home/arthur/Bureau/postdocs/isem/hybscan/data/SRR2184168.fastp.pe.json, /home/arthur/Bureau/postdocs/isem/hybscan/data/SRR2184168.fastp.se.json, /home/arthur/Bureau/postdocs/isem/hybscan/data/SRR2184168.fastp.pe.html, /home/arthur/Bureau/postdocs/isem/hybscan/data/SRR2184168.fastp.se.html
    jobid: 8
    wildcards: PATH=/home/arthur/Bureau/postdocs/isem/hybscan/data, ID=SRR2184168, EXT=.
    threads: 4

[Wed Mar 23 13:12:39 2022]
Error in rule fastp_pese_run:
    jobid: 7
    output: /home/arthur/Bureau/postdocs/isem/hybscan/data/SRR2184169_1.fastp.fastq.gz, /home/arthur/Bureau/postdocs/isem/hybscan/data/SRR2184169_2.fastp.fastq.gz, /home/arthur/Bureau/postdocs/isem/hybscan/data/SRR2184169.fastp.pe.fastq.gz, /home/arthur/Bureau/postdocs/isem/hybscan/data/SRR2184169.fastp.se.fastq.gz, /home/arthur/Bureau/postdocs/isem/hybscan/data/SRR2184169.fastp.fastq.gz, /home/arthur/Bureau/postdocs/isem/hybscan/data/SRR2184169.fastp.pe.json, /home/arthur/Bureau/postdocs/isem/hybscan/data/SRR2184169.fastp.se.json, /home/arthur/Bureau/postdocs/isem/hybscan/data/SRR2184169.fastp.pe.html, /home/arthur/Bureau/postdocs/isem/hybscan/data/SRR2184169.fastp.se.html

RuleException:
CalledProcessError in line 80 of /home/arthur/Bureau/postdocs/isem/hybscan/pipeline/Snakefile:
Command ' set -euo pipefail;  fastp -j /home/arthur/Bureau/postdocs/isem/hybscan/data/SRR2184169.fastp.pe.json -h /home/arthur/Bureau/postdocs/isem/hybscan/data/SRR2184169.fastp.pe.html -q 20 -u 70 -n 40 -l 40 -w 1 -c -i /home/arthur/Bureau/postdocs/isem/hybscan/data/SRR2184169_1.fastq.gz -I /home/arthur/Bureau/postdocs/isem/hybscan/data/SRR2184169_2.fastq.gz -o /home/arthur/Bureau/postdocs/isem/hybscan/data/SRR2184169_1.fastp.fastq.gz -O /home/arthur/Bureau/postdocs/isem/hybscan/data/SRR2184169_2.fastp.fastq.gz --unpaired1 /home/arthur/Bureau/postdocs/isem/hybscan/data/SRR2184169.fastp.pe.fastq.gz --unpaired2 /home/arthur/Bureau/postdocs/isem/hybscan/data/SRR2184169.fastp.pe.fastq.gz -w 4;fastp -j /home/arthur/Bureau/postdocs/isem/hybscan/data/SRR2184169.fastp.se.json -h /home/arthur/Bureau/postdocs/isem/hybscan/data/SRR2184169.fastp.se.html -q 20 -u 70 -n 40 -l 40 -w 1 -c -i /home/arthur/Bureau/postdocs/isem/hybscan/data/SRR2184169.fastq.gz -o /home/arthur/Bureau/postdocs/isem/hybscan/data/SRR2184169.fastp.fastq.gz -w 4;zcat /home/arthur/Bureau/postdocs/isem/hybscan/data/SRR2184169.fastp.pe.fastq.gz /home/arthur/Bureau/postdocs/isem/hybscan/data/SRR2184169.fastp.se.fastq.gz | pigz -p4 > /home/arthur/Bureau/postdocs/isem/hybscan/data/SRR2184169.fastp.fastq.gz ' returned non-zero exit status 1.
  File "/home/arthur/Bureau/postdocs/isem/hybscan/pipeline/Snakefile", line 80, in __rule_fastp_pese_run
  File "/home/arthur/bin/miniconda/envs/hybscan_env/lib/python3.6/concurrent/futures/thread.py", line 56, in run
Removing output files of failed job fastp_pese_run since they might be corrupted:
/home/arthur/Bureau/postdocs/isem/hybscan/data/SRR2184169_1.fastp.fastq.gz, /home/arthur/Bureau/postdocs/isem/hybscan/data/SRR2184169_2.fastp.fastq.gz, /home/arthur/Bureau/postdocs/isem/hybscan/data/SRR2184169.fastp.pe.fastq.gz, /home/arthur/Bureau/postdocs/isem/hybscan/data/SRR2184169.fastp.fastq.gz, /home/arthur/Bureau/postdocs/isem/hybscan/data/SRR2184169.fastp.pe.json, /home/arthur/Bureau/postdocs/isem/hybscan/data/SRR2184169.fastp.se.json, /home/arthur/Bureau/postdocs/isem/hybscan/data/SRR2184169.fastp.pe.html, /home/arthur/Bureau/postdocs/isem/hybscan/data/SRR2184169.fastp.se.html
[Wed Mar 23 13:12:43 2022]
Error in rule fastp_pese_run:
    jobid: 8
    output: /home/arthur/Bureau/postdocs/isem/hybscan/data/SRR2184168_1.fastp.fastq.gz, /home/arthur/Bureau/postdocs/isem/hybscan/data/SRR2184168_2.fastp.fastq.gz, /home/arthur/Bureau/postdocs/isem/hybscan/data/SRR2184168.fastp.pe.fastq.gz, /home/arthur/Bureau/postdocs/isem/hybscan/data/SRR2184168.fastp.se.fastq.gz, /home/arthur/Bureau/postdocs/isem/hybscan/data/SRR2184168.fastp.fastq.gz, /home/arthur/Bureau/postdocs/isem/hybscan/data/SRR2184168.fastp.pe.json, /home/arthur/Bureau/postdocs/isem/hybscan/data/SRR2184168.fastp.se.json, /home/arthur/Bureau/postdocs/isem/hybscan/data/SRR2184168.fastp.pe.html, /home/arthur/Bureau/postdocs/isem/hybscan/data/SRR2184168.fastp.se.html

RuleException:
CalledProcessError in line 80 of /home/arthur/Bureau/postdocs/isem/hybscan/pipeline/Snakefile:
Command ' set -euo pipefail;  fastp -j /home/arthur/Bureau/postdocs/isem/hybscan/data/SRR2184168.fastp.pe.json -h /home/arthur/Bureau/postdocs/isem/hybscan/data/SRR2184168.fastp.pe.html -q 20 -u 70 -n 40 -l 40 -w 1 -c -i /home/arthur/Bureau/postdocs/isem/hybscan/data/SRR2184168_1.fastq.gz -I /home/arthur/Bureau/postdocs/isem/hybscan/data/SRR2184168_2.fastq.gz -o /home/arthur/Bureau/postdocs/isem/hybscan/data/SRR2184168_1.fastp.fastq.gz -O /home/arthur/Bureau/postdocs/isem/hybscan/data/SRR2184168_2.fastp.fastq.gz --unpaired1 /home/arthur/Bureau/postdocs/isem/hybscan/data/SRR2184168.fastp.pe.fastq.gz --unpaired2 /home/arthur/Bureau/postdocs/isem/hybscan/data/SRR2184168.fastp.pe.fastq.gz -w 4;fastp -j /home/arthur/Bureau/postdocs/isem/hybscan/data/SRR2184168.fastp.se.json -h /home/arthur/Bureau/postdocs/isem/hybscan/data/SRR2184168.fastp.se.html -q 20 -u 70 -n 40 -l 40 -w 1 -c -i /home/arthur/Bureau/postdocs/isem/hybscan/data/SRR2184168.fastq.gz -o /home/arthur/Bureau/postdocs/isem/hybscan/data/SRR2184168.fastp.fastq.gz -w 4;zcat /home/arthur/Bureau/postdocs/isem/hybscan/data/SRR2184168.fastp.pe.fastq.gz /home/arthur/Bureau/postdocs/isem/hybscan/data/SRR2184168.fastp.se.fastq.gz | pigz -p4 > /home/arthur/Bureau/postdocs/isem/hybscan/data/SRR2184168.fastp.fastq.gz ' returned non-zero exit status 1.
  File "/home/arthur/Bureau/postdocs/isem/hybscan/pipeline/Snakefile", line 80, in __rule_fastp_pese_run
  File "/home/arthur/bin/miniconda/envs/hybscan_env/lib/python3.6/concurrent/futures/thread.py", line 56, in run
Removing output files of failed job fastp_pese_run since they might be corrupted:
/home/arthur/Bureau/postdocs/isem/hybscan/data/SRR2184168_1.fastp.fastq.gz, /home/arthur/Bureau/postdocs/isem/hybscan/data/SRR2184168_2.fastp.fastq.gz, /home/arthur/Bureau/postdocs/isem/hybscan/data/SRR2184168.fastp.pe.fastq.gz, /home/arthur/Bureau/postdocs/isem/hybscan/data/SRR2184168.fastp.fastq.gz, /home/arthur/Bureau/postdocs/isem/hybscan/data/SRR2184168.fastp.pe.json, /home/arthur/Bureau/postdocs/isem/hybscan/data/SRR2184168.fastp.se.json, /home/arthur/Bureau/postdocs/isem/hybscan/data/SRR2184168.fastp.pe.html, /home/arthur/Bureau/postdocs/isem/hybscan/data/SRR2184168.fastp.se.html
Shutting down, this might take some time.
Exiting because a job execution failed. Look above for error message
Complete log: /home/arthur/Bureau/postdocs/isem/hybscan/pipeline/.snakemake/log/2022-03-23T131227.521721.snakemake.log
