Building DAG of jobs...
Using shell: /usr/bin/bash
Provided cores: 4
Rules claiming more threads will be scaled down.
Job counts:
	count	jobs
	1	all
	1	angsd_run
	1	bwa_indexing
	1	bwa_pese_run
	3	divergence_estimations_run
	1	fastp_pese_run
	1	freebayes_individual_run
	2	het_sites_count_run
	1	megahit_pese_run
	1	phyluce_run
	1	samtools_bam_index
	1	samtools_fasta_index
	1	stan_model_train
	1	vcftools_filter_run
	17

[Thu Mar 24 19:54:25 2022]
rule fastp_pese_run:
    input: /home/arthur/Bureau/postdocs/isem/hybscan/data/SRR2184170_1.fastq.gz, /home/arthur/Bureau/postdocs/isem/hybscan/data/SRR2184170_2.fastq.gz, /home/arthur/Bureau/postdocs/isem/hybscan/data/SRR2184170.fastq.gz
    output: /home/arthur/Bureau/postdocs/isem/hybscan/data/SRR2184170_1.fastp.fastq.gz, /home/arthur/Bureau/postdocs/isem/hybscan/data/SRR2184170_2.fastp.fastq.gz, /home/arthur/Bureau/postdocs/isem/hybscan/data/SRR2184170.fastp.pe.fastq.gz, /home/arthur/Bureau/postdocs/isem/hybscan/data/SRR2184170.fastp.se.fastq.gz, /home/arthur/Bureau/postdocs/isem/hybscan/data/SRR2184170.fastp.fastq.gz, /home/arthur/Bureau/postdocs/isem/hybscan/data/SRR2184170.fastp.pe.json, /home/arthur/Bureau/postdocs/isem/hybscan/data/SRR2184170.fastp.se.json, /home/arthur/Bureau/postdocs/isem/hybscan/data/SRR2184170.fastp.pe.html, /home/arthur/Bureau/postdocs/isem/hybscan/data/SRR2184170.fastp.se.html
    jobid: 13
    wildcards: PATH=/home/arthur/Bureau/postdocs/isem/hybscan/data, ID=SRR2184170, EXT=.
    threads: 4

Removing temporary output file /home/arthur/Bureau/postdocs/isem/hybscan/data/SRR2184170.fastp.pe.fastq.gz.
Removing temporary output file /home/arthur/Bureau/postdocs/isem/hybscan/data/SRR2184170.fastp.se.fastq.gz.
Removing temporary output file /home/arthur/Bureau/postdocs/isem/hybscan/data/SRR2184170.fastp.pe.json.
Removing temporary output file /home/arthur/Bureau/postdocs/isem/hybscan/data/SRR2184170.fastp.se.json.
Removing temporary output file /home/arthur/Bureau/postdocs/isem/hybscan/data/SRR2184170.fastp.pe.html.
Removing temporary output file /home/arthur/Bureau/postdocs/isem/hybscan/data/SRR2184170.fastp.se.html.
[Thu Mar 24 19:54:36 2022]
Finished job 13.
1 of 17 steps (6%) done

[Thu Mar 24 19:54:36 2022]
rule megahit_pese_run:
    input: /home/arthur/Bureau/postdocs/isem/hybscan/data/SRR2184170_1.fastp.fastq.gz, /home/arthur/Bureau/postdocs/isem/hybscan/data/SRR2184170_2.fastp.fastq.gz, /home/arthur/Bureau/postdocs/isem/hybscan/data/SRR2184170.fastp.fastq.gz
    output: /home/arthur/Bureau/postdocs/isem/hybscan/data/SRR2184170.fastp.megahit.fasta, /home/arthur/Bureau/postdocs/isem/hybscan/data/SRR2184170.fastp.megahit.log, /home/arthur/Bureau/postdocs/isem/hybscan/data/SRR2184170.fastp.megahit
    jobid: 14
    wildcards: PATH=/home/arthur/Bureau/postdocs/isem/hybscan/data, ID=SRR2184170, EXT=.fastp.
    threads: 4

Removing temporary output file /home/arthur/Bureau/postdocs/isem/hybscan/data/SRR2184170.fastp.megahit.
[Thu Mar 24 19:55:11 2022]
Finished job 14.
2 of 17 steps (12%) done

[Thu Mar 24 19:55:11 2022]
rule stan_model_train:
    input: /home/arthur/Bureau/postdocs/isem/hybscan/pipeline/tools/divergence_model.stan
    output: /home/arthur/Bureau/postdocs/isem/hybscan/pipeline/tools/divergence_model.rds
    jobid: 5
    wildcards: PATH=/home/arthur/Bureau/postdocs/isem/hybscan/pipeline/tools/divergence_model


[Thu Mar 24 19:55:11 2022]
rule phyluce_run:
    input: /home/arthur/Bureau/postdocs/isem/hybscan/data/SRR2184170.fastp.megahit.fasta, /home/arthur/Bureau/postdocs/isem/hybscan/pipeline/tools/uce-probes.fasta
    output: /home/arthur/Bureau/postdocs/isem/hybscan/data/SRR2184170.fastp.megahit.phyluce, /home/arthur/Bureau/postdocs/isem/hybscan/data/SRR2184170.fastp.megahit.phyluce.fasta, /home/arthur/Bureau/postdocs/isem/hybscan/data/SRR2184170.fastp.megahit.phyluce.log
    jobid: 9
    wildcards: PATH=/home/arthur/Bureau/postdocs/isem/hybscan/data, ID=SRR2184170, EXT=.fastp.megahit.

Removing temporary output file /home/arthur/Bureau/postdocs/isem/hybscan/data/SRR2184170.fastp.megahit.phyluce.
[Thu Mar 24 19:55:16 2022]
Finished job 9.
3 of 17 steps (18%) done

[Thu Mar 24 19:55:16 2022]
rule bwa_indexing:
    input: /home/arthur/Bureau/postdocs/isem/hybscan/data/SRR2184170.fastp.megahit.phyluce.fasta
    output: /home/arthur/Bureau/postdocs/isem/hybscan/data/SRR2184170.fastp.megahit.phyluce.fasta.amb, /home/arthur/Bureau/postdocs/isem/hybscan/data/SRR2184170.fastp.megahit.phyluce.fasta.ann, /home/arthur/Bureau/postdocs/isem/hybscan/data/SRR2184170.fastp.megahit.phyluce.fasta.pac, /home/arthur/Bureau/postdocs/isem/hybscan/data/SRR2184170.fastp.megahit.phyluce.fasta.bwt.2bit.64, /home/arthur/Bureau/postdocs/isem/hybscan/data/SRR2184170.fastp.megahit.phyluce.fasta.0123
    jobid: 12
    wildcards: PATH=/home/arthur/Bureau/postdocs/isem/hybscan/data/SRR2184170.fastp.megahit.phyluce


[Thu Mar 24 19:55:16 2022]
rule samtools_fasta_index:
    input: /home/arthur/Bureau/postdocs/isem/hybscan/data/SRR2184170.fastp.megahit.phyluce.fasta
    output: /home/arthur/Bureau/postdocs/isem/hybscan/data/SRR2184170.fastp.megahit.phyluce.fasta.fai
    jobid: 16
    wildcards: PATH=/home/arthur/Bureau/postdocs/isem/hybscan/data/SRR2184170.fastp.megahit.phyluce

[Thu Mar 24 19:55:16 2022]
Finished job 16.
4 of 17 steps (24%) done
[Thu Mar 24 19:55:17 2022]
Finished job 12.
5 of 17 steps (29%) done
Terminating processes on user request, this might take some time.
[Thu Mar 24 19:55:25 2022]
Error in rule stan_model_train:
    jobid: 5
    output: /home/arthur/Bureau/postdocs/isem/hybscan/pipeline/tools/divergence_model.rds

RuleException:
CalledProcessError in line 301 of /home/arthur/Bureau/postdocs/isem/hybscan/pipeline/Snakefile:
Command ' set -euo pipefail;  Rscript /home/arthur/Bureau/postdocs/isem/hybscan/pipeline/tools/stan_train_model.R /home/arthur/Bureau/postdocs/isem/hybscan/pipeline/tools/divergence_model.stan; ' returned non-zero exit status 1.
  File "/home/arthur/Bureau/postdocs/isem/hybscan/pipeline/Snakefile", line 301, in __rule_stan_model_train
  File "/home/arthur/bin/miniconda/envs/hybscan_env/lib/python3.6/concurrent/futures/thread.py", line 56, in run
Complete log: /home/arthur/Bureau/postdocs/isem/hybscan/pipeline/.snakemake/log/2022-03-24T195425.760814.snakemake.log
