Building DAG of jobs...
Using shell: /usr/bin/bash
Provided cores: 6
Rules claiming more threads will be scaled down.
Job counts:
	count	jobs
	1	all
	3	angsd_run
	1	busco_database_download
	1	busco_run
	3	bwa_indexing
	3	bwa_pese_run
	6	contamfilter_run
	3	divergence_estimations_busco_gather
	9	divergence_estimations_run
	3	divergence_estimations_uce_gather
	2	fastp_pe_run
	3	freebayes_individual_run
	6	het_sites_count_run
	2	megahit_pese_run
	2	phyluce_run
	3	samtools_bam_index
	3	samtools_fasta_index
	1	stan_model_train
	9	vcf_refalt_plot
	3	vcftools_filter_run
	67

[Tue Mar 29 18:38:31 2022]
rule fastp_pe_run:
    input: /home/arthur/Bureau/postdocs/isem/hybscan/data/SRR5437981_1.fastq.gz, /home/arthur/Bureau/postdocs/isem/hybscan/data/SRR5437981_2.fastq.gz
    output: /home/arthur/Bureau/postdocs/isem/hybscan/data/SRR5437981_1.fastp.fastq.gz, /home/arthur/Bureau/postdocs/isem/hybscan/data/SRR5437981_2.fastp.fastq.gz, /home/arthur/Bureau/postdocs/isem/hybscan/data/SRR5437981.fastp.fastq.gz, /home/arthur/Bureau/postdocs/isem/hybscan/data/SRR5437981.fastp.json, /home/arthur/Bureau/postdocs/isem/hybscan/data/SRR5437981.fastp.html
    jobid: 59
    wildcards: PATH=/home/arthur/Bureau/postdocs/isem/hybscan/data, ID=SRR5437981, EXT=.
    threads: 4


[Tue Mar 29 18:38:31 2022]
rule stan_model_train:
    input: /home/arthur/Bureau/postdocs/isem/hybscan/hybrid_scan/tools/stan/divergence_model.stan
    output: /home/arthur/Bureau/postdocs/isem/hybscan/hybrid_scan/tools/stan/divergence_model.rds
    jobid: 34
    wildcards: PATH=/home/arthur/Bureau/postdocs/isem/hybscan/hybrid_scan/tools/stan/divergence_model


[Tue Mar 29 18:38:31 2022]
rule busco_database_download:
    output: /home/arthur/Bureau/postdocs/isem/hybscan/data/busco_database/lineages/hymenoptera_odb10
    jobid: 61
    wildcards: PATH=/home/arthur/Bureau/postdocs/isem/hybscan/data/busco_database, DB=hymenoptera, NB=10

Removing temporary output file /home/arthur/Bureau/postdocs/isem/hybscan/data/SRR5437981.fastp.json.
Removing temporary output file /home/arthur/Bureau/postdocs/isem/hybscan/data/SRR5437981.fastp.html.
[Tue Mar 29 18:38:58 2022]
Finished job 59.
1 of 67 steps (1%) done

[Tue Mar 29 18:38:58 2022]
rule megahit_pese_run:
    input: /home/arthur/Bureau/postdocs/isem/hybscan/data/SRR5437981_1.fastp.fastq.gz, /home/arthur/Bureau/postdocs/isem/hybscan/data/SRR5437981_2.fastp.fastq.gz, /home/arthur/Bureau/postdocs/isem/hybscan/data/SRR5437981.fastp.fastq.gz
    output: /home/arthur/Bureau/postdocs/isem/hybscan/data/SRR5437981.fastp.megahit.fasta, /home/arthur/Bureau/postdocs/isem/hybscan/data/SRR5437981.fastp.megahit.log, /home/arthur/Bureau/postdocs/isem/hybscan/data/SRR5437981.fastp.megahit
    jobid: 62
    wildcards: PATH=/home/arthur/Bureau/postdocs/isem/hybscan/data, ID=SRR5437981, EXT=.fastp.
    threads: 4

[Tue Mar 29 18:39:06 2022]
Finished job 34.
2 of 67 steps (3%) done
[Tue Mar 29 18:39:46 2022]
Finished job 61.
3 of 67 steps (4%) done
Removing temporary output file /home/arthur/Bureau/postdocs/isem/hybscan/data/SRR5437981.fastp.megahit.
[Tue Mar 29 18:50:48 2022]
Finished job 62.
4 of 67 steps (6%) done

[Tue Mar 29 18:50:48 2022]
rule fastp_pe_run:
    input: /home/arthur/Bureau/postdocs/isem/hybscan/data/SRR5406035_1.fastq.gz, /home/arthur/Bureau/postdocs/isem/hybscan/data/SRR5406035_2.fastq.gz
    output: /home/arthur/Bureau/postdocs/isem/hybscan/data/SRR5406035_1.fastp.fastq.gz, /home/arthur/Bureau/postdocs/isem/hybscan/data/SRR5406035_2.fastp.fastq.gz, /home/arthur/Bureau/postdocs/isem/hybscan/data/SRR5406035.fastp.fastq.gz, /home/arthur/Bureau/postdocs/isem/hybscan/data/SRR5406035.fastp.json, /home/arthur/Bureau/postdocs/isem/hybscan/data/SRR5406035.fastp.html
    jobid: 65
    wildcards: PATH=/home/arthur/Bureau/postdocs/isem/hybscan/data, ID=SRR5406035, EXT=.
    threads: 4


[Tue Mar 29 18:50:48 2022]
rule phyluce_run:
    input: /home/arthur/Bureau/postdocs/isem/hybscan/data/SRR5437981.fastp.megahit.fasta, /home/arthur/Bureau/postdocs/isem/hybscan/hybrid_scan/tools/uce_probes/formicidae.fasta
    output: /home/arthur/Bureau/postdocs/isem/hybscan/data/SRR5437981.fastp.megahit.phyluce, /home/arthur/Bureau/postdocs/isem/hybscan/data/SRR5437981.fastp.megahit.phyluce.fasta, /home/arthur/Bureau/postdocs/isem/hybscan/data/SRR5437981.fastp.megahit.phyluce.log
    jobid: 52
    wildcards: PATH=/home/arthur/Bureau/postdocs/isem/hybscan/data, ID=SRR5437981, EXT=.fastp.megahit.

Removing temporary output file /home/arthur/Bureau/postdocs/isem/hybscan/data/SRR5406035.fastp.json.
Removing temporary output file /home/arthur/Bureau/postdocs/isem/hybscan/data/SRR5406035.fastp.html.
[Tue Mar 29 18:50:51 2022]
Finished job 65.
5 of 67 steps (7%) done

[Tue Mar 29 18:50:51 2022]
rule megahit_pese_run:
    input: /home/arthur/Bureau/postdocs/isem/hybscan/data/SRR5406035_1.fastp.fastq.gz, /home/arthur/Bureau/postdocs/isem/hybscan/data/SRR5406035_2.fastp.fastq.gz, /home/arthur/Bureau/postdocs/isem/hybscan/data/SRR5406035.fastp.fastq.gz
    output: /home/arthur/Bureau/postdocs/isem/hybscan/data/SRR5406035.fastp.megahit.fasta, /home/arthur/Bureau/postdocs/isem/hybscan/data/SRR5406035.fastp.megahit.log, /home/arthur/Bureau/postdocs/isem/hybscan/data/SRR5406035.fastp.megahit
    jobid: 66
    wildcards: PATH=/home/arthur/Bureau/postdocs/isem/hybscan/data, ID=SRR5406035, EXT=.fastp.
    threads: 4

Removing temporary output file /home/arthur/Bureau/postdocs/isem/hybscan/data/SRR5437981.fastp.megahit.phyluce.
[Tue Mar 29 18:51:03 2022]
Finished job 52.
6 of 67 steps (9%) done

[Tue Mar 29 18:51:03 2022]
rule samtools_fasta_index:
    input: /home/arthur/Bureau/postdocs/isem/hybscan/data/SRR5437981.fastp.megahit.phyluce.fasta
    output: /home/arthur/Bureau/postdocs/isem/hybscan/data/SRR5437981.fastp.megahit.phyluce.fasta.fai
    jobid: 51
    wildcards: PATH=/home/arthur/Bureau/postdocs/isem/hybscan/data/SRR5437981.fastp.megahit.phyluce


[Tue Mar 29 18:51:03 2022]
rule bwa_indexing:
    input: /home/arthur/Bureau/postdocs/isem/hybscan/data/SRR5437981.fastp.megahit.phyluce.fasta
    output: /home/arthur/Bureau/postdocs/isem/hybscan/data/SRR5437981.fastp.megahit.phyluce.fasta.amb, /home/arthur/Bureau/postdocs/isem/hybscan/data/SRR5437981.fastp.megahit.phyluce.fasta.ann, /home/arthur/Bureau/postdocs/isem/hybscan/data/SRR5437981.fastp.megahit.phyluce.fasta.pac, /home/arthur/Bureau/postdocs/isem/hybscan/data/SRR5437981.fastp.megahit.phyluce.fasta.bwt.2bit.64, /home/arthur/Bureau/postdocs/isem/hybscan/data/SRR5437981.fastp.megahit.phyluce.fasta.0123
    jobid: 63
    wildcards: PATH=/home/arthur/Bureau/postdocs/isem/hybscan/data/SRR5437981.fastp.megahit.phyluce

[Tue Mar 29 18:51:03 2022]
Finished job 51.
7 of 67 steps (10%) done
[Tue Mar 29 18:51:05 2022]
Finished job 63.
8 of 67 steps (12%) done
Removing temporary output file /home/arthur/Bureau/postdocs/isem/hybscan/data/SRR5406035.fastp.megahit.
[Tue Mar 29 18:51:50 2022]
Finished job 66.
9 of 67 steps (13%) done

[Tue Mar 29 18:51:50 2022]
rule phyluce_run:
    input: /home/arthur/Bureau/postdocs/isem/hybscan/data/SRR5406035.fastp.megahit.fasta, /home/arthur/Bureau/postdocs/isem/hybscan/hybrid_scan/tools/uce_probes/hymenoptera.fasta
    output: /home/arthur/Bureau/postdocs/isem/hybscan/data/SRR5406035.fastp.megahit.phyluce, /home/arthur/Bureau/postdocs/isem/hybscan/data/SRR5406035.fastp.megahit.phyluce.fasta, /home/arthur/Bureau/postdocs/isem/hybscan/data/SRR5406035.fastp.megahit.phyluce.log
    jobid: 56
    wildcards: PATH=/home/arthur/Bureau/postdocs/isem/hybscan/data, ID=SRR5406035, EXT=.fastp.megahit.


[Tue Mar 29 18:51:50 2022]
rule bwa_pese_run:
    input: /home/arthur/Bureau/postdocs/isem/hybscan/data/SRR5437981.fastp.megahit.phyluce.fasta.amb, /home/arthur/Bureau/postdocs/isem/hybscan/data/SRR5437981.fastp.megahit.phyluce.fasta.ann, /home/arthur/Bureau/postdocs/isem/hybscan/data/SRR5437981.fastp.megahit.phyluce.fasta.pac, /home/arthur/Bureau/postdocs/isem/hybscan/data/SRR5437981.fastp.megahit.phyluce.fasta.bwt.2bit.64, /home/arthur/Bureau/postdocs/isem/hybscan/data/SRR5437981.fastp.megahit.phyluce.fasta.0123, /home/arthur/Bureau/postdocs/isem/hybscan/data/SRR5437981_1.fastp.fastq.gz, /home/arthur/Bureau/postdocs/isem/hybscan/data/SRR5437981_2.fastp.fastq.gz, /home/arthur/Bureau/postdocs/isem/hybscan/data/SRR5437981.fastp.fastq.gz, /home/arthur/Bureau/postdocs/isem/hybscan/data/SRR5437981.fastp.megahit.phyluce.fasta
    output: /home/arthur/Bureau/postdocs/isem/hybscan/data/SRR5437981.fastp.megahit.phyluce.bwa.fastp.se.bam, /home/arthur/Bureau/postdocs/isem/hybscan/data/SRR5437981.fastp.megahit.phyluce.bwa.fastp.pe.bam, /home/arthur/Bureau/postdocs/isem/hybscan/data/SRR5437981.fastp.megahit.phyluce.bwa.fastp.bam
    jobid: 50
    wildcards: PATH=/home/arthur/Bureau/postdocs/isem/hybscan/data, ID=SRR5437981, EXT=.fastp.megahit.phyluce., EXT2=.fastp.
    threads: 4

Removing temporary output file /home/arthur/Bureau/postdocs/isem/hybscan/data/SRR5406035.fastp.megahit.phyluce.
[Tue Mar 29 18:52:02 2022]
Finished job 56.
10 of 67 steps (15%) done

[Tue Mar 29 18:52:02 2022]
rule bwa_indexing:
    input: /home/arthur/Bureau/postdocs/isem/hybscan/data/SRR5406035.fastp.megahit.phyluce.fasta
    output: /home/arthur/Bureau/postdocs/isem/hybscan/data/SRR5406035.fastp.megahit.phyluce.fasta.amb, /home/arthur/Bureau/postdocs/isem/hybscan/data/SRR5406035.fastp.megahit.phyluce.fasta.ann, /home/arthur/Bureau/postdocs/isem/hybscan/data/SRR5406035.fastp.megahit.phyluce.fasta.pac, /home/arthur/Bureau/postdocs/isem/hybscan/data/SRR5406035.fastp.megahit.phyluce.fasta.bwt.2bit.64, /home/arthur/Bureau/postdocs/isem/hybscan/data/SRR5406035.fastp.megahit.phyluce.fasta.0123
    jobid: 64
    wildcards: PATH=/home/arthur/Bureau/postdocs/isem/hybscan/data/SRR5406035.fastp.megahit.phyluce


[Tue Mar 29 18:52:02 2022]
rule samtools_fasta_index:
    input: /home/arthur/Bureau/postdocs/isem/hybscan/data/SRR5406035.fastp.megahit.phyluce.fasta
    output: /home/arthur/Bureau/postdocs/isem/hybscan/data/SRR5406035.fastp.megahit.phyluce.fasta.fai
    jobid: 58
    wildcards: PATH=/home/arthur/Bureau/postdocs/isem/hybscan/data/SRR5406035.fastp.megahit.phyluce

[Tue Mar 29 18:52:02 2022]
Finished job 58.
11 of 67 steps (16%) done
[Tue Mar 29 18:52:03 2022]
Finished job 64.
12 of 67 steps (18%) done
Removing temporary output file /home/arthur/Bureau/postdocs/isem/hybscan/data/SRR5437981.fastp.megahit.phyluce.fasta.amb.
Removing temporary output file /home/arthur/Bureau/postdocs/isem/hybscan/data/SRR5437981.fastp.megahit.phyluce.fasta.0123.
Removing temporary output file /home/arthur/Bureau/postdocs/isem/hybscan/data/SRR5437981.fastp.megahit.phyluce.fasta.bwt.2bit.64.
Removing temporary output file /home/arthur/Bureau/postdocs/isem/hybscan/data/SRR5437981.fastp.megahit.phyluce.fasta.pac.
Removing temporary output file /home/arthur/Bureau/postdocs/isem/hybscan/data/SRR5437981.fastp.megahit.phyluce.fasta.ann.
Removing temporary output file /home/arthur/Bureau/postdocs/isem/hybscan/data/SRR5437981.fastp.megahit.phyluce.bwa.fastp.se.bam.
Removing temporary output file /home/arthur/Bureau/postdocs/isem/hybscan/data/SRR5437981.fastp.megahit.phyluce.bwa.fastp.pe.bam.
[Tue Mar 29 18:52:30 2022]
Finished job 50.
13 of 67 steps (19%) done

[Tue Mar 29 18:52:30 2022]
rule freebayes_individual_run:
    input: /home/arthur/Bureau/postdocs/isem/hybscan/data/SRR5437981.fastp.megahit.phyluce.bwa.fastp.bam, /home/arthur/Bureau/postdocs/isem/hybscan/data/SRR5437981.fastp.megahit.phyluce.fasta, /home/arthur/Bureau/postdocs/isem/hybscan/data/SRR5437981.fastp.megahit.phyluce.fasta.fai
    output: /home/arthur/Bureau/postdocs/isem/hybscan/data/SRR5437981.fastp.megahit.phyluce.bwa.fastp.freebayes.vcf
    jobid: 36
    wildcards: PATH=/home/arthur/Bureau/postdocs/isem/hybscan/data, ID=SRR5437981, EXT=.fastp.megahit.phyluce., EXT2=.fastp.


[Tue Mar 29 18:52:30 2022]
rule bwa_pese_run:
    input: /home/arthur/Bureau/postdocs/isem/hybscan/data/SRR5406035.fastp.megahit.phyluce.fasta.amb, /home/arthur/Bureau/postdocs/isem/hybscan/data/SRR5406035.fastp.megahit.phyluce.fasta.ann, /home/arthur/Bureau/postdocs/isem/hybscan/data/SRR5406035.fastp.megahit.phyluce.fasta.pac, /home/arthur/Bureau/postdocs/isem/hybscan/data/SRR5406035.fastp.megahit.phyluce.fasta.bwt.2bit.64, /home/arthur/Bureau/postdocs/isem/hybscan/data/SRR5406035.fastp.megahit.phyluce.fasta.0123, /home/arthur/Bureau/postdocs/isem/hybscan/data/SRR5406035_1.fastp.fastq.gz, /home/arthur/Bureau/postdocs/isem/hybscan/data/SRR5406035_2.fastp.fastq.gz, /home/arthur/Bureau/postdocs/isem/hybscan/data/SRR5406035.fastp.fastq.gz, /home/arthur/Bureau/postdocs/isem/hybscan/data/SRR5406035.fastp.megahit.phyluce.fasta
    output: /home/arthur/Bureau/postdocs/isem/hybscan/data/SRR5406035.fastp.megahit.phyluce.bwa.fastp.se.bam, /home/arthur/Bureau/postdocs/isem/hybscan/data/SRR5406035.fastp.megahit.phyluce.bwa.fastp.pe.bam, /home/arthur/Bureau/postdocs/isem/hybscan/data/SRR5406035.fastp.megahit.phyluce.bwa.fastp.bam
    jobid: 55
    wildcards: PATH=/home/arthur/Bureau/postdocs/isem/hybscan/data, ID=SRR5406035, EXT=.fastp.megahit.phyluce., EXT2=.fastp.
    threads: 4


[Tue Mar 29 18:52:30 2022]
rule samtools_bam_index:
    input: /home/arthur/Bureau/postdocs/isem/hybscan/data/SRR5437981.fastp.megahit.phyluce.bwa.fastp.bam
    output: /home/arthur/Bureau/postdocs/isem/hybscan/data/SRR5437981.fastp.megahit.phyluce.bwa.fastp.bam.bai
    jobid: 57
    wildcards: PATH=/home/arthur/Bureau/postdocs/isem/hybscan/data/SRR5437981.fastp.megahit.phyluce.bwa.fastp

[Tue Mar 29 18:52:31 2022]
Finished job 57.
14 of 67 steps (21%) done

[Tue Mar 29 18:52:31 2022]
rule angsd_run:
    input: /home/arthur/Bureau/postdocs/isem/hybscan/data/SRR5437981.fastp.megahit.phyluce.bwa.fastp.bam, /home/arthur/Bureau/postdocs/isem/hybscan/data/SRR5437981.fastp.megahit.phyluce.bwa.fastp.bam.bai, /home/arthur/Bureau/postdocs/isem/hybscan/data/SRR5437981.fastp.megahit.phyluce.fasta
    output: /home/arthur/Bureau/postdocs/isem/hybscan/data/SRR5437981.fastp.megahit.phyluce.bwa.fastp.angsd.bamlist, /home/arthur/Bureau/postdocs/isem/hybscan/data/SRR5437981.fastp.megahit.phyluce.bwa.fastp.angsd.saf.idx, /home/arthur/Bureau/postdocs/isem/hybscan/data/SRR5437981.fastp.megahit.phyluce.bwa.fastp.angsd.saf.pos.gz, /home/arthur/Bureau/postdocs/isem/hybscan/data/SRR5437981.fastp.megahit.phyluce.bwa.fastp.angsd.saf.gz, /home/arthur/Bureau/postdocs/isem/hybscan/data/SRR5437981.fastp.megahit.phyluce.bwa.fastp.angsd.sfs, /home/arthur/Bureau/postdocs/isem/hybscan/data/SRR5437981.fastp.megahit.phyluce.bwa.fastp.angsd.thetas.idx, /home/arthur/Bureau/postdocs/isem/hybscan/data/SRR5437981.fastp.megahit.phyluce.bwa.fastp.angsd.thetas.gz, /home/arthur/Bureau/postdocs/isem/hybscan/data/SRR5437981.fastp.megahit.phyluce.bwa.fastp.angsd.thetas.idx.pestPG, /home/arthur/Bureau/postdocs/isem/hybscan/data/SRR5437981.fastp.megahit.phyluce.bwa.fastp.angsd.arg, /home/arthur/Bureau/postdocs/isem/hybscan/data/SRR5437981.fastp.megahit.phyluce.bwa.fastp.angsd.stats.txt, /home/arthur/Bureau/postdocs/isem/hybscan/data/SRR5437981.fastp.megahit.phyluce.bwa.fastp.angsd.counts.txt
    jobid: 43
    wildcards: PATH=/home/arthur/Bureau/postdocs/isem/hybscan/data, ID=SRR5437981, EXT=.fastp.megahit.phyluce., EXT2=.fastp.

Removing temporary output file /home/arthur/Bureau/postdocs/isem/hybscan/data/SRR5406035.fastp.megahit.phyluce.fasta.amb.
Removing temporary output file /home/arthur/Bureau/postdocs/isem/hybscan/data/SRR5406035.fastp.megahit.phyluce.fasta.0123.
Removing temporary output file /home/arthur/Bureau/postdocs/isem/hybscan/data/SRR5406035.fastp.megahit.phyluce.fasta.bwt.2bit.64.
Removing temporary output file /home/arthur/Bureau/postdocs/isem/hybscan/data/SRR5406035.fastp.megahit.phyluce.fasta.ann.
Removing temporary output file /home/arthur/Bureau/postdocs/isem/hybscan/data/SRR5406035.fastp.megahit.phyluce.fasta.pac.
Removing temporary output file /home/arthur/Bureau/postdocs/isem/hybscan/data/SRR5406035_2.fastp.fastq.gz.
Removing temporary output file /home/arthur/Bureau/postdocs/isem/hybscan/data/SRR5406035.fastp.fastq.gz.
Removing temporary output file /home/arthur/Bureau/postdocs/isem/hybscan/data/SRR5406035_1.fastp.fastq.gz.
Removing temporary output file /home/arthur/Bureau/postdocs/isem/hybscan/data/SRR5406035.fastp.megahit.phyluce.bwa.fastp.se.bam.
Removing temporary output file /home/arthur/Bureau/postdocs/isem/hybscan/data/SRR5406035.fastp.megahit.phyluce.bwa.fastp.pe.bam.
[Tue Mar 29 18:52:41 2022]
Finished job 55.
15 of 67 steps (22%) done

[Tue Mar 29 18:52:41 2022]
rule samtools_bam_index:
    input: /home/arthur/Bureau/postdocs/isem/hybscan/data/SRR5406035.fastp.megahit.phyluce.bwa.fastp.bam
    output: /home/arthur/Bureau/postdocs/isem/hybscan/data/SRR5406035.fastp.megahit.phyluce.bwa.fastp.bam.bai
    jobid: 54
    wildcards: PATH=/home/arthur/Bureau/postdocs/isem/hybscan/data/SRR5406035.fastp.megahit.phyluce.bwa.fastp


[Tue Mar 29 18:52:41 2022]
rule freebayes_individual_run:
    input: /home/arthur/Bureau/postdocs/isem/hybscan/data/SRR5406035.fastp.megahit.phyluce.bwa.fastp.bam, /home/arthur/Bureau/postdocs/isem/hybscan/data/SRR5406035.fastp.megahit.phyluce.fasta, /home/arthur/Bureau/postdocs/isem/hybscan/data/SRR5406035.fastp.megahit.phyluce.fasta.fai
    output: /home/arthur/Bureau/postdocs/isem/hybscan/data/SRR5406035.fastp.megahit.phyluce.bwa.fastp.freebayes.vcf
    jobid: 46
    wildcards: PATH=/home/arthur/Bureau/postdocs/isem/hybscan/data, ID=SRR5406035, EXT=.fastp.megahit.phyluce., EXT2=.fastp.

[Tue Mar 29 18:52:41 2022]
Finished job 54.
16 of 67 steps (24%) done

[Tue Mar 29 18:52:41 2022]
rule angsd_run:
    input: /home/arthur/Bureau/postdocs/isem/hybscan/data/SRR5406035.fastp.megahit.phyluce.bwa.fastp.bam, /home/arthur/Bureau/postdocs/isem/hybscan/data/SRR5406035.fastp.megahit.phyluce.bwa.fastp.bam.bai, /home/arthur/Bureau/postdocs/isem/hybscan/data/SRR5406035.fastp.megahit.phyluce.fasta
    output: /home/arthur/Bureau/postdocs/isem/hybscan/data/SRR5406035.fastp.megahit.phyluce.bwa.fastp.angsd.bamlist, /home/arthur/Bureau/postdocs/isem/hybscan/data/SRR5406035.fastp.megahit.phyluce.bwa.fastp.angsd.saf.idx, /home/arthur/Bureau/postdocs/isem/hybscan/data/SRR5406035.fastp.megahit.phyluce.bwa.fastp.angsd.saf.pos.gz, /home/arthur/Bureau/postdocs/isem/hybscan/data/SRR5406035.fastp.megahit.phyluce.bwa.fastp.angsd.saf.gz, /home/arthur/Bureau/postdocs/isem/hybscan/data/SRR5406035.fastp.megahit.phyluce.bwa.fastp.angsd.sfs, /home/arthur/Bureau/postdocs/isem/hybscan/data/SRR5406035.fastp.megahit.phyluce.bwa.fastp.angsd.thetas.idx, /home/arthur/Bureau/postdocs/isem/hybscan/data/SRR5406035.fastp.megahit.phyluce.bwa.fastp.angsd.thetas.gz, /home/arthur/Bureau/postdocs/isem/hybscan/data/SRR5406035.fastp.megahit.phyluce.bwa.fastp.angsd.thetas.idx.pestPG, /home/arthur/Bureau/postdocs/isem/hybscan/data/SRR5406035.fastp.megahit.phyluce.bwa.fastp.angsd.arg, /home/arthur/Bureau/postdocs/isem/hybscan/data/SRR5406035.fastp.megahit.phyluce.bwa.fastp.angsd.stats.txt, /home/arthur/Bureau/postdocs/isem/hybscan/data/SRR5406035.fastp.megahit.phyluce.bwa.fastp.angsd.counts.txt
    jobid: 42
    wildcards: PATH=/home/arthur/Bureau/postdocs/isem/hybscan/data, ID=SRR5406035, EXT=.fastp.megahit.phyluce., EXT2=.fastp.

Removing temporary output file /home/arthur/Bureau/postdocs/isem/hybscan/data/SRR5406035.fastp.megahit.phyluce.bwa.fastp.bam.bai.
Removing temporary output file /home/arthur/Bureau/postdocs/isem/hybscan/data/SRR5406035.fastp.megahit.phyluce.bwa.fastp.angsd.bamlist.
Removing temporary output file /home/arthur/Bureau/postdocs/isem/hybscan/data/SRR5406035.fastp.megahit.phyluce.bwa.fastp.angsd.saf.idx.
Removing temporary output file /home/arthur/Bureau/postdocs/isem/hybscan/data/SRR5406035.fastp.megahit.phyluce.bwa.fastp.angsd.saf.pos.gz.
Removing temporary output file /home/arthur/Bureau/postdocs/isem/hybscan/data/SRR5406035.fastp.megahit.phyluce.bwa.fastp.angsd.saf.gz.
Removing temporary output file /home/arthur/Bureau/postdocs/isem/hybscan/data/SRR5406035.fastp.megahit.phyluce.bwa.fastp.angsd.sfs.
Removing temporary output file /home/arthur/Bureau/postdocs/isem/hybscan/data/SRR5406035.fastp.megahit.phyluce.bwa.fastp.angsd.thetas.idx.
Removing temporary output file /home/arthur/Bureau/postdocs/isem/hybscan/data/SRR5406035.fastp.megahit.phyluce.bwa.fastp.angsd.thetas.gz.
Removing temporary output file /home/arthur/Bureau/postdocs/isem/hybscan/data/SRR5406035.fastp.megahit.phyluce.bwa.fastp.angsd.thetas.idx.pestPG.
Removing temporary output file /home/arthur/Bureau/postdocs/isem/hybscan/data/SRR5406035.fastp.megahit.phyluce.bwa.fastp.angsd.arg.
[Tue Mar 29 18:52:44 2022]
Finished job 42.
17 of 67 steps (25%) done

[Tue Mar 29 18:52:44 2022]
rule divergence_estimations_run:
    input: /home/arthur/Bureau/postdocs/isem/hybscan/hybrid_scan/tools/stan/divergence_model.rds, /home/arthur/Bureau/postdocs/isem/hybscan/data/SRR5406035.fastp.megahit.phyluce.bwa.fastp.angsd.counts.txt
    output: /home/arthur/Bureau/postdocs/isem/hybscan/data/SRR5406035.fastp.megahit.phyluce.bwa.fastp.angsd.divestim.txt, /home/arthur/Bureau/postdocs/isem/hybscan/data/SRR5406035.fastp.megahit.phyluce.bwa.fastp.angsd.divposterior.txt
    jobid: 25
    wildcards: PATH=/home/arthur/Bureau/postdocs/isem/hybscan/data/SRR5406035.fastp.megahit.phyluce.bwa.fastp.angsd
    threads: 2

Removing temporary output file /home/arthur/Bureau/postdocs/isem/hybscan/data/SRR5437981.fastp.megahit.phyluce.bwa.fastp.bam.bai.
Removing temporary output file /home/arthur/Bureau/postdocs/isem/hybscan/data/SRR5437981.fastp.megahit.phyluce.bwa.fastp.angsd.bamlist.
Removing temporary output file /home/arthur/Bureau/postdocs/isem/hybscan/data/SRR5437981.fastp.megahit.phyluce.bwa.fastp.angsd.saf.idx.
Removing temporary output file /home/arthur/Bureau/postdocs/isem/hybscan/data/SRR5437981.fastp.megahit.phyluce.bwa.fastp.angsd.saf.pos.gz.
Removing temporary output file /home/arthur/Bureau/postdocs/isem/hybscan/data/SRR5437981.fastp.megahit.phyluce.bwa.fastp.angsd.saf.gz.
Removing temporary output file /home/arthur/Bureau/postdocs/isem/hybscan/data/SRR5437981.fastp.megahit.phyluce.bwa.fastp.angsd.sfs.
Removing temporary output file /home/arthur/Bureau/postdocs/isem/hybscan/data/SRR5437981.fastp.megahit.phyluce.bwa.fastp.angsd.thetas.idx.
Removing temporary output file /home/arthur/Bureau/postdocs/isem/hybscan/data/SRR5437981.fastp.megahit.phyluce.bwa.fastp.angsd.thetas.gz.
Removing temporary output file /home/arthur/Bureau/postdocs/isem/hybscan/data/SRR5437981.fastp.megahit.phyluce.bwa.fastp.angsd.thetas.idx.pestPG.
Removing temporary output file /home/arthur/Bureau/postdocs/isem/hybscan/data/SRR5437981.fastp.megahit.phyluce.bwa.fastp.angsd.arg.
[Tue Mar 29 18:52:46 2022]
Finished job 43.
18 of 67 steps (27%) done

[Tue Mar 29 18:52:46 2022]
rule divergence_estimations_run:
    input: /home/arthur/Bureau/postdocs/isem/hybscan/hybrid_scan/tools/stan/divergence_model.rds, /home/arthur/Bureau/postdocs/isem/hybscan/data/SRR5437981.fastp.megahit.phyluce.bwa.fastp.angsd.counts.txt
    output: /home/arthur/Bureau/postdocs/isem/hybscan/data/SRR5437981.fastp.megahit.phyluce.bwa.fastp.angsd.divestim.txt, /home/arthur/Bureau/postdocs/isem/hybscan/data/SRR5437981.fastp.megahit.phyluce.bwa.fastp.angsd.divposterior.txt
    jobid: 26
    wildcards: PATH=/home/arthur/Bureau/postdocs/isem/hybscan/data/SRR5437981.fastp.megahit.phyluce.bwa.fastp.angsd
    threads: 2

Removing temporary output file /home/arthur/Bureau/postdocs/isem/hybscan/data/SRR5406035.fastp.megahit.phyluce.fasta.fai.
[Tue Mar 29 18:53:04 2022]
Finished job 46.
19 of 67 steps (28%) done

[Tue Mar 29 18:53:04 2022]
rule vcftools_filter_run:
    input: /home/arthur/Bureau/postdocs/isem/hybscan/data/SRR5406035.fastp.megahit.phyluce.bwa.fastp.freebayes.vcf
    output: /home/arthur/Bureau/postdocs/isem/hybscan/data/SRR5406035.fastp.megahit.phyluce.bwa.fastp.freebayes.filter.vcf
    jobid: 31
    wildcards: PATH=/home/arthur/Bureau/postdocs/isem/hybscan/data/SRR5406035.fastp.megahit.phyluce.bwa.fastp.freebayes

[Tue Mar 29 18:53:05 2022]
Finished job 31.
20 of 67 steps (30%) done

[Tue Mar 29 18:53:05 2022]
rule contamfilter_run:
    input: /home/arthur/Bureau/postdocs/isem/hybscan/data/SRR5406035.fastp.megahit.phyluce.bwa.fastp.freebayes.filter.vcf
    output: /home/arthur/Bureau/postdocs/isem/hybscan/data/SRR5406035.fastp.megahit.phyluce.bwa.fastp.freebayes.filter.contamfilter0.2.vcf
    jobid: 28
    wildcards: PATH=/home/arthur/Bureau/postdocs/isem/hybscan/data/SRR5406035.fastp.megahit.phyluce.bwa.fastp.freebayes.filter, ALTPROB=0.2

[Tue Mar 29 18:53:05 2022]
Finished job 28.
21 of 67 steps (31%) done

[Tue Mar 29 18:53:05 2022]
rule vcf_refalt_plot:
    input: /home/arthur/Bureau/postdocs/isem/hybscan/data/SRR5406035.fastp.megahit.phyluce.bwa.fastp.freebayes.filter.vcf
    output: /home/arthur/Bureau/postdocs/isem/hybscan/data/SRR5406035.fastp.megahit.phyluce.bwa.fastp.freebayes.filter.refalt.txt, /home/arthur/Bureau/postdocs/isem/hybscan/data/SRR5406035.fastp.megahit.phyluce.bwa.fastp.freebayes.filter.refalt.png
    jobid: 13
    wildcards: PATH=/home/arthur/Bureau/postdocs/isem/hybscan/data/SRR5406035.fastp.megahit.phyluce.bwa.fastp.freebayes.filter

[Tue Mar 29 18:53:07 2022]
Finished job 13.
22 of 67 steps (33%) done

[Tue Mar 29 18:53:07 2022]
rule contamfilter_run:
    input: /home/arthur/Bureau/postdocs/isem/hybscan/data/SRR5406035.fastp.megahit.phyluce.bwa.fastp.freebayes.filter.vcf
    output: /home/arthur/Bureau/postdocs/isem/hybscan/data/SRR5406035.fastp.megahit.phyluce.bwa.fastp.freebayes.filter.contamfilter0.05.vcf
    jobid: 33
    wildcards: PATH=/home/arthur/Bureau/postdocs/isem/hybscan/data/SRR5406035.fastp.megahit.phyluce.bwa.fastp.freebayes.filter, ALTPROB=0.05

[Tue Mar 29 18:53:08 2022]
Finished job 33.
23 of 67 steps (34%) done

[Tue Mar 29 18:53:08 2022]
rule vcf_refalt_plot:
    input: /home/arthur/Bureau/postdocs/isem/hybscan/data/SRR5406035.fastp.megahit.phyluce.bwa.fastp.freebayes.filter.contamfilter0.05.vcf
    output: /home/arthur/Bureau/postdocs/isem/hybscan/data/SRR5406035.fastp.megahit.phyluce.bwa.fastp.freebayes.filter.contamfilter0.05.refalt.txt, /home/arthur/Bureau/postdocs/isem/hybscan/data/SRR5406035.fastp.megahit.phyluce.bwa.fastp.freebayes.filter.contamfilter0.05.refalt.png
    jobid: 15
    wildcards: PATH=/home/arthur/Bureau/postdocs/isem/hybscan/data/SRR5406035.fastp.megahit.phyluce.bwa.fastp.freebayes.filter.contamfilter0.05

[Tue Mar 29 18:53:10 2022]
Finished job 15.
24 of 67 steps (36%) done

[Tue Mar 29 18:53:10 2022]
rule het_sites_count_run:
    input: /home/arthur/Bureau/postdocs/isem/hybscan/data/SRR5406035.fastp.megahit.phyluce.bwa.fastp.freebayes.filter.contamfilter0.05.vcf
    output: /home/arthur/Bureau/postdocs/isem/hybscan/data/SRR5406035.fastp.megahit.phyluce.bwa.fastp.freebayes.filter.contamfilter0.05.het.counts.txt
    jobid: 44
    wildcards: PATH=/home/arthur/Bureau/postdocs/isem/hybscan/data/SRR5406035.fastp.megahit.phyluce.bwa.fastp.freebayes.filter.contamfilter0.05

[Tue Mar 29 18:53:11 2022]
Finished job 44.
25 of 67 steps (37%) done

[Tue Mar 29 18:53:11 2022]
rule vcf_refalt_plot:
    input: /home/arthur/Bureau/postdocs/isem/hybscan/data/SRR5406035.fastp.megahit.phyluce.bwa.fastp.freebayes.filter.contamfilter0.2.vcf
    output: /home/arthur/Bureau/postdocs/isem/hybscan/data/SRR5406035.fastp.megahit.phyluce.bwa.fastp.freebayes.filter.contamfilter0.2.refalt.txt, /home/arthur/Bureau/postdocs/isem/hybscan/data/SRR5406035.fastp.megahit.phyluce.bwa.fastp.freebayes.filter.contamfilter0.2.refalt.png
    jobid: 11
    wildcards: PATH=/home/arthur/Bureau/postdocs/isem/hybscan/data/SRR5406035.fastp.megahit.phyluce.bwa.fastp.freebayes.filter.contamfilter0.2

[Tue Mar 29 18:53:12 2022]
Finished job 11.
26 of 67 steps (39%) done

[Tue Mar 29 18:53:12 2022]
rule het_sites_count_run:
    input: /home/arthur/Bureau/postdocs/isem/hybscan/data/SRR5406035.fastp.megahit.phyluce.bwa.fastp.freebayes.filter.contamfilter0.2.vcf
    output: /home/arthur/Bureau/postdocs/isem/hybscan/data/SRR5406035.fastp.megahit.phyluce.bwa.fastp.freebayes.filter.contamfilter0.2.het.counts.txt
    jobid: 40
    wildcards: PATH=/home/arthur/Bureau/postdocs/isem/hybscan/data/SRR5406035.fastp.megahit.phyluce.bwa.fastp.freebayes.filter.contamfilter0.2

[Tue Mar 29 18:53:13 2022]
Finished job 40.
27 of 67 steps (40%) done
Removing temporary output file /home/arthur/Bureau/postdocs/isem/hybscan/data/SRR5437981.fastp.megahit.phyluce.fasta.fai.
[Tue Mar 29 18:53:36 2022]
Finished job 36.
28 of 67 steps (42%) done

[Tue Mar 29 18:53:36 2022]
rule vcftools_filter_run:
    input: /home/arthur/Bureau/postdocs/isem/hybscan/data/SRR5437981.fastp.megahit.phyluce.bwa.fastp.freebayes.vcf
    output: /home/arthur/Bureau/postdocs/isem/hybscan/data/SRR5437981.fastp.megahit.phyluce.bwa.fastp.freebayes.filter.vcf
    jobid: 19
    wildcards: PATH=/home/arthur/Bureau/postdocs/isem/hybscan/data/SRR5437981.fastp.megahit.phyluce.bwa.fastp.freebayes

[Tue Mar 29 18:53:36 2022]
Finished job 19.
29 of 67 steps (43%) done

[Tue Mar 29 18:53:36 2022]
rule divergence_estimations_run:
    input: /home/arthur/Bureau/postdocs/isem/hybscan/hybrid_scan/tools/stan/divergence_model.rds, /home/arthur/Bureau/postdocs/isem/hybscan/data/SRR5406035.fastp.megahit.phyluce.bwa.fastp.freebayes.filter.contamfilter0.05.het.counts.txt
    output: /home/arthur/Bureau/postdocs/isem/hybscan/data/SRR5406035.fastp.megahit.phyluce.bwa.fastp.freebayes.filter.contamfilter0.05.het.divestim.txt, /home/arthur/Bureau/postdocs/isem/hybscan/data/SRR5406035.fastp.megahit.phyluce.bwa.fastp.freebayes.filter.contamfilter0.05.het.divposterior.txt
    jobid: 29
    wildcards: PATH=/home/arthur/Bureau/postdocs/isem/hybscan/data/SRR5406035.fastp.megahit.phyluce.bwa.fastp.freebayes.filter.contamfilter0.05.het
    threads: 2

[Tue Mar 29 18:54:17 2022]
Finished job 26.
30 of 67 steps (45%) done

[Tue Mar 29 18:54:17 2022]
rule divergence_estimations_run:
    input: /home/arthur/Bureau/postdocs/isem/hybscan/hybrid_scan/tools/stan/divergence_model.rds, /home/arthur/Bureau/postdocs/isem/hybscan/data/SRR5406035.fastp.megahit.phyluce.bwa.fastp.freebayes.filter.contamfilter0.2.het.counts.txt
    output: /home/arthur/Bureau/postdocs/isem/hybscan/data/SRR5406035.fastp.megahit.phyluce.bwa.fastp.freebayes.filter.contamfilter0.2.het.divestim.txt, /home/arthur/Bureau/postdocs/isem/hybscan/data/SRR5406035.fastp.megahit.phyluce.bwa.fastp.freebayes.filter.contamfilter0.2.het.divposterior.txt
    jobid: 23
    wildcards: PATH=/home/arthur/Bureau/postdocs/isem/hybscan/data/SRR5406035.fastp.megahit.phyluce.bwa.fastp.freebayes.filter.contamfilter0.2.het
    threads: 2

[Tue Mar 29 18:54:22 2022]
Finished job 25.
31 of 67 steps (46%) done

[Tue Mar 29 18:54:22 2022]
rule contamfilter_run:
    input: /home/arthur/Bureau/postdocs/isem/hybscan/data/SRR5437981.fastp.megahit.phyluce.bwa.fastp.freebayes.filter.vcf
    output: /home/arthur/Bureau/postdocs/isem/hybscan/data/SRR5437981.fastp.megahit.phyluce.bwa.fastp.freebayes.filter.contamfilter0.05.vcf
    jobid: 32
    wildcards: PATH=/home/arthur/Bureau/postdocs/isem/hybscan/data/SRR5437981.fastp.megahit.phyluce.bwa.fastp.freebayes.filter, ALTPROB=0.05


[Tue Mar 29 18:54:22 2022]
rule vcf_refalt_plot:
    input: /home/arthur/Bureau/postdocs/isem/hybscan/data/SRR5437981.fastp.megahit.phyluce.bwa.fastp.freebayes.filter.vcf
    output: /home/arthur/Bureau/postdocs/isem/hybscan/data/SRR5437981.fastp.megahit.phyluce.bwa.fastp.freebayes.filter.refalt.txt, /home/arthur/Bureau/postdocs/isem/hybscan/data/SRR5437981.fastp.megahit.phyluce.bwa.fastp.freebayes.filter.refalt.png
    jobid: 4
    wildcards: PATH=/home/arthur/Bureau/postdocs/isem/hybscan/data/SRR5437981.fastp.megahit.phyluce.bwa.fastp.freebayes.filter

[Tue Mar 29 18:54:24 2022]
Finished job 4.
32 of 67 steps (48%) done

[Tue Mar 29 18:54:24 2022]
rule contamfilter_run:
    input: /home/arthur/Bureau/postdocs/isem/hybscan/data/SRR5437981.fastp.megahit.phyluce.bwa.fastp.freebayes.filter.vcf
    output: /home/arthur/Bureau/postdocs/isem/hybscan/data/SRR5437981.fastp.megahit.phyluce.bwa.fastp.freebayes.filter.contamfilter0.2.vcf
    jobid: 27
    wildcards: PATH=/home/arthur/Bureau/postdocs/isem/hybscan/data/SRR5437981.fastp.megahit.phyluce.bwa.fastp.freebayes.filter, ALTPROB=0.2

[Tue Mar 29 18:54:25 2022]
Finished job 32.
33 of 67 steps (49%) done

[Tue Mar 29 18:54:25 2022]
rule vcf_refalt_plot:
    input: /home/arthur/Bureau/postdocs/isem/hybscan/data/SRR5437981.fastp.megahit.phyluce.bwa.fastp.freebayes.filter.contamfilter0.05.vcf
    output: /home/arthur/Bureau/postdocs/isem/hybscan/data/SRR5437981.fastp.megahit.phyluce.bwa.fastp.freebayes.filter.contamfilter0.05.refalt.txt, /home/arthur/Bureau/postdocs/isem/hybscan/data/SRR5437981.fastp.megahit.phyluce.bwa.fastp.freebayes.filter.contamfilter0.05.refalt.png
    jobid: 14
    wildcards: PATH=/home/arthur/Bureau/postdocs/isem/hybscan/data/SRR5437981.fastp.megahit.phyluce.bwa.fastp.freebayes.filter.contamfilter0.05

[Tue Mar 29 18:54:26 2022]
Finished job 27.
34 of 67 steps (51%) done

[Tue Mar 29 18:54:26 2022]
rule het_sites_count_run:
    input: /home/arthur/Bureau/postdocs/isem/hybscan/data/SRR5437981.fastp.megahit.phyluce.bwa.fastp.freebayes.filter.contamfilter0.05.vcf
    output: /home/arthur/Bureau/postdocs/isem/hybscan/data/SRR5437981.fastp.megahit.phyluce.bwa.fastp.freebayes.filter.contamfilter0.05.het.counts.txt
    jobid: 45
    wildcards: PATH=/home/arthur/Bureau/postdocs/isem/hybscan/data/SRR5437981.fastp.megahit.phyluce.bwa.fastp.freebayes.filter.contamfilter0.05

[Tue Mar 29 18:54:26 2022]
Finished job 45.
35 of 67 steps (52%) done

[Tue Mar 29 18:54:26 2022]
rule vcf_refalt_plot:
    input: /home/arthur/Bureau/postdocs/isem/hybscan/data/SRR5437981.fastp.megahit.phyluce.bwa.fastp.freebayes.filter.contamfilter0.2.vcf
    output: /home/arthur/Bureau/postdocs/isem/hybscan/data/SRR5437981.fastp.megahit.phyluce.bwa.fastp.freebayes.filter.contamfilter0.2.refalt.txt, /home/arthur/Bureau/postdocs/isem/hybscan/data/SRR5437981.fastp.megahit.phyluce.bwa.fastp.freebayes.filter.contamfilter0.2.refalt.png
    jobid: 10
    wildcards: PATH=/home/arthur/Bureau/postdocs/isem/hybscan/data/SRR5437981.fastp.megahit.phyluce.bwa.fastp.freebayes.filter.contamfilter0.2

[Tue Mar 29 18:54:27 2022]
Finished job 14.
36 of 67 steps (54%) done

[Tue Mar 29 18:54:27 2022]
rule het_sites_count_run:
    input: /home/arthur/Bureau/postdocs/isem/hybscan/data/SRR5437981.fastp.megahit.phyluce.bwa.fastp.freebayes.filter.contamfilter0.2.vcf
    output: /home/arthur/Bureau/postdocs/isem/hybscan/data/SRR5437981.fastp.megahit.phyluce.bwa.fastp.freebayes.filter.contamfilter0.2.het.counts.txt
    jobid: 39
    wildcards: PATH=/home/arthur/Bureau/postdocs/isem/hybscan/data/SRR5437981.fastp.megahit.phyluce.bwa.fastp.freebayes.filter.contamfilter0.2

[Tue Mar 29 18:54:27 2022]
Finished job 39.
37 of 67 steps (55%) done

[Tue Mar 29 18:54:27 2022]
rule divergence_estimations_uce_gather:
    input: /home/arthur/Bureau/postdocs/isem/hybscan/data/SRR5437981.fastp.megahit.phyluce.bwa.fastp.angsd.divestim.txt, /home/arthur/Bureau/postdocs/isem/hybscan/data/SRR5406035.fastp.megahit.phyluce.bwa.fastp.angsd.divestim.txt
    output: /home/arthur/Bureau/postdocs/isem/hybscan/data/alluce.fastp.megahit.phyluce.bwa.fastp.angsd.divestim.gathered.txt
    jobid: 9
    wildcards: PATH=/home/arthur/Bureau/postdocs/isem/hybscan/data, EXT=.fastp.megahit.phyluce.bwa.fastp.angsd.divestim.

[Tue Mar 29 18:54:27 2022]
Finished job 9.
38 of 67 steps (57%) done
[Tue Mar 29 18:54:28 2022]
Finished job 10.
39 of 67 steps (58%) done

[Tue Mar 29 18:54:28 2022]
rule divergence_estimations_run:
    input: /home/arthur/Bureau/postdocs/isem/hybscan/hybrid_scan/tools/stan/divergence_model.rds, /home/arthur/Bureau/postdocs/isem/hybscan/data/SRR5437981.fastp.megahit.phyluce.bwa.fastp.freebayes.filter.contamfilter0.05.het.counts.txt
    output: /home/arthur/Bureau/postdocs/isem/hybscan/data/SRR5437981.fastp.megahit.phyluce.bwa.fastp.freebayes.filter.contamfilter0.05.het.divestim.txt, /home/arthur/Bureau/postdocs/isem/hybscan/data/SRR5437981.fastp.megahit.phyluce.bwa.fastp.freebayes.filter.contamfilter0.05.het.divposterior.txt
    jobid: 30
    wildcards: PATH=/home/arthur/Bureau/postdocs/isem/hybscan/data/SRR5437981.fastp.megahit.phyluce.bwa.fastp.freebayes.filter.contamfilter0.05.het
    threads: 2

[Tue Mar 29 18:54:44 2022]
Finished job 29.
40 of 67 steps (60%) done

[Tue Mar 29 18:54:44 2022]
rule divergence_estimations_run:
    input: /home/arthur/Bureau/postdocs/isem/hybscan/hybrid_scan/tools/stan/divergence_model.rds, /home/arthur/Bureau/postdocs/isem/hybscan/data/SRR5437981.fastp.megahit.phyluce.bwa.fastp.freebayes.filter.contamfilter0.2.het.counts.txt
    output: /home/arthur/Bureau/postdocs/isem/hybscan/data/SRR5437981.fastp.megahit.phyluce.bwa.fastp.freebayes.filter.contamfilter0.2.het.divestim.txt, /home/arthur/Bureau/postdocs/isem/hybscan/data/SRR5437981.fastp.megahit.phyluce.bwa.fastp.freebayes.filter.contamfilter0.2.het.divposterior.txt
    jobid: 22
    wildcards: PATH=/home/arthur/Bureau/postdocs/isem/hybscan/data/SRR5437981.fastp.megahit.phyluce.bwa.fastp.freebayes.filter.contamfilter0.2.het
    threads: 2

[Tue Mar 29 18:55:33 2022]
Finished job 23.
41 of 67 steps (61%) done
[Tue Mar 29 18:56:02 2022]
Finished job 30.
42 of 67 steps (63%) done

[Tue Mar 29 18:56:02 2022]
rule busco_run:
    input: /home/arthur/Bureau/postdocs/isem/hybscan/data/SRR5437981.fastp.megahit.fasta, /home/arthur/Bureau/postdocs/isem/hybscan/data/busco_database/lineages/hymenoptera_odb10
    output: /home/arthur/Bureau/postdocs/isem/hybscan/data/SRR5437981.fastp.megahit.busco, /home/arthur/Bureau/postdocs/isem/hybscan/data/SRR5437981.fastp.megahit.busco.fasta, /home/arthur/Bureau/postdocs/isem/hybscan/data/SRR5437981.fastp.megahit.busco.log
    jobid: 49
    wildcards: PATH=/home/arthur/Bureau/postdocs/isem/hybscan/data, ID=SRR5437981, EXT=.fastp.megahit.
    threads: 4

[Tue Mar 29 18:56:13 2022]
Finished job 22.
43 of 67 steps (64%) done

[Tue Mar 29 18:56:13 2022]
rule divergence_estimations_uce_gather:
    input: /home/arthur/Bureau/postdocs/isem/hybscan/data/SRR5437981.fastp.megahit.phyluce.bwa.fastp.freebayes.filter.contamfilter0.05.het.divestim.txt, /home/arthur/Bureau/postdocs/isem/hybscan/data/SRR5406035.fastp.megahit.phyluce.bwa.fastp.freebayes.filter.contamfilter0.05.het.divestim.txt
    output: /home/arthur/Bureau/postdocs/isem/hybscan/data/alluce.fastp.megahit.phyluce.bwa.fastp.freebayes.filter.contamfilter0.05.het.divestim.gathered.txt
    jobid: 12
    wildcards: PATH=/home/arthur/Bureau/postdocs/isem/hybscan/data, EXT=.fastp.megahit.phyluce.bwa.fastp.freebayes.filter.contamfilter0.05.het.divestim.


[Tue Mar 29 18:56:13 2022]
rule divergence_estimations_uce_gather:
    input: /home/arthur/Bureau/postdocs/isem/hybscan/data/SRR5437981.fastp.megahit.phyluce.bwa.fastp.freebayes.filter.contamfilter0.2.het.divestim.txt, /home/arthur/Bureau/postdocs/isem/hybscan/data/SRR5406035.fastp.megahit.phyluce.bwa.fastp.freebayes.filter.contamfilter0.2.het.divestim.txt
    output: /home/arthur/Bureau/postdocs/isem/hybscan/data/alluce.fastp.megahit.phyluce.bwa.fastp.freebayes.filter.contamfilter0.2.het.divestim.gathered.txt
    jobid: 7
    wildcards: PATH=/home/arthur/Bureau/postdocs/isem/hybscan/data, EXT=.fastp.megahit.phyluce.bwa.fastp.freebayes.filter.contamfilter0.2.het.divestim.

[Tue Mar 29 18:56:13 2022]
Finished job 12.
44 of 67 steps (66%) done
[Tue Mar 29 18:56:13 2022]
Finished job 7.
45 of 67 steps (67%) done
[Tue Mar 29 19:16:41 2022]
Finished job 49.
46 of 67 steps (69%) done

[Tue Mar 29 19:16:41 2022]
rule samtools_fasta_index:
    input: /home/arthur/Bureau/postdocs/isem/hybscan/data/SRR5437981.fastp.megahit.busco.fasta
    output: /home/arthur/Bureau/postdocs/isem/hybscan/data/SRR5437981.fastp.megahit.busco.fasta.fai
    jobid: 53
    wildcards: PATH=/home/arthur/Bureau/postdocs/isem/hybscan/data/SRR5437981.fastp.megahit.busco


[Tue Mar 29 19:16:41 2022]
rule bwa_indexing:
    input: /home/arthur/Bureau/postdocs/isem/hybscan/data/SRR5437981.fastp.megahit.busco.fasta
    output: /home/arthur/Bureau/postdocs/isem/hybscan/data/SRR5437981.fastp.megahit.busco.fasta.amb, /home/arthur/Bureau/postdocs/isem/hybscan/data/SRR5437981.fastp.megahit.busco.fasta.ann, /home/arthur/Bureau/postdocs/isem/hybscan/data/SRR5437981.fastp.megahit.busco.fasta.pac, /home/arthur/Bureau/postdocs/isem/hybscan/data/SRR5437981.fastp.megahit.busco.fasta.bwt.2bit.64, /home/arthur/Bureau/postdocs/isem/hybscan/data/SRR5437981.fastp.megahit.busco.fasta.0123
    jobid: 60
    wildcards: PATH=/home/arthur/Bureau/postdocs/isem/hybscan/data/SRR5437981.fastp.megahit.busco

[Tue Mar 29 19:16:41 2022]
Finished job 53.
47 of 67 steps (70%) done
[Tue Mar 29 19:16:42 2022]
Finished job 60.
48 of 67 steps (72%) done

[Tue Mar 29 19:16:42 2022]
rule bwa_pese_run:
    input: /home/arthur/Bureau/postdocs/isem/hybscan/data/SRR5437981.fastp.megahit.busco.fasta.amb, /home/arthur/Bureau/postdocs/isem/hybscan/data/SRR5437981.fastp.megahit.busco.fasta.ann, /home/arthur/Bureau/postdocs/isem/hybscan/data/SRR5437981.fastp.megahit.busco.fasta.pac, /home/arthur/Bureau/postdocs/isem/hybscan/data/SRR5437981.fastp.megahit.busco.fasta.bwt.2bit.64, /home/arthur/Bureau/postdocs/isem/hybscan/data/SRR5437981.fastp.megahit.busco.fasta.0123, /home/arthur/Bureau/postdocs/isem/hybscan/data/SRR5437981_1.fastp.fastq.gz, /home/arthur/Bureau/postdocs/isem/hybscan/data/SRR5437981_2.fastp.fastq.gz, /home/arthur/Bureau/postdocs/isem/hybscan/data/SRR5437981.fastp.fastq.gz, /home/arthur/Bureau/postdocs/isem/hybscan/data/SRR5437981.fastp.megahit.busco.fasta
    output: /home/arthur/Bureau/postdocs/isem/hybscan/data/SRR5437981.fastp.megahit.busco.bwa.fastp.se.bam, /home/arthur/Bureau/postdocs/isem/hybscan/data/SRR5437981.fastp.megahit.busco.bwa.fastp.pe.bam, /home/arthur/Bureau/postdocs/isem/hybscan/data/SRR5437981.fastp.megahit.busco.bwa.fastp.bam
    jobid: 48
    wildcards: PATH=/home/arthur/Bureau/postdocs/isem/hybscan/data, ID=SRR5437981, EXT=.fastp.megahit.busco., EXT2=.fastp.
    threads: 4

Removing temporary output file /home/arthur/Bureau/postdocs/isem/hybscan/data/SRR5437981_2.fastp.fastq.gz.
Removing temporary output file /home/arthur/Bureau/postdocs/isem/hybscan/data/SRR5437981_1.fastp.fastq.gz.
Removing temporary output file /home/arthur/Bureau/postdocs/isem/hybscan/data/SRR5437981.fastp.fastq.gz.
Removing temporary output file /home/arthur/Bureau/postdocs/isem/hybscan/data/SRR5437981.fastp.megahit.busco.fasta.ann.
Removing temporary output file /home/arthur/Bureau/postdocs/isem/hybscan/data/SRR5437981.fastp.megahit.busco.fasta.pac.
Removing temporary output file /home/arthur/Bureau/postdocs/isem/hybscan/data/SRR5437981.fastp.megahit.busco.fasta.0123.
Removing temporary output file /home/arthur/Bureau/postdocs/isem/hybscan/data/SRR5437981.fastp.megahit.busco.fasta.amb.
Removing temporary output file /home/arthur/Bureau/postdocs/isem/hybscan/data/SRR5437981.fastp.megahit.busco.fasta.bwt.2bit.64.
Removing temporary output file /home/arthur/Bureau/postdocs/isem/hybscan/data/SRR5437981.fastp.megahit.busco.bwa.fastp.se.bam.
Removing temporary output file /home/arthur/Bureau/postdocs/isem/hybscan/data/SRR5437981.fastp.megahit.busco.bwa.fastp.pe.bam.
[Tue Mar 29 19:17:07 2022]
Finished job 48.
49 of 67 steps (73%) done

[Tue Mar 29 19:17:07 2022]
rule freebayes_individual_run:
    input: /home/arthur/Bureau/postdocs/isem/hybscan/data/SRR5437981.fastp.megahit.busco.bwa.fastp.bam, /home/arthur/Bureau/postdocs/isem/hybscan/data/SRR5437981.fastp.megahit.busco.fasta, /home/arthur/Bureau/postdocs/isem/hybscan/data/SRR5437981.fastp.megahit.busco.fasta.fai
    output: /home/arthur/Bureau/postdocs/isem/hybscan/data/SRR5437981.fastp.megahit.busco.bwa.fastp.freebayes.vcf
    jobid: 41
    wildcards: PATH=/home/arthur/Bureau/postdocs/isem/hybscan/data, ID=SRR5437981, EXT=.fastp.megahit.busco., EXT2=.fastp.


[Tue Mar 29 19:17:07 2022]
rule samtools_bam_index:
    input: /home/arthur/Bureau/postdocs/isem/hybscan/data/SRR5437981.fastp.megahit.busco.bwa.fastp.bam
    output: /home/arthur/Bureau/postdocs/isem/hybscan/data/SRR5437981.fastp.megahit.busco.bwa.fastp.bam.bai
    jobid: 47
    wildcards: PATH=/home/arthur/Bureau/postdocs/isem/hybscan/data/SRR5437981.fastp.megahit.busco.bwa.fastp

[Tue Mar 29 19:17:08 2022]
Finished job 47.
50 of 67 steps (75%) done

[Tue Mar 29 19:17:08 2022]
rule angsd_run:
    input: /home/arthur/Bureau/postdocs/isem/hybscan/data/SRR5437981.fastp.megahit.busco.bwa.fastp.bam, /home/arthur/Bureau/postdocs/isem/hybscan/data/SRR5437981.fastp.megahit.busco.bwa.fastp.bam.bai, /home/arthur/Bureau/postdocs/isem/hybscan/data/SRR5437981.fastp.megahit.busco.fasta
    output: /home/arthur/Bureau/postdocs/isem/hybscan/data/SRR5437981.fastp.megahit.busco.bwa.fastp.angsd.bamlist, /home/arthur/Bureau/postdocs/isem/hybscan/data/SRR5437981.fastp.megahit.busco.bwa.fastp.angsd.saf.idx, /home/arthur/Bureau/postdocs/isem/hybscan/data/SRR5437981.fastp.megahit.busco.bwa.fastp.angsd.saf.pos.gz, /home/arthur/Bureau/postdocs/isem/hybscan/data/SRR5437981.fastp.megahit.busco.bwa.fastp.angsd.saf.gz, /home/arthur/Bureau/postdocs/isem/hybscan/data/SRR5437981.fastp.megahit.busco.bwa.fastp.angsd.sfs, /home/arthur/Bureau/postdocs/isem/hybscan/data/SRR5437981.fastp.megahit.busco.bwa.fastp.angsd.thetas.idx, /home/arthur/Bureau/postdocs/isem/hybscan/data/SRR5437981.fastp.megahit.busco.bwa.fastp.angsd.thetas.gz, /home/arthur/Bureau/postdocs/isem/hybscan/data/SRR5437981.fastp.megahit.busco.bwa.fastp.angsd.thetas.idx.pestPG, /home/arthur/Bureau/postdocs/isem/hybscan/data/SRR5437981.fastp.megahit.busco.bwa.fastp.angsd.arg, /home/arthur/Bureau/postdocs/isem/hybscan/data/SRR5437981.fastp.megahit.busco.bwa.fastp.angsd.stats.txt, /home/arthur/Bureau/postdocs/isem/hybscan/data/SRR5437981.fastp.megahit.busco.bwa.fastp.angsd.counts.txt
    jobid: 35
    wildcards: PATH=/home/arthur/Bureau/postdocs/isem/hybscan/data, ID=SRR5437981, EXT=.fastp.megahit.busco., EXT2=.fastp.

Removing temporary output file /home/arthur/Bureau/postdocs/isem/hybscan/data/SRR5437981.fastp.megahit.busco.fasta.fai.
[Tue Mar 29 19:17:09 2022]
Finished job 41.
51 of 67 steps (76%) done

[Tue Mar 29 19:17:09 2022]
rule vcftools_filter_run:
    input: /home/arthur/Bureau/postdocs/isem/hybscan/data/SRR5437981.fastp.megahit.busco.bwa.fastp.freebayes.vcf
    output: /home/arthur/Bureau/postdocs/isem/hybscan/data/SRR5437981.fastp.megahit.busco.bwa.fastp.freebayes.filter.vcf
    jobid: 24
    wildcards: PATH=/home/arthur/Bureau/postdocs/isem/hybscan/data/SRR5437981.fastp.megahit.busco.bwa.fastp.freebayes

[Tue Mar 29 19:17:09 2022]
Finished job 24.
52 of 67 steps (78%) done

[Tue Mar 29 19:17:09 2022]
rule contamfilter_run:
    input: /home/arthur/Bureau/postdocs/isem/hybscan/data/SRR5437981.fastp.megahit.busco.bwa.fastp.freebayes.filter.vcf
    output: /home/arthur/Bureau/postdocs/isem/hybscan/data/SRR5437981.fastp.megahit.busco.bwa.fastp.freebayes.filter.contamfilter0.05.vcf
    jobid: 16
    wildcards: PATH=/home/arthur/Bureau/postdocs/isem/hybscan/data/SRR5437981.fastp.megahit.busco.bwa.fastp.freebayes.filter, ALTPROB=0.05


[Tue Mar 29 19:17:09 2022]
rule contamfilter_run:
    input: /home/arthur/Bureau/postdocs/isem/hybscan/data/SRR5437981.fastp.megahit.busco.bwa.fastp.freebayes.filter.vcf
    output: /home/arthur/Bureau/postdocs/isem/hybscan/data/SRR5437981.fastp.megahit.busco.bwa.fastp.freebayes.filter.contamfilter0.2.vcf
    jobid: 17
    wildcards: PATH=/home/arthur/Bureau/postdocs/isem/hybscan/data/SRR5437981.fastp.megahit.busco.bwa.fastp.freebayes.filter, ALTPROB=0.2


[Tue Mar 29 19:17:09 2022]
rule vcf_refalt_plot:
    input: /home/arthur/Bureau/postdocs/isem/hybscan/data/SRR5437981.fastp.megahit.busco.bwa.fastp.freebayes.filter.vcf
    output: /home/arthur/Bureau/postdocs/isem/hybscan/data/SRR5437981.fastp.megahit.busco.bwa.fastp.freebayes.filter.refalt.txt, /home/arthur/Bureau/postdocs/isem/hybscan/data/SRR5437981.fastp.megahit.busco.bwa.fastp.freebayes.filter.refalt.png
    jobid: 8
    wildcards: PATH=/home/arthur/Bureau/postdocs/isem/hybscan/data/SRR5437981.fastp.megahit.busco.bwa.fastp.freebayes.filter

[Tue Mar 29 19:17:09 2022]
Finished job 16.
53 of 67 steps (79%) done

[Tue Mar 29 19:17:09 2022]
rule vcf_refalt_plot:
    input: /home/arthur/Bureau/postdocs/isem/hybscan/data/SRR5437981.fastp.megahit.busco.bwa.fastp.freebayes.filter.contamfilter0.05.vcf
    output: /home/arthur/Bureau/postdocs/isem/hybscan/data/SRR5437981.fastp.megahit.busco.bwa.fastp.freebayes.filter.contamfilter0.05.refalt.txt, /home/arthur/Bureau/postdocs/isem/hybscan/data/SRR5437981.fastp.megahit.busco.bwa.fastp.freebayes.filter.contamfilter0.05.refalt.png
    jobid: 1
    wildcards: PATH=/home/arthur/Bureau/postdocs/isem/hybscan/data/SRR5437981.fastp.megahit.busco.bwa.fastp.freebayes.filter.contamfilter0.05


[Tue Mar 29 19:17:09 2022]
rule het_sites_count_run:
    input: /home/arthur/Bureau/postdocs/isem/hybscan/data/SRR5437981.fastp.megahit.busco.bwa.fastp.freebayes.filter.contamfilter0.05.vcf
    output: /home/arthur/Bureau/postdocs/isem/hybscan/data/SRR5437981.fastp.megahit.busco.bwa.fastp.freebayes.filter.contamfilter0.05.het.counts.txt
    jobid: 38
    wildcards: PATH=/home/arthur/Bureau/postdocs/isem/hybscan/data/SRR5437981.fastp.megahit.busco.bwa.fastp.freebayes.filter.contamfilter0.05

[Tue Mar 29 19:17:09 2022]
Finished job 17.
54 of 67 steps (81%) done

[Tue Mar 29 19:17:09 2022]
rule het_sites_count_run:
    input: /home/arthur/Bureau/postdocs/isem/hybscan/data/SRR5437981.fastp.megahit.busco.bwa.fastp.freebayes.filter.contamfilter0.2.vcf
    output: /home/arthur/Bureau/postdocs/isem/hybscan/data/SRR5437981.fastp.megahit.busco.bwa.fastp.freebayes.filter.contamfilter0.2.het.counts.txt
    jobid: 37
    wildcards: PATH=/home/arthur/Bureau/postdocs/isem/hybscan/data/SRR5437981.fastp.megahit.busco.bwa.fastp.freebayes.filter.contamfilter0.2


[Tue Mar 29 19:17:09 2022]
rule vcf_refalt_plot:
    input: /home/arthur/Bureau/postdocs/isem/hybscan/data/SRR5437981.fastp.megahit.busco.bwa.fastp.freebayes.filter.contamfilter0.2.vcf
    output: /home/arthur/Bureau/postdocs/isem/hybscan/data/SRR5437981.fastp.megahit.busco.bwa.fastp.freebayes.filter.contamfilter0.2.refalt.txt, /home/arthur/Bureau/postdocs/isem/hybscan/data/SRR5437981.fastp.megahit.busco.bwa.fastp.freebayes.filter.contamfilter0.2.refalt.png
    jobid: 2
    wildcards: PATH=/home/arthur/Bureau/postdocs/isem/hybscan/data/SRR5437981.fastp.megahit.busco.bwa.fastp.freebayes.filter.contamfilter0.2

[Tue Mar 29 19:17:10 2022]
Error in rule angsd_run:
    jobid: 35
    output: /home/arthur/Bureau/postdocs/isem/hybscan/data/SRR5437981.fastp.megahit.busco.bwa.fastp.angsd.bamlist, /home/arthur/Bureau/postdocs/isem/hybscan/data/SRR5437981.fastp.megahit.busco.bwa.fastp.angsd.saf.idx, /home/arthur/Bureau/postdocs/isem/hybscan/data/SRR5437981.fastp.megahit.busco.bwa.fastp.angsd.saf.pos.gz, /home/arthur/Bureau/postdocs/isem/hybscan/data/SRR5437981.fastp.megahit.busco.bwa.fastp.angsd.saf.gz, /home/arthur/Bureau/postdocs/isem/hybscan/data/SRR5437981.fastp.megahit.busco.bwa.fastp.angsd.sfs, /home/arthur/Bureau/postdocs/isem/hybscan/data/SRR5437981.fastp.megahit.busco.bwa.fastp.angsd.thetas.idx, /home/arthur/Bureau/postdocs/isem/hybscan/data/SRR5437981.fastp.megahit.busco.bwa.fastp.angsd.thetas.gz, /home/arthur/Bureau/postdocs/isem/hybscan/data/SRR5437981.fastp.megahit.busco.bwa.fastp.angsd.thetas.idx.pestPG, /home/arthur/Bureau/postdocs/isem/hybscan/data/SRR5437981.fastp.megahit.busco.bwa.fastp.angsd.arg, /home/arthur/Bureau/postdocs/isem/hybscan/data/SRR5437981.fastp.megahit.busco.bwa.fastp.angsd.stats.txt, /home/arthur/Bureau/postdocs/isem/hybscan/data/SRR5437981.fastp.megahit.busco.bwa.fastp.angsd.counts.txt

RuleException:
CalledProcessError in line 378 of /home/arthur/Bureau/postdocs/isem/hybscan/hybrid_scan/Snakefile:
Command ' set -euo pipefail;  samtools faidx /home/arthur/Bureau/postdocs/isem/hybscan/data/SRR5437981.fastp.megahit.busco.fasta;set +eu;. $(conda info --base)/etc/profile.d/conda.sh;conda activate angsd_env;echo /home/arthur/Bureau/postdocs/isem/hybscan/data/SRR5437981.fastp.megahit.busco.bwa.fastp.bam > /home/arthur/Bureau/postdocs/isem/hybscan/data/SRR5437981.fastp.megahit.busco.bwa.fastp.angsd.bamlist;angsd -anc /home/arthur/Bureau/postdocs/isem/hybscan/data/SRR5437981.fastp.megahit.busco.fasta -doSaf 1 -GL 1 -bam /home/arthur/Bureau/postdocs/isem/hybscan/data/SRR5437981.fastp.megahit.busco.bwa.fastp.angsd.bamlist -out /home/arthur/Bureau/postdocs/isem/hybscan/data/SRR5437981.fastp.megahit.busco.bwa.fastp.angsd;realSFS /home/arthur/Bureau/postdocs/isem/hybscan/data/SRR5437981.fastp.megahit.busco.bwa.fastp.angsd.saf.idx > /home/arthur/Bureau/postdocs/isem/hybscan/data/SRR5437981.fastp.megahit.busco.bwa.fastp.angsd.sfs;angsd -anc /home/arthur/Bureau/postdocs/isem/hybscan/data/SRR5437981.fastp.megahit.busco.fasta -doThetas 1 -doSaf 1 -pest /home/arthur/Bureau/postdocs/isem/hybscan/data/SRR5437981.fastp.megahit.busco.bwa.fastp.angsd.sfs -bam /home/arthur/Bureau/postdocs/isem/hybscan/data/SRR5437981.fastp.megahit.busco.bwa.fastp.angsd.bamlist -out /home/arthur/Bureau/postdocs/isem/hybscan/data/SRR5437981.fastp.megahit.busco.bwa.fastp.angsd -GL 1;thetaStat do_stat /home/arthur/Bureau/postdocs/isem/hybscan/data/SRR5437981.fastp.megahit.busco.bwa.fastp.angsd.thetas.idx;cp /home/arthur/Bureau/postdocs/isem/hybscan/data/SRR5437981.fastp.megahit.busco.bwa.fastp.angsd.thetas.idx.pestPG /home/arthur/Bureau/postdocs/isem/hybscan/data/SRR5437981.fastp.megahit.busco.bwa.fastp.angsd.stats.txt; awk 'NR!=1{print $2" "$14+1" "$4}' /home/arthur/Bureau/postdocs/isem/hybscan/data/SRR5437981.fastp.megahit.busco.bwa.fastp.angsd.stats.txt | tr "-" " " | sort -n -k 2 | sed 's/ /-/' > /home/arthur/Bureau/postdocs/isem/hybscan/data/SRR5437981.fastp.megahit.busco.bwa.fastp.angsd.counts.txt; ' returned non-zero exit status 2.
  File "/home/arthur/Bureau/postdocs/isem/hybscan/hybrid_scan/Snakefile", line 378, in __rule_angsd_run
  File "/home/arthur/bin/miniconda/envs/hybscan_env/lib/python3.6/concurrent/futures/thread.py", line 56, in run
Removing output files of failed job angsd_run since they might be corrupted:
/home/arthur/Bureau/postdocs/isem/hybscan/data/SRR5437981.fastp.megahit.busco.bwa.fastp.angsd.bamlist, /home/arthur/Bureau/postdocs/isem/hybscan/data/SRR5437981.fastp.megahit.busco.bwa.fastp.angsd.saf.idx, /home/arthur/Bureau/postdocs/isem/hybscan/data/SRR5437981.fastp.megahit.busco.bwa.fastp.angsd.saf.pos.gz, /home/arthur/Bureau/postdocs/isem/hybscan/data/SRR5437981.fastp.megahit.busco.bwa.fastp.angsd.saf.gz, /home/arthur/Bureau/postdocs/isem/hybscan/data/SRR5437981.fastp.megahit.busco.bwa.fastp.angsd.sfs, /home/arthur/Bureau/postdocs/isem/hybscan/data/SRR5437981.fastp.megahit.busco.bwa.fastp.angsd.arg, /home/arthur/Bureau/postdocs/isem/hybscan/data/SRR5437981.fastp.megahit.busco.bwa.fastp.angsd.counts.txt
[Tue Mar 29 19:17:10 2022]
Finished job 38.
55 of 67 steps (82%) done
[Tue Mar 29 19:17:10 2022]
Finished job 37.
56 of 67 steps (84%) done
[Tue Mar 29 19:17:10 2022]
Finished job 8.
57 of 67 steps (85%) done
[Tue Mar 29 19:17:11 2022]
Finished job 2.
58 of 67 steps (87%) done
[Tue Mar 29 19:17:11 2022]
Finished job 1.
59 of 67 steps (88%) done
Shutting down, this might take some time.
Exiting because a job execution failed. Look above for error message
Complete log: /home/arthur/Bureau/postdocs/isem/hybscan/hybrid_scan/.snakemake/log/2022-03-29T183830.977471.snakemake.log
