Building DAG of jobs...
Using shell: /usr/bin/bash
Provided cores: 8
Rules claiming more threads will be scaled down.
Job counts:
	count	jobs
	1	all
	5	angsd_run
	5	bwa_indexing
	5	bwa_pese_run
	15	contamfilter_run
	4	divergence_estimations_gather
	20	divergence_estimations_run
	5	fastp_pe_run
	5	freebayes_individual_run
	15	het_sites_count_run
	5	megahit_pese_run
	5	phyluce_run
	5	samtools_bam_index
	5	samtools_fasta_index
	5	vcftools_filter_run
	105

[Mon Mar 28 12:37:08 2022]
rule fastp_pe_run:
    input: /home/arthur/Bureau/postdocs/isem/hybscan/data/SRR5437984_1.fastq.gz, /home/arthur/Bureau/postdocs/isem/hybscan/data/SRR5437984_2.fastq.gz
    output: /home/arthur/Bureau/postdocs/isem/hybscan/data/SRR5437984_1.fastp.fastq.gz, /home/arthur/Bureau/postdocs/isem/hybscan/data/SRR5437984_2.fastp.fastq.gz, /home/arthur/Bureau/postdocs/isem/hybscan/data/SRR5437984.fastp.fastq.gz, /home/arthur/Bureau/postdocs/isem/hybscan/data/SRR5437984.fastp.json, /home/arthur/Bureau/postdocs/isem/hybscan/data/SRR5437984.fastp.html
    jobid: 145
    wildcards: PATH=/home/arthur/Bureau/postdocs/isem/hybscan/data, ID=SRR5437984, EXT=.


[Mon Mar 28 12:37:08 2022]
rule fastp_pe_run:
    input: /home/arthur/Bureau/postdocs/isem/hybscan/data/SRR5437978_1.fastq.gz, /home/arthur/Bureau/postdocs/isem/hybscan/data/SRR5437978_2.fastq.gz
    output: /home/arthur/Bureau/postdocs/isem/hybscan/data/SRR5437978_1.fastp.fastq.gz, /home/arthur/Bureau/postdocs/isem/hybscan/data/SRR5437978_2.fastp.fastq.gz, /home/arthur/Bureau/postdocs/isem/hybscan/data/SRR5437978.fastp.fastq.gz, /home/arthur/Bureau/postdocs/isem/hybscan/data/SRR5437978.fastp.json, /home/arthur/Bureau/postdocs/isem/hybscan/data/SRR5437978.fastp.html
    jobid: 151
    wildcards: PATH=/home/arthur/Bureau/postdocs/isem/hybscan/data, ID=SRR5437978, EXT=.


[Mon Mar 28 12:37:08 2022]
rule fastp_pe_run:
    input: /home/arthur/Bureau/postdocs/isem/hybscan/data/SRR5406035_1.fastq.gz, /home/arthur/Bureau/postdocs/isem/hybscan/data/SRR5406035_2.fastq.gz
    output: /home/arthur/Bureau/postdocs/isem/hybscan/data/SRR5406035_1.fastp.fastq.gz, /home/arthur/Bureau/postdocs/isem/hybscan/data/SRR5406035_2.fastp.fastq.gz, /home/arthur/Bureau/postdocs/isem/hybscan/data/SRR5406035.fastp.fastq.gz, /home/arthur/Bureau/postdocs/isem/hybscan/data/SRR5406035.fastp.json, /home/arthur/Bureau/postdocs/isem/hybscan/data/SRR5406035.fastp.html
    jobid: 141
    wildcards: PATH=/home/arthur/Bureau/postdocs/isem/hybscan/data, ID=SRR5406035, EXT=.


[Mon Mar 28 12:37:08 2022]
rule fastp_pe_run:
    input: /home/arthur/Bureau/postdocs/isem/hybscan/data/SRR5406101_1.fastq.gz, /home/arthur/Bureau/postdocs/isem/hybscan/data/SRR5406101_2.fastq.gz
    output: /home/arthur/Bureau/postdocs/isem/hybscan/data/SRR5406101_1.fastp.fastq.gz, /home/arthur/Bureau/postdocs/isem/hybscan/data/SRR5406101_2.fastp.fastq.gz, /home/arthur/Bureau/postdocs/isem/hybscan/data/SRR5406101.fastp.fastq.gz, /home/arthur/Bureau/postdocs/isem/hybscan/data/SRR5406101.fastp.json, /home/arthur/Bureau/postdocs/isem/hybscan/data/SRR5406101.fastp.html
    jobid: 167
    wildcards: PATH=/home/arthur/Bureau/postdocs/isem/hybscan/data, ID=SRR5406101, EXT=.


[Mon Mar 28 12:37:08 2022]
rule fastp_pe_run:
    input: /home/arthur/Bureau/postdocs/isem/hybscan/data/SRR5437932_1.fastq.gz, /home/arthur/Bureau/postdocs/isem/hybscan/data/SRR5437932_2.fastq.gz
    output: /home/arthur/Bureau/postdocs/isem/hybscan/data/SRR5437932_1.fastp.fastq.gz, /home/arthur/Bureau/postdocs/isem/hybscan/data/SRR5437932_2.fastp.fastq.gz, /home/arthur/Bureau/postdocs/isem/hybscan/data/SRR5437932.fastp.fastq.gz, /home/arthur/Bureau/postdocs/isem/hybscan/data/SRR5437932.fastp.json, /home/arthur/Bureau/postdocs/isem/hybscan/data/SRR5437932.fastp.html
    jobid: 157
    wildcards: PATH=/home/arthur/Bureau/postdocs/isem/hybscan/data, ID=SRR5437932, EXT=.

Removing temporary output file /home/arthur/Bureau/postdocs/isem/hybscan/data/SRR5406035.fastp.json.
Removing temporary output file /home/arthur/Bureau/postdocs/isem/hybscan/data/SRR5406035.fastp.html.
[Mon Mar 28 12:37:15 2022]
Finished job 141.
1 of 105 steps (0.95%) done

[Mon Mar 28 12:37:15 2022]
rule megahit_pese_run:
    input: /home/arthur/Bureau/postdocs/isem/hybscan/data/SRR5406035_1.fastp.fastq.gz, /home/arthur/Bureau/postdocs/isem/hybscan/data/SRR5406035_2.fastp.fastq.gz, /home/arthur/Bureau/postdocs/isem/hybscan/data/SRR5406035.fastp.fastq.gz
    output: /home/arthur/Bureau/postdocs/isem/hybscan/data/SRR5406035.fastp.megahit.fasta, /home/arthur/Bureau/postdocs/isem/hybscan/data/SRR5406035.fastp.megahit.log, /home/arthur/Bureau/postdocs/isem/hybscan/data/SRR5406035.fastp.megahit
    jobid: 143
    wildcards: PATH=/home/arthur/Bureau/postdocs/isem/hybscan/data, ID=SRR5406035, EXT=.fastp.
    threads: 4

Removing temporary output file /home/arthur/Bureau/postdocs/isem/hybscan/data/SRR5437984.fastp.json.
Removing temporary output file /home/arthur/Bureau/postdocs/isem/hybscan/data/SRR5437984.fastp.html.
[Mon Mar 28 12:37:27 2022]
Finished job 145.
2 of 105 steps (2%) done
Removing temporary output file /home/arthur/Bureau/postdocs/isem/hybscan/data/SRR5437978.fastp.json.
Removing temporary output file /home/arthur/Bureau/postdocs/isem/hybscan/data/SRR5437978.fastp.html.
[Mon Mar 28 12:37:27 2022]
Finished job 151.
3 of 105 steps (3%) done
Removing temporary output file /home/arthur/Bureau/postdocs/isem/hybscan/data/SRR5437932.fastp.json.
Removing temporary output file /home/arthur/Bureau/postdocs/isem/hybscan/data/SRR5437932.fastp.html.
[Mon Mar 28 12:37:47 2022]
Finished job 157.
4 of 105 steps (4%) done
Removing temporary output file /home/arthur/Bureau/postdocs/isem/hybscan/data/SRR5406101.fastp.json.
Removing temporary output file /home/arthur/Bureau/postdocs/isem/hybscan/data/SRR5406101.fastp.html.
[Mon Mar 28 12:38:09 2022]
Finished job 167.
5 of 105 steps (5%) done

[Mon Mar 28 12:38:09 2022]
rule megahit_pese_run:
    input: /home/arthur/Bureau/postdocs/isem/hybscan/data/SRR5406101_1.fastp.fastq.gz, /home/arthur/Bureau/postdocs/isem/hybscan/data/SRR5406101_2.fastp.fastq.gz, /home/arthur/Bureau/postdocs/isem/hybscan/data/SRR5406101.fastp.fastq.gz
    output: /home/arthur/Bureau/postdocs/isem/hybscan/data/SRR5406101.fastp.megahit.fasta, /home/arthur/Bureau/postdocs/isem/hybscan/data/SRR5406101.fastp.megahit.log, /home/arthur/Bureau/postdocs/isem/hybscan/data/SRR5406101.fastp.megahit
    jobid: 165
    wildcards: PATH=/home/arthur/Bureau/postdocs/isem/hybscan/data, ID=SRR5406101, EXT=.fastp.
    threads: 4

Removing temporary output file /home/arthur/Bureau/postdocs/isem/hybscan/data/SRR5406035.fastp.megahit.
[Mon Mar 28 12:38:41 2022]
Finished job 143.
6 of 105 steps (6%) done

[Mon Mar 28 12:38:41 2022]
rule megahit_pese_run:
    input: /home/arthur/Bureau/postdocs/isem/hybscan/data/SRR5437932_1.fastp.fastq.gz, /home/arthur/Bureau/postdocs/isem/hybscan/data/SRR5437932_2.fastp.fastq.gz, /home/arthur/Bureau/postdocs/isem/hybscan/data/SRR5437932.fastp.fastq.gz
    output: /home/arthur/Bureau/postdocs/isem/hybscan/data/SRR5437932.fastp.megahit.fasta, /home/arthur/Bureau/postdocs/isem/hybscan/data/SRR5437932.fastp.megahit.log, /home/arthur/Bureau/postdocs/isem/hybscan/data/SRR5437932.fastp.megahit
    jobid: 158
    wildcards: PATH=/home/arthur/Bureau/postdocs/isem/hybscan/data, ID=SRR5437932, EXT=.fastp.
    threads: 4

Removing temporary output file /home/arthur/Bureau/postdocs/isem/hybscan/data/SRR5437932.fastp.megahit.
[Mon Mar 28 12:46:50 2022]
Finished job 158.
7 of 105 steps (7%) done

[Mon Mar 28 12:46:50 2022]
rule megahit_pese_run:
    input: /home/arthur/Bureau/postdocs/isem/hybscan/data/SRR5437978_1.fastp.fastq.gz, /home/arthur/Bureau/postdocs/isem/hybscan/data/SRR5437978_2.fastp.fastq.gz, /home/arthur/Bureau/postdocs/isem/hybscan/data/SRR5437978.fastp.fastq.gz
    output: /home/arthur/Bureau/postdocs/isem/hybscan/data/SRR5437978.fastp.megahit.fasta, /home/arthur/Bureau/postdocs/isem/hybscan/data/SRR5437978.fastp.megahit.log, /home/arthur/Bureau/postdocs/isem/hybscan/data/SRR5437978.fastp.megahit
    jobid: 152
    wildcards: PATH=/home/arthur/Bureau/postdocs/isem/hybscan/data, ID=SRR5437978, EXT=.fastp.
    threads: 4

Removing temporary output file /home/arthur/Bureau/postdocs/isem/hybscan/data/SRR5437978.fastp.megahit.
[Mon Mar 28 12:49:24 2022]
Finished job 152.
8 of 105 steps (8%) done

[Mon Mar 28 12:49:24 2022]
rule megahit_pese_run:
    input: /home/arthur/Bureau/postdocs/isem/hybscan/data/SRR5437984_1.fastp.fastq.gz, /home/arthur/Bureau/postdocs/isem/hybscan/data/SRR5437984_2.fastp.fastq.gz, /home/arthur/Bureau/postdocs/isem/hybscan/data/SRR5437984.fastp.fastq.gz
    output: /home/arthur/Bureau/postdocs/isem/hybscan/data/SRR5437984.fastp.megahit.fasta, /home/arthur/Bureau/postdocs/isem/hybscan/data/SRR5437984.fastp.megahit.log, /home/arthur/Bureau/postdocs/isem/hybscan/data/SRR5437984.fastp.megahit
    jobid: 146
    wildcards: PATH=/home/arthur/Bureau/postdocs/isem/hybscan/data, ID=SRR5437984, EXT=.fastp.
    threads: 4

Removing temporary output file /home/arthur/Bureau/postdocs/isem/hybscan/data/SRR5437984.fastp.megahit.
[Mon Mar 28 12:52:06 2022]
Finished job 146.
9 of 105 steps (9%) done

[Mon Mar 28 12:52:06 2022]
rule phyluce_run:
    input: /home/arthur/Bureau/postdocs/isem/hybscan/data/SRR5437978.fastp.megahit.fasta, /home/arthur/Bureau/postdocs/isem/hybscan/pipeline/tools/uce-probes.fasta
    output: /home/arthur/Bureau/postdocs/isem/hybscan/data/SRR5437978.fastp.megahit.phyluce, /home/arthur/Bureau/postdocs/isem/hybscan/data/SRR5437978.fastp.megahit.phyluce.fasta, /home/arthur/Bureau/postdocs/isem/hybscan/data/SRR5437978.fastp.megahit.phyluce.log
    jobid: 115
    wildcards: PATH=/home/arthur/Bureau/postdocs/isem/hybscan/data, ID=SRR5437978, EXT=.fastp.megahit.


[Mon Mar 28 12:52:06 2022]
rule phyluce_run:
    input: /home/arthur/Bureau/postdocs/isem/hybscan/data/SRR5437984.fastp.megahit.fasta, /home/arthur/Bureau/postdocs/isem/hybscan/pipeline/tools/uce-probes.fasta
    output: /home/arthur/Bureau/postdocs/isem/hybscan/data/SRR5437984.fastp.megahit.phyluce, /home/arthur/Bureau/postdocs/isem/hybscan/data/SRR5437984.fastp.megahit.phyluce.fasta, /home/arthur/Bureau/postdocs/isem/hybscan/data/SRR5437984.fastp.megahit.phyluce.log
    jobid: 110
    wildcards: PATH=/home/arthur/Bureau/postdocs/isem/hybscan/data, ID=SRR5437984, EXT=.fastp.megahit.


[Mon Mar 28 12:52:06 2022]
rule phyluce_run:
    input: /home/arthur/Bureau/postdocs/isem/hybscan/data/SRR5406035.fastp.megahit.fasta, /home/arthur/Bureau/postdocs/isem/hybscan/pipeline/tools/uce-probes.fasta
    output: /home/arthur/Bureau/postdocs/isem/hybscan/data/SRR5406035.fastp.megahit.phyluce, /home/arthur/Bureau/postdocs/isem/hybscan/data/SRR5406035.fastp.megahit.phyluce.fasta, /home/arthur/Bureau/postdocs/isem/hybscan/data/SRR5406035.fastp.megahit.phyluce.log
    jobid: 106
    wildcards: PATH=/home/arthur/Bureau/postdocs/isem/hybscan/data, ID=SRR5406035, EXT=.fastp.megahit.


[Mon Mar 28 12:52:06 2022]
rule phyluce_run:
    input: /home/arthur/Bureau/postdocs/isem/hybscan/data/SRR5437932.fastp.megahit.fasta, /home/arthur/Bureau/postdocs/isem/hybscan/pipeline/tools/uce-probes.fasta
    output: /home/arthur/Bureau/postdocs/isem/hybscan/data/SRR5437932.fastp.megahit.phyluce, /home/arthur/Bureau/postdocs/isem/hybscan/data/SRR5437932.fastp.megahit.phyluce.fasta, /home/arthur/Bureau/postdocs/isem/hybscan/data/SRR5437932.fastp.megahit.phyluce.log
    jobid: 122
    wildcards: PATH=/home/arthur/Bureau/postdocs/isem/hybscan/data, ID=SRR5437932, EXT=.fastp.megahit.

Removing temporary output file /home/arthur/Bureau/postdocs/isem/hybscan/data/SRR5406035.fastp.megahit.phyluce.
[Mon Mar 28 12:52:15 2022]
Finished job 106.
10 of 105 steps (10%) done

[Mon Mar 28 12:52:15 2022]
rule bwa_indexing:
    input: /home/arthur/Bureau/postdocs/isem/hybscan/data/SRR5406035.fastp.megahit.phyluce.fasta
    output: /home/arthur/Bureau/postdocs/isem/hybscan/data/SRR5406035.fastp.megahit.phyluce.fasta.amb, /home/arthur/Bureau/postdocs/isem/hybscan/data/SRR5406035.fastp.megahit.phyluce.fasta.ann, /home/arthur/Bureau/postdocs/isem/hybscan/data/SRR5406035.fastp.megahit.phyluce.fasta.pac, /home/arthur/Bureau/postdocs/isem/hybscan/data/SRR5406035.fastp.megahit.phyluce.fasta.bwt.2bit.64, /home/arthur/Bureau/postdocs/isem/hybscan/data/SRR5406035.fastp.megahit.phyluce.fasta.0123
    jobid: 142
    wildcards: PATH=/home/arthur/Bureau/postdocs/isem/hybscan/data/SRR5406035.fastp.megahit.phyluce

[Mon Mar 28 12:52:16 2022]
Finished job 142.
11 of 105 steps (10%) done

[Mon Mar 28 12:52:16 2022]
rule samtools_fasta_index:
    input: /home/arthur/Bureau/postdocs/isem/hybscan/data/SRR5406035.fastp.megahit.phyluce.fasta
    output: /home/arthur/Bureau/postdocs/isem/hybscan/data/SRR5406035.fastp.megahit.phyluce.fasta.fai
    jobid: 185
    wildcards: PATH=/home/arthur/Bureau/postdocs/isem/hybscan/data/SRR5406035.fastp.megahit.phyluce

[Mon Mar 28 12:52:16 2022]
Finished job 185.
12 of 105 steps (11%) done
Removing temporary output file /home/arthur/Bureau/postdocs/isem/hybscan/data/SRR5437978.fastp.megahit.phyluce.
[Mon Mar 28 12:52:17 2022]
Finished job 115.
13 of 105 steps (12%) done

[Mon Mar 28 12:52:17 2022]
rule samtools_fasta_index:
    input: /home/arthur/Bureau/postdocs/isem/hybscan/data/SRR5437978.fastp.megahit.phyluce.fasta
    output: /home/arthur/Bureau/postdocs/isem/hybscan/data/SRR5437978.fastp.megahit.phyluce.fasta.fai
    jobid: 177
    wildcards: PATH=/home/arthur/Bureau/postdocs/isem/hybscan/data/SRR5437978.fastp.megahit.phyluce


[Mon Mar 28 12:52:17 2022]
rule bwa_indexing:
    input: /home/arthur/Bureau/postdocs/isem/hybscan/data/SRR5437978.fastp.megahit.phyluce.fasta
    output: /home/arthur/Bureau/postdocs/isem/hybscan/data/SRR5437978.fastp.megahit.phyluce.fasta.amb, /home/arthur/Bureau/postdocs/isem/hybscan/data/SRR5437978.fastp.megahit.phyluce.fasta.ann, /home/arthur/Bureau/postdocs/isem/hybscan/data/SRR5437978.fastp.megahit.phyluce.fasta.pac, /home/arthur/Bureau/postdocs/isem/hybscan/data/SRR5437978.fastp.megahit.phyluce.fasta.bwt.2bit.64, /home/arthur/Bureau/postdocs/isem/hybscan/data/SRR5437978.fastp.megahit.phyluce.fasta.0123
    jobid: 150
    wildcards: PATH=/home/arthur/Bureau/postdocs/isem/hybscan/data/SRR5437978.fastp.megahit.phyluce

[Mon Mar 28 12:52:17 2022]
Finished job 177.
14 of 105 steps (13%) done
Removing temporary output file /home/arthur/Bureau/postdocs/isem/hybscan/data/SRR5437984.fastp.megahit.phyluce.
[Mon Mar 28 12:52:17 2022]
Finished job 110.
15 of 105 steps (14%) done

[Mon Mar 28 12:52:17 2022]
rule bwa_indexing:
    input: /home/arthur/Bureau/postdocs/isem/hybscan/data/SRR5437984.fastp.megahit.phyluce.fasta
    output: /home/arthur/Bureau/postdocs/isem/hybscan/data/SRR5437984.fastp.megahit.phyluce.fasta.amb, /home/arthur/Bureau/postdocs/isem/hybscan/data/SRR5437984.fastp.megahit.phyluce.fasta.ann, /home/arthur/Bureau/postdocs/isem/hybscan/data/SRR5437984.fastp.megahit.phyluce.fasta.pac, /home/arthur/Bureau/postdocs/isem/hybscan/data/SRR5437984.fastp.megahit.phyluce.fasta.bwt.2bit.64, /home/arthur/Bureau/postdocs/isem/hybscan/data/SRR5437984.fastp.megahit.phyluce.fasta.0123
    jobid: 144
    wildcards: PATH=/home/arthur/Bureau/postdocs/isem/hybscan/data/SRR5437984.fastp.megahit.phyluce


[Mon Mar 28 12:52:17 2022]
rule samtools_fasta_index:
    input: /home/arthur/Bureau/postdocs/isem/hybscan/data/SRR5437984.fastp.megahit.phyluce.fasta
    output: /home/arthur/Bureau/postdocs/isem/hybscan/data/SRR5437984.fastp.megahit.phyluce.fasta.fai
    jobid: 179
    wildcards: PATH=/home/arthur/Bureau/postdocs/isem/hybscan/data/SRR5437984.fastp.megahit.phyluce

[Mon Mar 28 12:52:17 2022]
Finished job 179.
16 of 105 steps (15%) done
[Mon Mar 28 12:52:18 2022]
Finished job 150.
17 of 105 steps (16%) done
[Mon Mar 28 12:52:19 2022]
Finished job 144.
18 of 105 steps (17%) done
Removing temporary output file /home/arthur/Bureau/postdocs/isem/hybscan/data/SRR5437932.fastp.megahit.phyluce.
[Mon Mar 28 12:52:25 2022]
Finished job 122.
19 of 105 steps (18%) done

[Mon Mar 28 12:52:25 2022]
rule bwa_pese_run:
    input: /home/arthur/Bureau/postdocs/isem/hybscan/data/SRR5437978.fastp.megahit.phyluce.fasta.amb, /home/arthur/Bureau/postdocs/isem/hybscan/data/SRR5437978.fastp.megahit.phyluce.fasta.ann, /home/arthur/Bureau/postdocs/isem/hybscan/data/SRR5437978.fastp.megahit.phyluce.fasta.pac, /home/arthur/Bureau/postdocs/isem/hybscan/data/SRR5437978.fastp.megahit.phyluce.fasta.bwt.2bit.64, /home/arthur/Bureau/postdocs/isem/hybscan/data/SRR5437978.fastp.megahit.phyluce.fasta.0123, /home/arthur/Bureau/postdocs/isem/hybscan/data/SRR5437978_1.fastp.fastq.gz, /home/arthur/Bureau/postdocs/isem/hybscan/data/SRR5437978_2.fastp.fastq.gz, /home/arthur/Bureau/postdocs/isem/hybscan/data/SRR5437978.fastp.fastq.gz, /home/arthur/Bureau/postdocs/isem/hybscan/data/SRR5437978.fastp.megahit.phyluce.fasta
    output: /home/arthur/Bureau/postdocs/isem/hybscan/data/SRR5437978.fastp.megahit.phyluce.bwa.fastp.se.bam, /home/arthur/Bureau/postdocs/isem/hybscan/data/SRR5437978.fastp.megahit.phyluce.bwa.fastp.pe.bam, /home/arthur/Bureau/postdocs/isem/hybscan/data/SRR5437978.fastp.megahit.phyluce.bwa.fastp.bam
    jobid: 114
    wildcards: PATH=/home/arthur/Bureau/postdocs/isem/hybscan/data, ID=SRR5437978, EXT=.fastp.megahit.phyluce., EXT2=.fastp.
    threads: 4

Removing temporary output file /home/arthur/Bureau/postdocs/isem/hybscan/data/SRR5437978.fastp.megahit.phyluce.fasta.pac.
Removing temporary output file /home/arthur/Bureau/postdocs/isem/hybscan/data/SRR5437978.fastp.megahit.phyluce.fasta.ann.
Removing temporary output file /home/arthur/Bureau/postdocs/isem/hybscan/data/SRR5437978.fastp.megahit.phyluce.fasta.bwt.2bit.64.
Removing temporary output file /home/arthur/Bureau/postdocs/isem/hybscan/data/SRR5437978.fastp.megahit.phyluce.fasta.0123.
Removing temporary output file /home/arthur/Bureau/postdocs/isem/hybscan/data/SRR5437978.fastp.megahit.phyluce.fasta.amb.
Removing temporary output file /home/arthur/Bureau/postdocs/isem/hybscan/data/SRR5437978_2.fastp.fastq.gz.
Removing temporary output file /home/arthur/Bureau/postdocs/isem/hybscan/data/SRR5437978.fastp.fastq.gz.
Removing temporary output file /home/arthur/Bureau/postdocs/isem/hybscan/data/SRR5437978_1.fastp.fastq.gz.
Removing temporary output file /home/arthur/Bureau/postdocs/isem/hybscan/data/SRR5437978.fastp.megahit.phyluce.bwa.fastp.se.bam.
Removing temporary output file /home/arthur/Bureau/postdocs/isem/hybscan/data/SRR5437978.fastp.megahit.phyluce.bwa.fastp.pe.bam.
[Mon Mar 28 12:52:41 2022]
Finished job 114.
20 of 105 steps (19%) done

[Mon Mar 28 12:52:41 2022]
rule bwa_pese_run:
    input: /home/arthur/Bureau/postdocs/isem/hybscan/data/SRR5437984.fastp.megahit.phyluce.fasta.amb, /home/arthur/Bureau/postdocs/isem/hybscan/data/SRR5437984.fastp.megahit.phyluce.fasta.ann, /home/arthur/Bureau/postdocs/isem/hybscan/data/SRR5437984.fastp.megahit.phyluce.fasta.pac, /home/arthur/Bureau/postdocs/isem/hybscan/data/SRR5437984.fastp.megahit.phyluce.fasta.bwt.2bit.64, /home/arthur/Bureau/postdocs/isem/hybscan/data/SRR5437984.fastp.megahit.phyluce.fasta.0123, /home/arthur/Bureau/postdocs/isem/hybscan/data/SRR5437984_1.fastp.fastq.gz, /home/arthur/Bureau/postdocs/isem/hybscan/data/SRR5437984_2.fastp.fastq.gz, /home/arthur/Bureau/postdocs/isem/hybscan/data/SRR5437984.fastp.fastq.gz, /home/arthur/Bureau/postdocs/isem/hybscan/data/SRR5437984.fastp.megahit.phyluce.fasta
    output: /home/arthur/Bureau/postdocs/isem/hybscan/data/SRR5437984.fastp.megahit.phyluce.bwa.fastp.se.bam, /home/arthur/Bureau/postdocs/isem/hybscan/data/SRR5437984.fastp.megahit.phyluce.bwa.fastp.pe.bam, /home/arthur/Bureau/postdocs/isem/hybscan/data/SRR5437984.fastp.megahit.phyluce.bwa.fastp.bam
    jobid: 108
    wildcards: PATH=/home/arthur/Bureau/postdocs/isem/hybscan/data, ID=SRR5437984, EXT=.fastp.megahit.phyluce., EXT2=.fastp.
    threads: 4

Removing temporary output file /home/arthur/Bureau/postdocs/isem/hybscan/data/SRR5437984.fastp.megahit.phyluce.fasta.ann.
Removing temporary output file /home/arthur/Bureau/postdocs/isem/hybscan/data/SRR5437984.fastp.megahit.phyluce.fasta.0123.
Removing temporary output file /home/arthur/Bureau/postdocs/isem/hybscan/data/SRR5437984.fastp.megahit.phyluce.fasta.bwt.2bit.64.
Removing temporary output file /home/arthur/Bureau/postdocs/isem/hybscan/data/SRR5437984.fastp.megahit.phyluce.fasta.pac.
Removing temporary output file /home/arthur/Bureau/postdocs/isem/hybscan/data/SRR5437984.fastp.megahit.phyluce.fasta.amb.
Removing temporary output file /home/arthur/Bureau/postdocs/isem/hybscan/data/SRR5437984.fastp.fastq.gz.
Removing temporary output file /home/arthur/Bureau/postdocs/isem/hybscan/data/SRR5437984_2.fastp.fastq.gz.
Removing temporary output file /home/arthur/Bureau/postdocs/isem/hybscan/data/SRR5437984_1.fastp.fastq.gz.
Removing temporary output file /home/arthur/Bureau/postdocs/isem/hybscan/data/SRR5437984.fastp.megahit.phyluce.bwa.fastp.se.bam.
Removing temporary output file /home/arthur/Bureau/postdocs/isem/hybscan/data/SRR5437984.fastp.megahit.phyluce.bwa.fastp.pe.bam.
[Mon Mar 28 12:52:58 2022]
Finished job 108.
21 of 105 steps (20%) done

[Mon Mar 28 12:52:58 2022]
rule bwa_pese_run:
    input: /home/arthur/Bureau/postdocs/isem/hybscan/data/SRR5406035.fastp.megahit.phyluce.fasta.amb, /home/arthur/Bureau/postdocs/isem/hybscan/data/SRR5406035.fastp.megahit.phyluce.fasta.ann, /home/arthur/Bureau/postdocs/isem/hybscan/data/SRR5406035.fastp.megahit.phyluce.fasta.pac, /home/arthur/Bureau/postdocs/isem/hybscan/data/SRR5406035.fastp.megahit.phyluce.fasta.bwt.2bit.64, /home/arthur/Bureau/postdocs/isem/hybscan/data/SRR5406035.fastp.megahit.phyluce.fasta.0123, /home/arthur/Bureau/postdocs/isem/hybscan/data/SRR5406035_1.fastp.fastq.gz, /home/arthur/Bureau/postdocs/isem/hybscan/data/SRR5406035_2.fastp.fastq.gz, /home/arthur/Bureau/postdocs/isem/hybscan/data/SRR5406035.fastp.fastq.gz, /home/arthur/Bureau/postdocs/isem/hybscan/data/SRR5406035.fastp.megahit.phyluce.fasta
    output: /home/arthur/Bureau/postdocs/isem/hybscan/data/SRR5406035.fastp.megahit.phyluce.bwa.fastp.se.bam, /home/arthur/Bureau/postdocs/isem/hybscan/data/SRR5406035.fastp.megahit.phyluce.bwa.fastp.pe.bam, /home/arthur/Bureau/postdocs/isem/hybscan/data/SRR5406035.fastp.megahit.phyluce.bwa.fastp.bam
    jobid: 105
    wildcards: PATH=/home/arthur/Bureau/postdocs/isem/hybscan/data, ID=SRR5406035, EXT=.fastp.megahit.phyluce., EXT2=.fastp.
    threads: 4

Removing temporary output file /home/arthur/Bureau/postdocs/isem/hybscan/data/SRR5406035.fastp.fastq.gz.
Removing temporary output file /home/arthur/Bureau/postdocs/isem/hybscan/data/SRR5406035_2.fastp.fastq.gz.
Removing temporary output file /home/arthur/Bureau/postdocs/isem/hybscan/data/SRR5406035_1.fastp.fastq.gz.
Removing temporary output file /home/arthur/Bureau/postdocs/isem/hybscan/data/SRR5406035.fastp.megahit.phyluce.fasta.amb.
Removing temporary output file /home/arthur/Bureau/postdocs/isem/hybscan/data/SRR5406035.fastp.megahit.phyluce.fasta.pac.
Removing temporary output file /home/arthur/Bureau/postdocs/isem/hybscan/data/SRR5406035.fastp.megahit.phyluce.fasta.0123.
Removing temporary output file /home/arthur/Bureau/postdocs/isem/hybscan/data/SRR5406035.fastp.megahit.phyluce.fasta.bwt.2bit.64.
Removing temporary output file /home/arthur/Bureau/postdocs/isem/hybscan/data/SRR5406035.fastp.megahit.phyluce.fasta.ann.
Removing temporary output file /home/arthur/Bureau/postdocs/isem/hybscan/data/SRR5406035.fastp.megahit.phyluce.bwa.fastp.se.bam.
Removing temporary output file /home/arthur/Bureau/postdocs/isem/hybscan/data/SRR5406035.fastp.megahit.phyluce.bwa.fastp.pe.bam.
[Mon Mar 28 12:53:10 2022]
Finished job 105.
22 of 105 steps (21%) done

[Mon Mar 28 12:53:10 2022]
rule samtools_bam_index:
    input: /home/arthur/Bureau/postdocs/isem/hybscan/data/SRR5437978.fastp.megahit.phyluce.bwa.fastp.bam
    output: /home/arthur/Bureau/postdocs/isem/hybscan/data/SRR5437978.fastp.megahit.phyluce.bwa.fastp.bam.bai
    jobid: 116
    wildcards: PATH=/home/arthur/Bureau/postdocs/isem/hybscan/data/SRR5437978.fastp.megahit.phyluce.bwa.fastp


[Mon Mar 28 12:53:10 2022]
rule freebayes_individual_run:
    input: /home/arthur/Bureau/postdocs/isem/hybscan/data/SRR5406035.fastp.megahit.phyluce.bwa.fastp.bam, /home/arthur/Bureau/postdocs/isem/hybscan/data/SRR5406035.fastp.megahit.phyluce.fasta, /home/arthur/Bureau/postdocs/isem/hybscan/data/SRR5406035.fastp.megahit.phyluce.fasta.fai
    output: /home/arthur/Bureau/postdocs/isem/hybscan/data/SRR5406035.fastp.megahit.phyluce.bwa.fastp.freebayes.vcf
    jobid: 176
    wildcards: PATH=/home/arthur/Bureau/postdocs/isem/hybscan/data, ID=SRR5406035, EXT=.fastp.megahit.phyluce., EXT2=.fastp.


[Mon Mar 28 12:53:10 2022]
rule freebayes_individual_run:
    input: /home/arthur/Bureau/postdocs/isem/hybscan/data/SRR5437978.fastp.megahit.phyluce.bwa.fastp.bam, /home/arthur/Bureau/postdocs/isem/hybscan/data/SRR5437978.fastp.megahit.phyluce.fasta, /home/arthur/Bureau/postdocs/isem/hybscan/data/SRR5437978.fastp.megahit.phyluce.fasta.fai
    output: /home/arthur/Bureau/postdocs/isem/hybscan/data/SRR5437978.fastp.megahit.phyluce.bwa.fastp.freebayes.vcf
    jobid: 168
    wildcards: PATH=/home/arthur/Bureau/postdocs/isem/hybscan/data, ID=SRR5437978, EXT=.fastp.megahit.phyluce., EXT2=.fastp.


[Mon Mar 28 12:53:10 2022]
rule freebayes_individual_run:
    input: /home/arthur/Bureau/postdocs/isem/hybscan/data/SRR5437984.fastp.megahit.phyluce.bwa.fastp.bam, /home/arthur/Bureau/postdocs/isem/hybscan/data/SRR5437984.fastp.megahit.phyluce.fasta, /home/arthur/Bureau/postdocs/isem/hybscan/data/SRR5437984.fastp.megahit.phyluce.fasta.fai
    output: /home/arthur/Bureau/postdocs/isem/hybscan/data/SRR5437984.fastp.megahit.phyluce.bwa.fastp.freebayes.vcf
    jobid: 170
    wildcards: PATH=/home/arthur/Bureau/postdocs/isem/hybscan/data, ID=SRR5437984, EXT=.fastp.megahit.phyluce., EXT2=.fastp.

[Mon Mar 28 12:53:10 2022]
Finished job 116.
23 of 105 steps (22%) done

[Mon Mar 28 12:53:10 2022]
rule angsd_run:
    input: /home/arthur/Bureau/postdocs/isem/hybscan/data/SRR5437978.fastp.megahit.phyluce.bwa.fastp.bam, /home/arthur/Bureau/postdocs/isem/hybscan/data/SRR5437978.fastp.megahit.phyluce.bwa.fastp.bam.bai, /home/arthur/Bureau/postdocs/isem/hybscan/data/SRR5437978.fastp.megahit.phyluce.fasta
    output: /home/arthur/Bureau/postdocs/isem/hybscan/data/SRR5437978.fastp.megahit.phyluce.bwa.fastp.angsd.bamlist, /home/arthur/Bureau/postdocs/isem/hybscan/data/SRR5437978.fastp.megahit.phyluce.bwa.fastp.angsd.saf.idx, /home/arthur/Bureau/postdocs/isem/hybscan/data/SRR5437978.fastp.megahit.phyluce.bwa.fastp.angsd.saf.pos.gz, /home/arthur/Bureau/postdocs/isem/hybscan/data/SRR5437978.fastp.megahit.phyluce.bwa.fastp.angsd.saf.gz, /home/arthur/Bureau/postdocs/isem/hybscan/data/SRR5437978.fastp.megahit.phyluce.bwa.fastp.angsd.sfs, /home/arthur/Bureau/postdocs/isem/hybscan/data/SRR5437978.fastp.megahit.phyluce.bwa.fastp.angsd.thetas.idx, /home/arthur/Bureau/postdocs/isem/hybscan/data/SRR5437978.fastp.megahit.phyluce.bwa.fastp.angsd.thetas.gz, /home/arthur/Bureau/postdocs/isem/hybscan/data/SRR5437978.fastp.megahit.phyluce.bwa.fastp.angsd.thetas.idx.pestPG, /home/arthur/Bureau/postdocs/isem/hybscan/data/SRR5437978.fastp.megahit.phyluce.bwa.fastp.angsd.arg, /home/arthur/Bureau/postdocs/isem/hybscan/data/SRR5437978.fastp.megahit.phyluce.bwa.fastp.angsd.stats.txt, /home/arthur/Bureau/postdocs/isem/hybscan/data/SRR5437978.fastp.megahit.phyluce.bwa.fastp.angsd.counts.txt
    jobid: 72
    wildcards: PATH=/home/arthur/Bureau/postdocs/isem/hybscan/data, ID=SRR5437978, EXT=.fastp.megahit.phyluce., EXT2=.fastp.

Removing temporary output file /home/arthur/Bureau/postdocs/isem/hybscan/data/SRR5437978.fastp.megahit.phyluce.bwa.fastp.bam.bai.
Removing temporary output file /home/arthur/Bureau/postdocs/isem/hybscan/data/SRR5437978.fastp.megahit.phyluce.bwa.fastp.angsd.bamlist.
Removing temporary output file /home/arthur/Bureau/postdocs/isem/hybscan/data/SRR5437978.fastp.megahit.phyluce.bwa.fastp.angsd.saf.idx.
Removing temporary output file /home/arthur/Bureau/postdocs/isem/hybscan/data/SRR5437978.fastp.megahit.phyluce.bwa.fastp.angsd.saf.pos.gz.
Removing temporary output file /home/arthur/Bureau/postdocs/isem/hybscan/data/SRR5437978.fastp.megahit.phyluce.bwa.fastp.angsd.saf.gz.
Removing temporary output file /home/arthur/Bureau/postdocs/isem/hybscan/data/SRR5437978.fastp.megahit.phyluce.bwa.fastp.angsd.sfs.
Removing temporary output file /home/arthur/Bureau/postdocs/isem/hybscan/data/SRR5437978.fastp.megahit.phyluce.bwa.fastp.angsd.thetas.idx.
Removing temporary output file /home/arthur/Bureau/postdocs/isem/hybscan/data/SRR5437978.fastp.megahit.phyluce.bwa.fastp.angsd.thetas.gz.
Removing temporary output file /home/arthur/Bureau/postdocs/isem/hybscan/data/SRR5437978.fastp.megahit.phyluce.bwa.fastp.angsd.thetas.idx.pestPG.
Removing temporary output file /home/arthur/Bureau/postdocs/isem/hybscan/data/SRR5437978.fastp.megahit.phyluce.bwa.fastp.angsd.arg.
[Mon Mar 28 12:53:21 2022]
Finished job 72.
24 of 105 steps (23%) done

[Mon Mar 28 12:53:21 2022]
rule samtools_bam_index:
    input: /home/arthur/Bureau/postdocs/isem/hybscan/data/SRR5437984.fastp.megahit.phyluce.bwa.fastp.bam
    output: /home/arthur/Bureau/postdocs/isem/hybscan/data/SRR5437984.fastp.megahit.phyluce.bwa.fastp.bam.bai
    jobid: 109
    wildcards: PATH=/home/arthur/Bureau/postdocs/isem/hybscan/data/SRR5437984.fastp.megahit.phyluce.bwa.fastp

[Mon Mar 28 12:53:21 2022]
Finished job 109.
25 of 105 steps (24%) done

[Mon Mar 28 12:53:21 2022]
rule angsd_run:
    input: /home/arthur/Bureau/postdocs/isem/hybscan/data/SRR5437984.fastp.megahit.phyluce.bwa.fastp.bam, /home/arthur/Bureau/postdocs/isem/hybscan/data/SRR5437984.fastp.megahit.phyluce.bwa.fastp.bam.bai, /home/arthur/Bureau/postdocs/isem/hybscan/data/SRR5437984.fastp.megahit.phyluce.fasta
    output: /home/arthur/Bureau/postdocs/isem/hybscan/data/SRR5437984.fastp.megahit.phyluce.bwa.fastp.angsd.bamlist, /home/arthur/Bureau/postdocs/isem/hybscan/data/SRR5437984.fastp.megahit.phyluce.bwa.fastp.angsd.saf.idx, /home/arthur/Bureau/postdocs/isem/hybscan/data/SRR5437984.fastp.megahit.phyluce.bwa.fastp.angsd.saf.pos.gz, /home/arthur/Bureau/postdocs/isem/hybscan/data/SRR5437984.fastp.megahit.phyluce.bwa.fastp.angsd.saf.gz, /home/arthur/Bureau/postdocs/isem/hybscan/data/SRR5437984.fastp.megahit.phyluce.bwa.fastp.angsd.sfs, /home/arthur/Bureau/postdocs/isem/hybscan/data/SRR5437984.fastp.megahit.phyluce.bwa.fastp.angsd.thetas.idx, /home/arthur/Bureau/postdocs/isem/hybscan/data/SRR5437984.fastp.megahit.phyluce.bwa.fastp.angsd.thetas.gz, /home/arthur/Bureau/postdocs/isem/hybscan/data/SRR5437984.fastp.megahit.phyluce.bwa.fastp.angsd.thetas.idx.pestPG, /home/arthur/Bureau/postdocs/isem/hybscan/data/SRR5437984.fastp.megahit.phyluce.bwa.fastp.angsd.arg, /home/arthur/Bureau/postdocs/isem/hybscan/data/SRR5437984.fastp.megahit.phyluce.bwa.fastp.angsd.stats.txt, /home/arthur/Bureau/postdocs/isem/hybscan/data/SRR5437984.fastp.megahit.phyluce.bwa.fastp.angsd.counts.txt
    jobid: 70
    wildcards: PATH=/home/arthur/Bureau/postdocs/isem/hybscan/data, ID=SRR5437984, EXT=.fastp.megahit.phyluce., EXT2=.fastp.

Removing temporary output file /home/arthur/Bureau/postdocs/isem/hybscan/data/SRR5437984.fastp.megahit.phyluce.bwa.fastp.bam.bai.
Removing temporary output file /home/arthur/Bureau/postdocs/isem/hybscan/data/SRR5437984.fastp.megahit.phyluce.bwa.fastp.angsd.bamlist.
Removing temporary output file /home/arthur/Bureau/postdocs/isem/hybscan/data/SRR5437984.fastp.megahit.phyluce.bwa.fastp.angsd.saf.idx.
Removing temporary output file /home/arthur/Bureau/postdocs/isem/hybscan/data/SRR5437984.fastp.megahit.phyluce.bwa.fastp.angsd.saf.pos.gz.
Removing temporary output file /home/arthur/Bureau/postdocs/isem/hybscan/data/SRR5437984.fastp.megahit.phyluce.bwa.fastp.angsd.saf.gz.
Removing temporary output file /home/arthur/Bureau/postdocs/isem/hybscan/data/SRR5437984.fastp.megahit.phyluce.bwa.fastp.angsd.sfs.
Removing temporary output file /home/arthur/Bureau/postdocs/isem/hybscan/data/SRR5437984.fastp.megahit.phyluce.bwa.fastp.angsd.thetas.idx.
Removing temporary output file /home/arthur/Bureau/postdocs/isem/hybscan/data/SRR5437984.fastp.megahit.phyluce.bwa.fastp.angsd.thetas.gz.
Removing temporary output file /home/arthur/Bureau/postdocs/isem/hybscan/data/SRR5437984.fastp.megahit.phyluce.bwa.fastp.angsd.thetas.idx.pestPG.
Removing temporary output file /home/arthur/Bureau/postdocs/isem/hybscan/data/SRR5437984.fastp.megahit.phyluce.bwa.fastp.angsd.arg.
[Mon Mar 28 12:53:31 2022]
Finished job 70.
26 of 105 steps (25%) done

[Mon Mar 28 12:53:31 2022]
rule samtools_bam_index:
    input: /home/arthur/Bureau/postdocs/isem/hybscan/data/SRR5406035.fastp.megahit.phyluce.bwa.fastp.bam
    output: /home/arthur/Bureau/postdocs/isem/hybscan/data/SRR5406035.fastp.megahit.phyluce.bwa.fastp.bam.bai
    jobid: 107
    wildcards: PATH=/home/arthur/Bureau/postdocs/isem/hybscan/data/SRR5406035.fastp.megahit.phyluce.bwa.fastp

[Mon Mar 28 12:53:32 2022]
Finished job 107.
27 of 105 steps (26%) done

[Mon Mar 28 12:53:32 2022]
rule angsd_run:
    input: /home/arthur/Bureau/postdocs/isem/hybscan/data/SRR5406035.fastp.megahit.phyluce.bwa.fastp.bam, /home/arthur/Bureau/postdocs/isem/hybscan/data/SRR5406035.fastp.megahit.phyluce.bwa.fastp.bam.bai, /home/arthur/Bureau/postdocs/isem/hybscan/data/SRR5406035.fastp.megahit.phyluce.fasta
    output: /home/arthur/Bureau/postdocs/isem/hybscan/data/SRR5406035.fastp.megahit.phyluce.bwa.fastp.angsd.bamlist, /home/arthur/Bureau/postdocs/isem/hybscan/data/SRR5406035.fastp.megahit.phyluce.bwa.fastp.angsd.saf.idx, /home/arthur/Bureau/postdocs/isem/hybscan/data/SRR5406035.fastp.megahit.phyluce.bwa.fastp.angsd.saf.pos.gz, /home/arthur/Bureau/postdocs/isem/hybscan/data/SRR5406035.fastp.megahit.phyluce.bwa.fastp.angsd.saf.gz, /home/arthur/Bureau/postdocs/isem/hybscan/data/SRR5406035.fastp.megahit.phyluce.bwa.fastp.angsd.sfs, /home/arthur/Bureau/postdocs/isem/hybscan/data/SRR5406035.fastp.megahit.phyluce.bwa.fastp.angsd.thetas.idx, /home/arthur/Bureau/postdocs/isem/hybscan/data/SRR5406035.fastp.megahit.phyluce.bwa.fastp.angsd.thetas.gz, /home/arthur/Bureau/postdocs/isem/hybscan/data/SRR5406035.fastp.megahit.phyluce.bwa.fastp.angsd.thetas.idx.pestPG, /home/arthur/Bureau/postdocs/isem/hybscan/data/SRR5406035.fastp.megahit.phyluce.bwa.fastp.angsd.arg, /home/arthur/Bureau/postdocs/isem/hybscan/data/SRR5406035.fastp.megahit.phyluce.bwa.fastp.angsd.stats.txt, /home/arthur/Bureau/postdocs/isem/hybscan/data/SRR5406035.fastp.megahit.phyluce.bwa.fastp.angsd.counts.txt
    jobid: 69
    wildcards: PATH=/home/arthur/Bureau/postdocs/isem/hybscan/data, ID=SRR5406035, EXT=.fastp.megahit.phyluce., EXT2=.fastp.

Removing temporary output file /home/arthur/Bureau/postdocs/isem/hybscan/data/SRR5406035.fastp.megahit.phyluce.bwa.fastp.bam.bai.
Removing temporary output file /home/arthur/Bureau/postdocs/isem/hybscan/data/SRR5406035.fastp.megahit.phyluce.bwa.fastp.angsd.bamlist.
Removing temporary output file /home/arthur/Bureau/postdocs/isem/hybscan/data/SRR5406035.fastp.megahit.phyluce.bwa.fastp.angsd.saf.idx.
Removing temporary output file /home/arthur/Bureau/postdocs/isem/hybscan/data/SRR5406035.fastp.megahit.phyluce.bwa.fastp.angsd.saf.pos.gz.
Removing temporary output file /home/arthur/Bureau/postdocs/isem/hybscan/data/SRR5406035.fastp.megahit.phyluce.bwa.fastp.angsd.saf.gz.
Removing temporary output file /home/arthur/Bureau/postdocs/isem/hybscan/data/SRR5406035.fastp.megahit.phyluce.bwa.fastp.angsd.sfs.
Removing temporary output file /home/arthur/Bureau/postdocs/isem/hybscan/data/SRR5406035.fastp.megahit.phyluce.bwa.fastp.angsd.thetas.idx.
Removing temporary output file /home/arthur/Bureau/postdocs/isem/hybscan/data/SRR5406035.fastp.megahit.phyluce.bwa.fastp.angsd.thetas.gz.
Removing temporary output file /home/arthur/Bureau/postdocs/isem/hybscan/data/SRR5406035.fastp.megahit.phyluce.bwa.fastp.angsd.thetas.idx.pestPG.
Removing temporary output file /home/arthur/Bureau/postdocs/isem/hybscan/data/SRR5406035.fastp.megahit.phyluce.bwa.fastp.angsd.arg.
[Mon Mar 28 12:53:35 2022]
Finished job 69.
28 of 105 steps (27%) done

[Mon Mar 28 12:53:35 2022]
rule samtools_fasta_index:
    input: /home/arthur/Bureau/postdocs/isem/hybscan/data/SRR5437932.fastp.megahit.phyluce.fasta
    output: /home/arthur/Bureau/postdocs/isem/hybscan/data/SRR5437932.fastp.megahit.phyluce.fasta.fai
    jobid: 178
    wildcards: PATH=/home/arthur/Bureau/postdocs/isem/hybscan/data/SRR5437932.fastp.megahit.phyluce

[Mon Mar 28 12:53:35 2022]
Finished job 178.
29 of 105 steps (28%) done

[Mon Mar 28 12:53:35 2022]
rule bwa_indexing:
    input: /home/arthur/Bureau/postdocs/isem/hybscan/data/SRR5437932.fastp.megahit.phyluce.fasta
    output: /home/arthur/Bureau/postdocs/isem/hybscan/data/SRR5437932.fastp.megahit.phyluce.fasta.amb, /home/arthur/Bureau/postdocs/isem/hybscan/data/SRR5437932.fastp.megahit.phyluce.fasta.ann, /home/arthur/Bureau/postdocs/isem/hybscan/data/SRR5437932.fastp.megahit.phyluce.fasta.pac, /home/arthur/Bureau/postdocs/isem/hybscan/data/SRR5437932.fastp.megahit.phyluce.fasta.bwt.2bit.64, /home/arthur/Bureau/postdocs/isem/hybscan/data/SRR5437932.fastp.megahit.phyluce.fasta.0123
    jobid: 156
    wildcards: PATH=/home/arthur/Bureau/postdocs/isem/hybscan/data/SRR5437932.fastp.megahit.phyluce

[Mon Mar 28 12:53:37 2022]
Finished job 156.
30 of 105 steps (29%) done
Removing temporary output file /home/arthur/Bureau/postdocs/isem/hybscan/data/SRR5437984.fastp.megahit.phyluce.fasta.fai.
[Mon Mar 28 12:53:38 2022]
Finished job 170.
31 of 105 steps (30%) done

[Mon Mar 28 12:53:38 2022]
rule vcftools_filter_run:
    input: /home/arthur/Bureau/postdocs/isem/hybscan/data/SRR5437984.fastp.megahit.phyluce.bwa.fastp.freebayes.vcf
    output: /home/arthur/Bureau/postdocs/isem/hybscan/data/SRR5437984.fastp.megahit.phyluce.bwa.fastp.freebayes.filter.vcf
    jobid: 134
    wildcards: PATH=/home/arthur/Bureau/postdocs/isem/hybscan/data/SRR5437984.fastp.megahit.phyluce.bwa.fastp.freebayes

[Mon Mar 28 12:53:38 2022]
Finished job 134.
32 of 105 steps (30%) done

[Mon Mar 28 12:53:38 2022]
rule divergence_estimations_run:
    input: /home/arthur/Bureau/postdocs/isem/hybscan/pipeline/tools/divergence_model.rds, /home/arthur/Bureau/postdocs/isem/hybscan/data/SRR5437984.fastp.megahit.phyluce.bwa.fastp.angsd.counts.txt
    output: /home/arthur/Bureau/postdocs/isem/hybscan/data/SRR5437984.fastp.megahit.phyluce.bwa.fastp.angsd.divestim.txt, /home/arthur/Bureau/postdocs/isem/hybscan/data/SRR5437984.fastp.megahit.phyluce.bwa.fastp.angsd.divposterior.txt
    jobid: 33
    wildcards: PATH=/home/arthur/Bureau/postdocs/isem/hybscan/data/SRR5437984.fastp.megahit.phyluce.bwa.fastp.angsd
    threads: 2

Removing temporary output file /home/arthur/Bureau/postdocs/isem/hybscan/data/SRR5406035.fastp.megahit.phyluce.fasta.fai.
[Mon Mar 28 12:53:38 2022]
Finished job 176.
33 of 105 steps (31%) done

[Mon Mar 28 12:53:38 2022]
rule vcftools_filter_run:
    input: /home/arthur/Bureau/postdocs/isem/hybscan/data/SRR5406035.fastp.megahit.phyluce.bwa.fastp.freebayes.vcf
    output: /home/arthur/Bureau/postdocs/isem/hybscan/data/SRR5406035.fastp.megahit.phyluce.bwa.fastp.freebayes.filter.vcf
    jobid: 140
    wildcards: PATH=/home/arthur/Bureau/postdocs/isem/hybscan/data/SRR5406035.fastp.megahit.phyluce.bwa.fastp.freebayes

[Mon Mar 28 12:53:39 2022]
Finished job 140.
34 of 105 steps (32%) done

[Mon Mar 28 12:53:39 2022]
rule contamfilter_run:
    input: /home/arthur/Bureau/postdocs/isem/hybscan/data/SRR5437984.fastp.megahit.phyluce.bwa.fastp.freebayes.filter.vcf
    output: /home/arthur/Bureau/postdocs/isem/hybscan/data/SRR5437984.fastp.megahit.phyluce.bwa.fastp.freebayes.filter.contamfilter0.2.vcf
    jobid: 95
    wildcards: PATH=/home/arthur/Bureau/postdocs/isem/hybscan/data/SRR5437984.fastp.megahit.phyluce.bwa.fastp.freebayes.filter, ALTPROB=0.2

Removing temporary output file /home/arthur/Bureau/postdocs/isem/hybscan/data/SRR5437978.fastp.megahit.phyluce.fasta.fai.
[Mon Mar 28 12:53:39 2022]
Finished job 168.
35 of 105 steps (33%) done

[Mon Mar 28 12:53:39 2022]
rule vcftools_filter_run:
    input: /home/arthur/Bureau/postdocs/isem/hybscan/data/SRR5437978.fastp.megahit.phyluce.bwa.fastp.freebayes.vcf
    output: /home/arthur/Bureau/postdocs/isem/hybscan/data/SRR5437978.fastp.megahit.phyluce.bwa.fastp.freebayes.filter.vcf
    jobid: 132
    wildcards: PATH=/home/arthur/Bureau/postdocs/isem/hybscan/data/SRR5437978.fastp.megahit.phyluce.bwa.fastp.freebayes

[Mon Mar 28 12:53:39 2022]
Finished job 132.
36 of 105 steps (34%) done

[Mon Mar 28 12:53:39 2022]
rule contamfilter_run:
    input: /home/arthur/Bureau/postdocs/isem/hybscan/data/SRR5437978.fastp.megahit.phyluce.bwa.fastp.freebayes.filter.vcf
    output: /home/arthur/Bureau/postdocs/isem/hybscan/data/SRR5437978.fastp.megahit.phyluce.bwa.fastp.freebayes.filter.contamfilter0.1.vcf
    jobid: 104
    wildcards: PATH=/home/arthur/Bureau/postdocs/isem/hybscan/data/SRR5437978.fastp.megahit.phyluce.bwa.fastp.freebayes.filter, ALTPROB=0.1

[Mon Mar 28 12:53:39 2022]
Finished job 95.
37 of 105 steps (35%) done

[Mon Mar 28 12:53:39 2022]
rule contamfilter_run:
    input: /home/arthur/Bureau/postdocs/isem/hybscan/data/SRR5437978.fastp.megahit.phyluce.bwa.fastp.freebayes.filter.vcf
    output: /home/arthur/Bureau/postdocs/isem/hybscan/data/SRR5437978.fastp.megahit.phyluce.bwa.fastp.freebayes.filter.contamfilter0.05.vcf
    jobid: 78
    wildcards: PATH=/home/arthur/Bureau/postdocs/isem/hybscan/data/SRR5437978.fastp.megahit.phyluce.bwa.fastp.freebayes.filter, ALTPROB=0.05

[Mon Mar 28 12:53:40 2022]
Finished job 104.
38 of 105 steps (36%) done

[Mon Mar 28 12:53:40 2022]
rule contamfilter_run:
    input: /home/arthur/Bureau/postdocs/isem/hybscan/data/SRR5437978.fastp.megahit.phyluce.bwa.fastp.freebayes.filter.vcf
    output: /home/arthur/Bureau/postdocs/isem/hybscan/data/SRR5437978.fastp.megahit.phyluce.bwa.fastp.freebayes.filter.contamfilter0.2.vcf
    jobid: 87
    wildcards: PATH=/home/arthur/Bureau/postdocs/isem/hybscan/data/SRR5437978.fastp.megahit.phyluce.bwa.fastp.freebayes.filter, ALTPROB=0.2

[Mon Mar 28 12:53:40 2022]
Finished job 78.
39 of 105 steps (37%) done

[Mon Mar 28 12:53:40 2022]
rule het_sites_count_run:
    input: /home/arthur/Bureau/postdocs/isem/hybscan/data/SRR5437978.fastp.megahit.phyluce.bwa.fastp.freebayes.filter.contamfilter0.05.vcf
    output: /home/arthur/Bureau/postdocs/isem/hybscan/data/SRR5437978.fastp.megahit.phyluce.bwa.fastp.freebayes.filter.contamfilter0.05.het.counts.txt
    jobid: 42
    wildcards: PATH=/home/arthur/Bureau/postdocs/isem/hybscan/data/SRR5437978.fastp.megahit.phyluce.bwa.fastp.freebayes.filter.contamfilter0.05

[Mon Mar 28 12:53:41 2022]
Finished job 87.
40 of 105 steps (38%) done

[Mon Mar 28 12:53:41 2022]
rule contamfilter_run:
    input: /home/arthur/Bureau/postdocs/isem/hybscan/data/SRR5437984.fastp.megahit.phyluce.bwa.fastp.freebayes.filter.vcf
    output: /home/arthur/Bureau/postdocs/isem/hybscan/data/SRR5437984.fastp.megahit.phyluce.bwa.fastp.freebayes.filter.contamfilter0.05.vcf
    jobid: 80
    wildcards: PATH=/home/arthur/Bureau/postdocs/isem/hybscan/data/SRR5437984.fastp.megahit.phyluce.bwa.fastp.freebayes.filter, ALTPROB=0.05

[Mon Mar 28 12:53:41 2022]
Finished job 42.
41 of 105 steps (39%) done

[Mon Mar 28 12:53:41 2022]
rule contamfilter_run:
    input: /home/arthur/Bureau/postdocs/isem/hybscan/data/SRR5437984.fastp.megahit.phyluce.bwa.fastp.freebayes.filter.vcf
    output: /home/arthur/Bureau/postdocs/isem/hybscan/data/SRR5437984.fastp.megahit.phyluce.bwa.fastp.freebayes.filter.contamfilter0.1.vcf
    jobid: 99
    wildcards: PATH=/home/arthur/Bureau/postdocs/isem/hybscan/data/SRR5437984.fastp.megahit.phyluce.bwa.fastp.freebayes.filter, ALTPROB=0.1

[Mon Mar 28 12:53:41 2022]
Finished job 80.
42 of 105 steps (40%) done

[Mon Mar 28 12:53:41 2022]
rule het_sites_count_run:
    input: /home/arthur/Bureau/postdocs/isem/hybscan/data/SRR5437978.fastp.megahit.phyluce.bwa.fastp.freebayes.filter.contamfilter0.1.vcf
    output: /home/arthur/Bureau/postdocs/isem/hybscan/data/SRR5437978.fastp.megahit.phyluce.bwa.fastp.freebayes.filter.contamfilter0.1.het.counts.txt
    jobid: 68
    wildcards: PATH=/home/arthur/Bureau/postdocs/isem/hybscan/data/SRR5437978.fastp.megahit.phyluce.bwa.fastp.freebayes.filter.contamfilter0.1

[Mon Mar 28 12:53:42 2022]
Finished job 99.
43 of 105 steps (41%) done

[Mon Mar 28 12:53:42 2022]
rule het_sites_count_run:
    input: /home/arthur/Bureau/postdocs/isem/hybscan/data/SRR5437984.fastp.megahit.phyluce.bwa.fastp.freebayes.filter.contamfilter0.05.vcf
    output: /home/arthur/Bureau/postdocs/isem/hybscan/data/SRR5437984.fastp.megahit.phyluce.bwa.fastp.freebayes.filter.contamfilter0.05.het.counts.txt
    jobid: 44
    wildcards: PATH=/home/arthur/Bureau/postdocs/isem/hybscan/data/SRR5437984.fastp.megahit.phyluce.bwa.fastp.freebayes.filter.contamfilter0.05

[Mon Mar 28 12:53:42 2022]
Finished job 68.
44 of 105 steps (42%) done

[Mon Mar 28 12:53:42 2022]
rule contamfilter_run:
    input: /home/arthur/Bureau/postdocs/isem/hybscan/data/SRR5406035.fastp.megahit.phyluce.bwa.fastp.freebayes.filter.vcf
    output: /home/arthur/Bureau/postdocs/isem/hybscan/data/SRR5406035.fastp.megahit.phyluce.bwa.fastp.freebayes.filter.contamfilter0.1.vcf
    jobid: 97
    wildcards: PATH=/home/arthur/Bureau/postdocs/isem/hybscan/data/SRR5406035.fastp.megahit.phyluce.bwa.fastp.freebayes.filter, ALTPROB=0.1

[Mon Mar 28 12:53:42 2022]
Finished job 44.
45 of 105 steps (43%) done

[Mon Mar 28 12:53:42 2022]
rule contamfilter_run:
    input: /home/arthur/Bureau/postdocs/isem/hybscan/data/SRR5406035.fastp.megahit.phyluce.bwa.fastp.freebayes.filter.vcf
    output: /home/arthur/Bureau/postdocs/isem/hybscan/data/SRR5406035.fastp.megahit.phyluce.bwa.fastp.freebayes.filter.contamfilter0.2.vcf
    jobid: 92
    wildcards: PATH=/home/arthur/Bureau/postdocs/isem/hybscan/data/SRR5406035.fastp.megahit.phyluce.bwa.fastp.freebayes.filter, ALTPROB=0.2

[Mon Mar 28 12:53:43 2022]
Finished job 97.
46 of 105 steps (44%) done

[Mon Mar 28 12:53:43 2022]
rule contamfilter_run:
    input: /home/arthur/Bureau/postdocs/isem/hybscan/data/SRR5406035.fastp.megahit.phyluce.bwa.fastp.freebayes.filter.vcf
    output: /home/arthur/Bureau/postdocs/isem/hybscan/data/SRR5406035.fastp.megahit.phyluce.bwa.fastp.freebayes.filter.contamfilter0.05.vcf
    jobid: 86
    wildcards: PATH=/home/arthur/Bureau/postdocs/isem/hybscan/data/SRR5406035.fastp.megahit.phyluce.bwa.fastp.freebayes.filter, ALTPROB=0.05

[Mon Mar 28 12:53:43 2022]
Finished job 92.
47 of 105 steps (45%) done

[Mon Mar 28 12:53:43 2022]
rule het_sites_count_run:
    input: /home/arthur/Bureau/postdocs/isem/hybscan/data/SRR5437984.fastp.megahit.phyluce.bwa.fastp.freebayes.filter.contamfilter0.1.vcf
    output: /home/arthur/Bureau/postdocs/isem/hybscan/data/SRR5437984.fastp.megahit.phyluce.bwa.fastp.freebayes.filter.contamfilter0.1.het.counts.txt
    jobid: 63
    wildcards: PATH=/home/arthur/Bureau/postdocs/isem/hybscan/data/SRR5437984.fastp.megahit.phyluce.bwa.fastp.freebayes.filter.contamfilter0.1

[Mon Mar 28 12:53:44 2022]
Finished job 63.
48 of 105 steps (46%) done

[Mon Mar 28 12:53:44 2022]
rule het_sites_count_run:
    input: /home/arthur/Bureau/postdocs/isem/hybscan/data/SRR5437978.fastp.megahit.phyluce.bwa.fastp.freebayes.filter.contamfilter0.2.vcf
    output: /home/arthur/Bureau/postdocs/isem/hybscan/data/SRR5437978.fastp.megahit.phyluce.bwa.fastp.freebayes.filter.contamfilter0.2.het.counts.txt
    jobid: 51
    wildcards: PATH=/home/arthur/Bureau/postdocs/isem/hybscan/data/SRR5437978.fastp.megahit.phyluce.bwa.fastp.freebayes.filter.contamfilter0.2

[Mon Mar 28 12:53:44 2022]
Finished job 86.
49 of 105 steps (47%) done

[Mon Mar 28 12:53:44 2022]
rule het_sites_count_run:
    input: /home/arthur/Bureau/postdocs/isem/hybscan/data/SRR5437984.fastp.megahit.phyluce.bwa.fastp.freebayes.filter.contamfilter0.2.vcf
    output: /home/arthur/Bureau/postdocs/isem/hybscan/data/SRR5437984.fastp.megahit.phyluce.bwa.fastp.freebayes.filter.contamfilter0.2.het.counts.txt
    jobid: 59
    wildcards: PATH=/home/arthur/Bureau/postdocs/isem/hybscan/data/SRR5437984.fastp.megahit.phyluce.bwa.fastp.freebayes.filter.contamfilter0.2

[Mon Mar 28 12:53:44 2022]
Finished job 51.
50 of 105 steps (48%) done

[Mon Mar 28 12:53:44 2022]
rule het_sites_count_run:
    input: /home/arthur/Bureau/postdocs/isem/hybscan/data/SRR5406035.fastp.megahit.phyluce.bwa.fastp.freebayes.filter.contamfilter0.05.vcf
    output: /home/arthur/Bureau/postdocs/isem/hybscan/data/SRR5406035.fastp.megahit.phyluce.bwa.fastp.freebayes.filter.contamfilter0.05.het.counts.txt
    jobid: 50
    wildcards: PATH=/home/arthur/Bureau/postdocs/isem/hybscan/data/SRR5406035.fastp.megahit.phyluce.bwa.fastp.freebayes.filter.contamfilter0.05

[Mon Mar 28 12:53:44 2022]
Finished job 59.
51 of 105 steps (49%) done

[Mon Mar 28 12:53:44 2022]
rule het_sites_count_run:
    input: /home/arthur/Bureau/postdocs/isem/hybscan/data/SRR5406035.fastp.megahit.phyluce.bwa.fastp.freebayes.filter.contamfilter0.1.vcf
    output: /home/arthur/Bureau/postdocs/isem/hybscan/data/SRR5406035.fastp.megahit.phyluce.bwa.fastp.freebayes.filter.contamfilter0.1.het.counts.txt
    jobid: 61
    wildcards: PATH=/home/arthur/Bureau/postdocs/isem/hybscan/data/SRR5406035.fastp.megahit.phyluce.bwa.fastp.freebayes.filter.contamfilter0.1

[Mon Mar 28 12:53:45 2022]
Finished job 50.
52 of 105 steps (50%) done

[Mon Mar 28 12:53:45 2022]
rule het_sites_count_run:
    input: /home/arthur/Bureau/postdocs/isem/hybscan/data/SRR5406035.fastp.megahit.phyluce.bwa.fastp.freebayes.filter.contamfilter0.2.vcf
    output: /home/arthur/Bureau/postdocs/isem/hybscan/data/SRR5406035.fastp.megahit.phyluce.bwa.fastp.freebayes.filter.contamfilter0.2.het.counts.txt
    jobid: 56
    wildcards: PATH=/home/arthur/Bureau/postdocs/isem/hybscan/data/SRR5406035.fastp.megahit.phyluce.bwa.fastp.freebayes.filter.contamfilter0.2

[Mon Mar 28 12:53:45 2022]
Finished job 61.
53 of 105 steps (50%) done
[Mon Mar 28 12:53:45 2022]
Finished job 56.
54 of 105 steps (51%) done

[Mon Mar 28 12:53:45 2022]
rule divergence_estimations_run:
    input: /home/arthur/Bureau/postdocs/isem/hybscan/pipeline/tools/divergence_model.rds, /home/arthur/Bureau/postdocs/isem/hybscan/data/SRR5437978.fastp.megahit.phyluce.bwa.fastp.angsd.counts.txt
    output: /home/arthur/Bureau/postdocs/isem/hybscan/data/SRR5437978.fastp.megahit.phyluce.bwa.fastp.angsd.divestim.txt, /home/arthur/Bureau/postdocs/isem/hybscan/data/SRR5437978.fastp.megahit.phyluce.bwa.fastp.angsd.divposterior.txt
    jobid: 35
    wildcards: PATH=/home/arthur/Bureau/postdocs/isem/hybscan/data/SRR5437978.fastp.megahit.phyluce.bwa.fastp.angsd
    threads: 2

Removing temporary output file /home/arthur/Bureau/postdocs/isem/hybscan/data/SRR5406101.fastp.megahit.
[Mon Mar 28 12:53:50 2022]
Finished job 165.
55 of 105 steps (52%) done

[Mon Mar 28 12:53:50 2022]
rule bwa_pese_run:
    input: /home/arthur/Bureau/postdocs/isem/hybscan/data/SRR5437932.fastp.megahit.phyluce.fasta.amb, /home/arthur/Bureau/postdocs/isem/hybscan/data/SRR5437932.fastp.megahit.phyluce.fasta.ann, /home/arthur/Bureau/postdocs/isem/hybscan/data/SRR5437932.fastp.megahit.phyluce.fasta.pac, /home/arthur/Bureau/postdocs/isem/hybscan/data/SRR5437932.fastp.megahit.phyluce.fasta.bwt.2bit.64, /home/arthur/Bureau/postdocs/isem/hybscan/data/SRR5437932.fastp.megahit.phyluce.fasta.0123, /home/arthur/Bureau/postdocs/isem/hybscan/data/SRR5437932_1.fastp.fastq.gz, /home/arthur/Bureau/postdocs/isem/hybscan/data/SRR5437932_2.fastp.fastq.gz, /home/arthur/Bureau/postdocs/isem/hybscan/data/SRR5437932.fastp.fastq.gz, /home/arthur/Bureau/postdocs/isem/hybscan/data/SRR5437932.fastp.megahit.phyluce.fasta
    output: /home/arthur/Bureau/postdocs/isem/hybscan/data/SRR5437932.fastp.megahit.phyluce.bwa.fastp.se.bam, /home/arthur/Bureau/postdocs/isem/hybscan/data/SRR5437932.fastp.megahit.phyluce.bwa.fastp.pe.bam, /home/arthur/Bureau/postdocs/isem/hybscan/data/SRR5437932.fastp.megahit.phyluce.bwa.fastp.bam
    jobid: 120
    wildcards: PATH=/home/arthur/Bureau/postdocs/isem/hybscan/data, ID=SRR5437932, EXT=.fastp.megahit.phyluce., EXT2=.fastp.
    threads: 4

Removing temporary output file /home/arthur/Bureau/postdocs/isem/hybscan/data/SRR5437932.fastp.megahit.phyluce.fasta.0123.
Removing temporary output file /home/arthur/Bureau/postdocs/isem/hybscan/data/SRR5437932.fastp.megahit.phyluce.fasta.bwt.2bit.64.
Removing temporary output file /home/arthur/Bureau/postdocs/isem/hybscan/data/SRR5437932.fastp.megahit.phyluce.fasta.amb.
Removing temporary output file /home/arthur/Bureau/postdocs/isem/hybscan/data/SRR5437932.fastp.megahit.phyluce.fasta.ann.
Removing temporary output file /home/arthur/Bureau/postdocs/isem/hybscan/data/SRR5437932.fastp.megahit.phyluce.fasta.pac.
Removing temporary output file /home/arthur/Bureau/postdocs/isem/hybscan/data/SRR5437932.fastp.fastq.gz.
Removing temporary output file /home/arthur/Bureau/postdocs/isem/hybscan/data/SRR5437932_1.fastp.fastq.gz.
Removing temporary output file /home/arthur/Bureau/postdocs/isem/hybscan/data/SRR5437932_2.fastp.fastq.gz.
Removing temporary output file /home/arthur/Bureau/postdocs/isem/hybscan/data/SRR5437932.fastp.megahit.phyluce.bwa.fastp.se.bam.
Removing temporary output file /home/arthur/Bureau/postdocs/isem/hybscan/data/SRR5437932.fastp.megahit.phyluce.bwa.fastp.pe.bam.
[Mon Mar 28 12:54:32 2022]
Finished job 120.
56 of 105 steps (53%) done

[Mon Mar 28 12:54:32 2022]
rule samtools_bam_index:
    input: /home/arthur/Bureau/postdocs/isem/hybscan/data/SRR5437932.fastp.megahit.phyluce.bwa.fastp.bam
    output: /home/arthur/Bureau/postdocs/isem/hybscan/data/SRR5437932.fastp.megahit.phyluce.bwa.fastp.bam.bai
    jobid: 121
    wildcards: PATH=/home/arthur/Bureau/postdocs/isem/hybscan/data/SRR5437932.fastp.megahit.phyluce.bwa.fastp


[Mon Mar 28 12:54:32 2022]
rule freebayes_individual_run:
    input: /home/arthur/Bureau/postdocs/isem/hybscan/data/SRR5437932.fastp.megahit.phyluce.bwa.fastp.bam, /home/arthur/Bureau/postdocs/isem/hybscan/data/SRR5437932.fastp.megahit.phyluce.fasta, /home/arthur/Bureau/postdocs/isem/hybscan/data/SRR5437932.fastp.megahit.phyluce.fasta.fai
    output: /home/arthur/Bureau/postdocs/isem/hybscan/data/SRR5437932.fastp.megahit.phyluce.bwa.fastp.freebayes.vcf
    jobid: 169
    wildcards: PATH=/home/arthur/Bureau/postdocs/isem/hybscan/data, ID=SRR5437932, EXT=.fastp.megahit.phyluce., EXT2=.fastp.


[Mon Mar 28 12:54:32 2022]
rule phyluce_run:
    input: /home/arthur/Bureau/postdocs/isem/hybscan/data/SRR5406101.fastp.megahit.fasta, /home/arthur/Bureau/postdocs/isem/hybscan/pipeline/tools/uce-probes.fasta
    output: /home/arthur/Bureau/postdocs/isem/hybscan/data/SRR5406101.fastp.megahit.phyluce, /home/arthur/Bureau/postdocs/isem/hybscan/data/SRR5406101.fastp.megahit.phyluce.fasta, /home/arthur/Bureau/postdocs/isem/hybscan/data/SRR5406101.fastp.megahit.phyluce.log
    jobid: 129
    wildcards: PATH=/home/arthur/Bureau/postdocs/isem/hybscan/data, ID=SRR5406101, EXT=.fastp.megahit.

[Mon Mar 28 12:54:33 2022]
Finished job 121.
57 of 105 steps (54%) done

[Mon Mar 28 12:54:33 2022]
rule angsd_run:
    input: /home/arthur/Bureau/postdocs/isem/hybscan/data/SRR5437932.fastp.megahit.phyluce.bwa.fastp.bam, /home/arthur/Bureau/postdocs/isem/hybscan/data/SRR5437932.fastp.megahit.phyluce.bwa.fastp.bam.bai, /home/arthur/Bureau/postdocs/isem/hybscan/data/SRR5437932.fastp.megahit.phyluce.fasta
    output: /home/arthur/Bureau/postdocs/isem/hybscan/data/SRR5437932.fastp.megahit.phyluce.bwa.fastp.angsd.bamlist, /home/arthur/Bureau/postdocs/isem/hybscan/data/SRR5437932.fastp.megahit.phyluce.bwa.fastp.angsd.saf.idx, /home/arthur/Bureau/postdocs/isem/hybscan/data/SRR5437932.fastp.megahit.phyluce.bwa.fastp.angsd.saf.pos.gz, /home/arthur/Bureau/postdocs/isem/hybscan/data/SRR5437932.fastp.megahit.phyluce.bwa.fastp.angsd.saf.gz, /home/arthur/Bureau/postdocs/isem/hybscan/data/SRR5437932.fastp.megahit.phyluce.bwa.fastp.angsd.sfs, /home/arthur/Bureau/postdocs/isem/hybscan/data/SRR5437932.fastp.megahit.phyluce.bwa.fastp.angsd.thetas.idx, /home/arthur/Bureau/postdocs/isem/hybscan/data/SRR5437932.fastp.megahit.phyluce.bwa.fastp.angsd.thetas.gz, /home/arthur/Bureau/postdocs/isem/hybscan/data/SRR5437932.fastp.megahit.phyluce.bwa.fastp.angsd.thetas.idx.pestPG, /home/arthur/Bureau/postdocs/isem/hybscan/data/SRR5437932.fastp.megahit.phyluce.bwa.fastp.angsd.arg, /home/arthur/Bureau/postdocs/isem/hybscan/data/SRR5437932.fastp.megahit.phyluce.bwa.fastp.angsd.stats.txt, /home/arthur/Bureau/postdocs/isem/hybscan/data/SRR5437932.fastp.megahit.phyluce.bwa.fastp.angsd.counts.txt
    jobid: 74
    wildcards: PATH=/home/arthur/Bureau/postdocs/isem/hybscan/data, ID=SRR5437932, EXT=.fastp.megahit.phyluce., EXT2=.fastp.

Removing temporary output file /home/arthur/Bureau/postdocs/isem/hybscan/data/SRR5437932.fastp.megahit.phyluce.bwa.fastp.bam.bai.
Removing temporary output file /home/arthur/Bureau/postdocs/isem/hybscan/data/SRR5437932.fastp.megahit.phyluce.bwa.fastp.angsd.bamlist.
Removing temporary output file /home/arthur/Bureau/postdocs/isem/hybscan/data/SRR5437932.fastp.megahit.phyluce.bwa.fastp.angsd.saf.idx.
Removing temporary output file /home/arthur/Bureau/postdocs/isem/hybscan/data/SRR5437932.fastp.megahit.phyluce.bwa.fastp.angsd.saf.pos.gz.
Removing temporary output file /home/arthur/Bureau/postdocs/isem/hybscan/data/SRR5437932.fastp.megahit.phyluce.bwa.fastp.angsd.saf.gz.
Removing temporary output file /home/arthur/Bureau/postdocs/isem/hybscan/data/SRR5437932.fastp.megahit.phyluce.bwa.fastp.angsd.sfs.
Removing temporary output file /home/arthur/Bureau/postdocs/isem/hybscan/data/SRR5437932.fastp.megahit.phyluce.bwa.fastp.angsd.thetas.idx.
Removing temporary output file /home/arthur/Bureau/postdocs/isem/hybscan/data/SRR5437932.fastp.megahit.phyluce.bwa.fastp.angsd.thetas.gz.
Removing temporary output file /home/arthur/Bureau/postdocs/isem/hybscan/data/SRR5437932.fastp.megahit.phyluce.bwa.fastp.angsd.thetas.idx.pestPG.
Removing temporary output file /home/arthur/Bureau/postdocs/isem/hybscan/data/SRR5437932.fastp.megahit.phyluce.bwa.fastp.angsd.arg.
[Mon Mar 28 12:54:51 2022]
Finished job 74.
58 of 105 steps (55%) done

[Mon Mar 28 12:54:51 2022]
rule divergence_estimations_run:
    input: /home/arthur/Bureau/postdocs/isem/hybscan/pipeline/tools/divergence_model.rds, /home/arthur/Bureau/postdocs/isem/hybscan/data/SRR5437932.fastp.megahit.phyluce.bwa.fastp.angsd.counts.txt
    output: /home/arthur/Bureau/postdocs/isem/hybscan/data/SRR5437932.fastp.megahit.phyluce.bwa.fastp.angsd.divestim.txt, /home/arthur/Bureau/postdocs/isem/hybscan/data/SRR5437932.fastp.megahit.phyluce.bwa.fastp.angsd.divposterior.txt
    jobid: 37
    wildcards: PATH=/home/arthur/Bureau/postdocs/isem/hybscan/data/SRR5437932.fastp.megahit.phyluce.bwa.fastp.angsd
    threads: 2

Removing temporary output file /home/arthur/Bureau/postdocs/isem/hybscan/data/SRR5406101.fastp.megahit.phyluce.
[Mon Mar 28 12:54:55 2022]
Finished job 129.
59 of 105 steps (56%) done

[Mon Mar 28 12:54:55 2022]
rule samtools_fasta_index:
    input: /home/arthur/Bureau/postdocs/isem/hybscan/data/SRR5406101.fastp.megahit.phyluce.fasta
    output: /home/arthur/Bureau/postdocs/isem/hybscan/data/SRR5406101.fastp.megahit.phyluce.fasta.fai
    jobid: 180
    wildcards: PATH=/home/arthur/Bureau/postdocs/isem/hybscan/data/SRR5406101.fastp.megahit.phyluce

[Mon Mar 28 12:54:55 2022]
Finished job 180.
60 of 105 steps (57%) done

[Mon Mar 28 12:54:55 2022]
rule bwa_indexing:
    input: /home/arthur/Bureau/postdocs/isem/hybscan/data/SRR5406101.fastp.megahit.phyluce.fasta
    output: /home/arthur/Bureau/postdocs/isem/hybscan/data/SRR5406101.fastp.megahit.phyluce.fasta.amb, /home/arthur/Bureau/postdocs/isem/hybscan/data/SRR5406101.fastp.megahit.phyluce.fasta.ann, /home/arthur/Bureau/postdocs/isem/hybscan/data/SRR5406101.fastp.megahit.phyluce.fasta.pac, /home/arthur/Bureau/postdocs/isem/hybscan/data/SRR5406101.fastp.megahit.phyluce.fasta.bwt.2bit.64, /home/arthur/Bureau/postdocs/isem/hybscan/data/SRR5406101.fastp.megahit.phyluce.fasta.0123
    jobid: 166
    wildcards: PATH=/home/arthur/Bureau/postdocs/isem/hybscan/data/SRR5406101.fastp.megahit.phyluce

[Mon Mar 28 12:54:57 2022]
Finished job 166.
61 of 105 steps (58%) done
Removing temporary output file /home/arthur/Bureau/postdocs/isem/hybscan/data/SRR5437932.fastp.megahit.phyluce.fasta.fai.
[Mon Mar 28 12:55:24 2022]
Finished job 169.
62 of 105 steps (59%) done

[Mon Mar 28 12:55:24 2022]
rule vcftools_filter_run:
    input: /home/arthur/Bureau/postdocs/isem/hybscan/data/SRR5437932.fastp.megahit.phyluce.bwa.fastp.freebayes.vcf
    output: /home/arthur/Bureau/postdocs/isem/hybscan/data/SRR5437932.fastp.megahit.phyluce.bwa.fastp.freebayes.filter.vcf
    jobid: 133
    wildcards: PATH=/home/arthur/Bureau/postdocs/isem/hybscan/data/SRR5437932.fastp.megahit.phyluce.bwa.fastp.freebayes

[Mon Mar 28 12:55:24 2022]
Finished job 133.
63 of 105 steps (60%) done

[Mon Mar 28 12:55:24 2022]
rule divergence_estimations_run:
    input: /home/arthur/Bureau/postdocs/isem/hybscan/pipeline/tools/divergence_model.rds, /home/arthur/Bureau/postdocs/isem/hybscan/data/SRR5406035.fastp.megahit.phyluce.bwa.fastp.angsd.counts.txt
    output: /home/arthur/Bureau/postdocs/isem/hybscan/data/SRR5406035.fastp.megahit.phyluce.bwa.fastp.angsd.divestim.txt, /home/arthur/Bureau/postdocs/isem/hybscan/data/SRR5406035.fastp.megahit.phyluce.bwa.fastp.angsd.divposterior.txt
    jobid: 32
    wildcards: PATH=/home/arthur/Bureau/postdocs/isem/hybscan/data/SRR5406035.fastp.megahit.phyluce.bwa.fastp.angsd
    threads: 2

[Mon Mar 28 12:55:52 2022]
Finished job 35.
64 of 105 steps (61%) done

[Mon Mar 28 12:55:52 2022]
rule divergence_estimations_run:
    input: /home/arthur/Bureau/postdocs/isem/hybscan/pipeline/tools/divergence_model.rds, /home/arthur/Bureau/postdocs/isem/hybscan/data/SRR5437984.fastp.megahit.phyluce.bwa.fastp.freebayes.filter.contamfilter0.1.het.counts.txt
    output: /home/arthur/Bureau/postdocs/isem/hybscan/data/SRR5437984.fastp.megahit.phyluce.bwa.fastp.freebayes.filter.contamfilter0.1.het.divestim.txt, /home/arthur/Bureau/postdocs/isem/hybscan/data/SRR5437984.fastp.megahit.phyluce.bwa.fastp.freebayes.filter.contamfilter0.1.het.divposterior.txt
    jobid: 26
    wildcards: PATH=/home/arthur/Bureau/postdocs/isem/hybscan/data/SRR5437984.fastp.megahit.phyluce.bwa.fastp.freebayes.filter.contamfilter0.1.het
    threads: 2

[Mon Mar 28 12:56:05 2022]
Finished job 33.
65 of 105 steps (62%) done

[Mon Mar 28 12:56:05 2022]
rule divergence_estimations_run:
    input: /home/arthur/Bureau/postdocs/isem/hybscan/pipeline/tools/divergence_model.rds, /home/arthur/Bureau/postdocs/isem/hybscan/data/SRR5437984.fastp.megahit.phyluce.bwa.fastp.freebayes.filter.contamfilter0.2.het.counts.txt
    output: /home/arthur/Bureau/postdocs/isem/hybscan/data/SRR5437984.fastp.megahit.phyluce.bwa.fastp.freebayes.filter.contamfilter0.2.het.divestim.txt, /home/arthur/Bureau/postdocs/isem/hybscan/data/SRR5437984.fastp.megahit.phyluce.bwa.fastp.freebayes.filter.contamfilter0.2.het.divposterior.txt
    jobid: 22
    wildcards: PATH=/home/arthur/Bureau/postdocs/isem/hybscan/data/SRR5437984.fastp.megahit.phyluce.bwa.fastp.freebayes.filter.contamfilter0.2.het
    threads: 2

[Mon Mar 28 12:57:00 2022]
Finished job 32.
66 of 105 steps (63%) done

[Mon Mar 28 12:57:00 2022]
rule divergence_estimations_run:
    input: /home/arthur/Bureau/postdocs/isem/hybscan/pipeline/tools/divergence_model.rds, /home/arthur/Bureau/postdocs/isem/hybscan/data/SRR5437984.fastp.megahit.phyluce.bwa.fastp.freebayes.filter.contamfilter0.05.het.counts.txt
    output: /home/arthur/Bureau/postdocs/isem/hybscan/data/SRR5437984.fastp.megahit.phyluce.bwa.fastp.freebayes.filter.contamfilter0.05.het.divestim.txt, /home/arthur/Bureau/postdocs/isem/hybscan/data/SRR5437984.fastp.megahit.phyluce.bwa.fastp.freebayes.filter.contamfilter0.05.het.divposterior.txt
    jobid: 7
    wildcards: PATH=/home/arthur/Bureau/postdocs/isem/hybscan/data/SRR5437984.fastp.megahit.phyluce.bwa.fastp.freebayes.filter.contamfilter0.05.het
    threads: 2

[Mon Mar 28 12:57:03 2022]
Finished job 37.
67 of 105 steps (64%) done

[Mon Mar 28 12:57:03 2022]
rule divergence_estimations_run:
    input: /home/arthur/Bureau/postdocs/isem/hybscan/pipeline/tools/divergence_model.rds, /home/arthur/Bureau/postdocs/isem/hybscan/data/SRR5437978.fastp.megahit.phyluce.bwa.fastp.freebayes.filter.contamfilter0.05.het.counts.txt
    output: /home/arthur/Bureau/postdocs/isem/hybscan/data/SRR5437978.fastp.megahit.phyluce.bwa.fastp.freebayes.filter.contamfilter0.05.het.divestim.txt, /home/arthur/Bureau/postdocs/isem/hybscan/data/SRR5437978.fastp.megahit.phyluce.bwa.fastp.freebayes.filter.contamfilter0.05.het.divposterior.txt
    jobid: 5
    wildcards: PATH=/home/arthur/Bureau/postdocs/isem/hybscan/data/SRR5437978.fastp.megahit.phyluce.bwa.fastp.freebayes.filter.contamfilter0.05.het
    threads: 2

[Mon Mar 28 12:57:45 2022]
Finished job 22.
68 of 105 steps (65%) done

[Mon Mar 28 12:57:45 2022]
rule divergence_estimations_run:
    input: /home/arthur/Bureau/postdocs/isem/hybscan/pipeline/tools/divergence_model.rds, /home/arthur/Bureau/postdocs/isem/hybscan/data/SRR5437978.fastp.megahit.phyluce.bwa.fastp.freebayes.filter.contamfilter0.2.het.counts.txt
    output: /home/arthur/Bureau/postdocs/isem/hybscan/data/SRR5437978.fastp.megahit.phyluce.bwa.fastp.freebayes.filter.contamfilter0.2.het.divestim.txt, /home/arthur/Bureau/postdocs/isem/hybscan/data/SRR5437978.fastp.megahit.phyluce.bwa.fastp.freebayes.filter.contamfilter0.2.het.divposterior.txt
    jobid: 14
    wildcards: PATH=/home/arthur/Bureau/postdocs/isem/hybscan/data/SRR5437978.fastp.megahit.phyluce.bwa.fastp.freebayes.filter.contamfilter0.2.het
    threads: 2

[Mon Mar 28 12:57:58 2022]
Finished job 26.
69 of 105 steps (66%) done

[Mon Mar 28 12:57:58 2022]
rule divergence_estimations_run:
    input: /home/arthur/Bureau/postdocs/isem/hybscan/pipeline/tools/divergence_model.rds, /home/arthur/Bureau/postdocs/isem/hybscan/data/SRR5437978.fastp.megahit.phyluce.bwa.fastp.freebayes.filter.contamfilter0.1.het.counts.txt
    output: /home/arthur/Bureau/postdocs/isem/hybscan/data/SRR5437978.fastp.megahit.phyluce.bwa.fastp.freebayes.filter.contamfilter0.1.het.divestim.txt, /home/arthur/Bureau/postdocs/isem/hybscan/data/SRR5437978.fastp.megahit.phyluce.bwa.fastp.freebayes.filter.contamfilter0.1.het.divposterior.txt
    jobid: 31
    wildcards: PATH=/home/arthur/Bureau/postdocs/isem/hybscan/data/SRR5437978.fastp.megahit.phyluce.bwa.fastp.freebayes.filter.contamfilter0.1.het
    threads: 2

[Mon Mar 28 12:58:27 2022]
Finished job 5.
70 of 105 steps (67%) done

[Mon Mar 28 12:58:27 2022]
rule divergence_estimations_run:
    input: /home/arthur/Bureau/postdocs/isem/hybscan/pipeline/tools/divergence_model.rds, /home/arthur/Bureau/postdocs/isem/hybscan/data/SRR5406035.fastp.megahit.phyluce.bwa.fastp.freebayes.filter.contamfilter0.1.het.counts.txt
    output: /home/arthur/Bureau/postdocs/isem/hybscan/data/SRR5406035.fastp.megahit.phyluce.bwa.fastp.freebayes.filter.contamfilter0.1.het.divestim.txt, /home/arthur/Bureau/postdocs/isem/hybscan/data/SRR5406035.fastp.megahit.phyluce.bwa.fastp.freebayes.filter.contamfilter0.1.het.divposterior.txt
    jobid: 24
    wildcards: PATH=/home/arthur/Bureau/postdocs/isem/hybscan/data/SRR5406035.fastp.megahit.phyluce.bwa.fastp.freebayes.filter.contamfilter0.1.het
    threads: 2

[Mon Mar 28 12:58:32 2022]
Finished job 7.
71 of 105 steps (68%) done

[Mon Mar 28 12:58:32 2022]
rule divergence_estimations_run:
    input: /home/arthur/Bureau/postdocs/isem/hybscan/pipeline/tools/divergence_model.rds, /home/arthur/Bureau/postdocs/isem/hybscan/data/SRR5406035.fastp.megahit.phyluce.bwa.fastp.freebayes.filter.contamfilter0.2.het.counts.txt
    output: /home/arthur/Bureau/postdocs/isem/hybscan/data/SRR5406035.fastp.megahit.phyluce.bwa.fastp.freebayes.filter.contamfilter0.2.het.divestim.txt, /home/arthur/Bureau/postdocs/isem/hybscan/data/SRR5406035.fastp.megahit.phyluce.bwa.fastp.freebayes.filter.contamfilter0.2.het.divposterior.txt
    jobid: 19
    wildcards: PATH=/home/arthur/Bureau/postdocs/isem/hybscan/data/SRR5406035.fastp.megahit.phyluce.bwa.fastp.freebayes.filter.contamfilter0.2.het
    threads: 2

[Mon Mar 28 12:59:23 2022]
Finished job 14.
72 of 105 steps (69%) done

[Mon Mar 28 12:59:23 2022]
rule divergence_estimations_run:
    input: /home/arthur/Bureau/postdocs/isem/hybscan/pipeline/tools/divergence_model.rds, /home/arthur/Bureau/postdocs/isem/hybscan/data/SRR5406035.fastp.megahit.phyluce.bwa.fastp.freebayes.filter.contamfilter0.05.het.counts.txt
    output: /home/arthur/Bureau/postdocs/isem/hybscan/data/SRR5406035.fastp.megahit.phyluce.bwa.fastp.freebayes.filter.contamfilter0.05.het.divestim.txt, /home/arthur/Bureau/postdocs/isem/hybscan/data/SRR5406035.fastp.megahit.phyluce.bwa.fastp.freebayes.filter.contamfilter0.05.het.divposterior.txt
    jobid: 13
    wildcards: PATH=/home/arthur/Bureau/postdocs/isem/hybscan/data/SRR5406035.fastp.megahit.phyluce.bwa.fastp.freebayes.filter.contamfilter0.05.het
    threads: 2

[Mon Mar 28 12:59:39 2022]
Finished job 24.
73 of 105 steps (70%) done

[Mon Mar 28 12:59:39 2022]
rule contamfilter_run:
    input: /home/arthur/Bureau/postdocs/isem/hybscan/data/SRR5437932.fastp.megahit.phyluce.bwa.fastp.freebayes.filter.vcf
    output: /home/arthur/Bureau/postdocs/isem/hybscan/data/SRR5437932.fastp.megahit.phyluce.bwa.fastp.freebayes.filter.contamfilter0.1.vcf
    jobid: 101
    wildcards: PATH=/home/arthur/Bureau/postdocs/isem/hybscan/data/SRR5437932.fastp.megahit.phyluce.bwa.fastp.freebayes.filter, ALTPROB=0.1


[Mon Mar 28 12:59:39 2022]
rule contamfilter_run:
    input: /home/arthur/Bureau/postdocs/isem/hybscan/data/SRR5437932.fastp.megahit.phyluce.bwa.fastp.freebayes.filter.vcf
    output: /home/arthur/Bureau/postdocs/isem/hybscan/data/SRR5437932.fastp.megahit.phyluce.bwa.fastp.freebayes.filter.contamfilter0.05.vcf
    jobid: 79
    wildcards: PATH=/home/arthur/Bureau/postdocs/isem/hybscan/data/SRR5437932.fastp.megahit.phyluce.bwa.fastp.freebayes.filter, ALTPROB=0.05

[Mon Mar 28 12:59:41 2022]
Finished job 79.
74 of 105 steps (70%) done

[Mon Mar 28 12:59:41 2022]
rule contamfilter_run:
    input: /home/arthur/Bureau/postdocs/isem/hybscan/data/SRR5437932.fastp.megahit.phyluce.bwa.fastp.freebayes.filter.vcf
    output: /home/arthur/Bureau/postdocs/isem/hybscan/data/SRR5437932.fastp.megahit.phyluce.bwa.fastp.freebayes.filter.contamfilter0.2.vcf
    jobid: 91
    wildcards: PATH=/home/arthur/Bureau/postdocs/isem/hybscan/data/SRR5437932.fastp.megahit.phyluce.bwa.fastp.freebayes.filter, ALTPROB=0.2

[Mon Mar 28 12:59:41 2022]
Finished job 101.
75 of 105 steps (71%) done

[Mon Mar 28 12:59:41 2022]
rule het_sites_count_run:
    input: /home/arthur/Bureau/postdocs/isem/hybscan/data/SRR5437932.fastp.megahit.phyluce.bwa.fastp.freebayes.filter.contamfilter0.05.vcf
    output: /home/arthur/Bureau/postdocs/isem/hybscan/data/SRR5437932.fastp.megahit.phyluce.bwa.fastp.freebayes.filter.contamfilter0.05.het.counts.txt
    jobid: 43
    wildcards: PATH=/home/arthur/Bureau/postdocs/isem/hybscan/data/SRR5437932.fastp.megahit.phyluce.bwa.fastp.freebayes.filter.contamfilter0.05

[Mon Mar 28 12:59:42 2022]
Finished job 43.
76 of 105 steps (72%) done

[Mon Mar 28 12:59:42 2022]
rule het_sites_count_run:
    input: /home/arthur/Bureau/postdocs/isem/hybscan/data/SRR5437932.fastp.megahit.phyluce.bwa.fastp.freebayes.filter.contamfilter0.1.vcf
    output: /home/arthur/Bureau/postdocs/isem/hybscan/data/SRR5437932.fastp.megahit.phyluce.bwa.fastp.freebayes.filter.contamfilter0.1.het.counts.txt
    jobid: 65
    wildcards: PATH=/home/arthur/Bureau/postdocs/isem/hybscan/data/SRR5437932.fastp.megahit.phyluce.bwa.fastp.freebayes.filter.contamfilter0.1

[Mon Mar 28 12:59:42 2022]
Finished job 65.
77 of 105 steps (73%) done
[Mon Mar 28 12:59:43 2022]
Finished job 91.
78 of 105 steps (74%) done

[Mon Mar 28 12:59:43 2022]
rule divergence_estimations_run:
    input: /home/arthur/Bureau/postdocs/isem/hybscan/pipeline/tools/divergence_model.rds, /home/arthur/Bureau/postdocs/isem/hybscan/data/SRR5437932.fastp.megahit.phyluce.bwa.fastp.freebayes.filter.contamfilter0.05.het.counts.txt
    output: /home/arthur/Bureau/postdocs/isem/hybscan/data/SRR5437932.fastp.megahit.phyluce.bwa.fastp.freebayes.filter.contamfilter0.05.het.divestim.txt, /home/arthur/Bureau/postdocs/isem/hybscan/data/SRR5437932.fastp.megahit.phyluce.bwa.fastp.freebayes.filter.contamfilter0.05.het.divposterior.txt
    jobid: 6
    wildcards: PATH=/home/arthur/Bureau/postdocs/isem/hybscan/data/SRR5437932.fastp.megahit.phyluce.bwa.fastp.freebayes.filter.contamfilter0.05.het
    threads: 2

[Mon Mar 28 12:59:49 2022]
Finished job 31.
79 of 105 steps (75%) done

[Mon Mar 28 12:59:49 2022]
rule divergence_estimations_run:
    input: /home/arthur/Bureau/postdocs/isem/hybscan/pipeline/tools/divergence_model.rds, /home/arthur/Bureau/postdocs/isem/hybscan/data/SRR5437932.fastp.megahit.phyluce.bwa.fastp.freebayes.filter.contamfilter0.1.het.counts.txt
    output: /home/arthur/Bureau/postdocs/isem/hybscan/data/SRR5437932.fastp.megahit.phyluce.bwa.fastp.freebayes.filter.contamfilter0.1.het.divestim.txt, /home/arthur/Bureau/postdocs/isem/hybscan/data/SRR5437932.fastp.megahit.phyluce.bwa.fastp.freebayes.filter.contamfilter0.1.het.divposterior.txt
    jobid: 28
    wildcards: PATH=/home/arthur/Bureau/postdocs/isem/hybscan/data/SRR5437932.fastp.megahit.phyluce.bwa.fastp.freebayes.filter.contamfilter0.1.het
    threads: 2

[Mon Mar 28 13:00:00 2022]
Finished job 19.
80 of 105 steps (76%) done

[Mon Mar 28 13:00:00 2022]
rule het_sites_count_run:
    input: /home/arthur/Bureau/postdocs/isem/hybscan/data/SRR5437932.fastp.megahit.phyluce.bwa.fastp.freebayes.filter.contamfilter0.2.vcf
    output: /home/arthur/Bureau/postdocs/isem/hybscan/data/SRR5437932.fastp.megahit.phyluce.bwa.fastp.freebayes.filter.contamfilter0.2.het.counts.txt
    jobid: 55
    wildcards: PATH=/home/arthur/Bureau/postdocs/isem/hybscan/data/SRR5437932.fastp.megahit.phyluce.bwa.fastp.freebayes.filter.contamfilter0.2

[Mon Mar 28 13:00:01 2022]
Finished job 55.
81 of 105 steps (77%) done

[Mon Mar 28 13:00:01 2022]
rule divergence_estimations_run:
    input: /home/arthur/Bureau/postdocs/isem/hybscan/pipeline/tools/divergence_model.rds, /home/arthur/Bureau/postdocs/isem/hybscan/data/SRR5437932.fastp.megahit.phyluce.bwa.fastp.freebayes.filter.contamfilter0.2.het.counts.txt
    output: /home/arthur/Bureau/postdocs/isem/hybscan/data/SRR5437932.fastp.megahit.phyluce.bwa.fastp.freebayes.filter.contamfilter0.2.het.divestim.txt, /home/arthur/Bureau/postdocs/isem/hybscan/data/SRR5437932.fastp.megahit.phyluce.bwa.fastp.freebayes.filter.contamfilter0.2.het.divposterior.txt
    jobid: 18
    wildcards: PATH=/home/arthur/Bureau/postdocs/isem/hybscan/data/SRR5437932.fastp.megahit.phyluce.bwa.fastp.freebayes.filter.contamfilter0.2.het
    threads: 2

[Mon Mar 28 13:00:30 2022]
Finished job 13.
82 of 105 steps (78%) done
[Mon Mar 28 13:01:03 2022]
Finished job 6.
83 of 105 steps (79%) done

[Mon Mar 28 13:01:03 2022]
rule bwa_pese_run:
    input: /home/arthur/Bureau/postdocs/isem/hybscan/data/SRR5406101.fastp.megahit.phyluce.fasta.amb, /home/arthur/Bureau/postdocs/isem/hybscan/data/SRR5406101.fastp.megahit.phyluce.fasta.ann, /home/arthur/Bureau/postdocs/isem/hybscan/data/SRR5406101.fastp.megahit.phyluce.fasta.pac, /home/arthur/Bureau/postdocs/isem/hybscan/data/SRR5406101.fastp.megahit.phyluce.fasta.bwt.2bit.64, /home/arthur/Bureau/postdocs/isem/hybscan/data/SRR5406101.fastp.megahit.phyluce.fasta.0123, /home/arthur/Bureau/postdocs/isem/hybscan/data/SRR5406101_1.fastp.fastq.gz, /home/arthur/Bureau/postdocs/isem/hybscan/data/SRR5406101_2.fastp.fastq.gz, /home/arthur/Bureau/postdocs/isem/hybscan/data/SRR5406101.fastp.fastq.gz, /home/arthur/Bureau/postdocs/isem/hybscan/data/SRR5406101.fastp.megahit.phyluce.fasta
    output: /home/arthur/Bureau/postdocs/isem/hybscan/data/SRR5406101.fastp.megahit.phyluce.bwa.fastp.se.bam, /home/arthur/Bureau/postdocs/isem/hybscan/data/SRR5406101.fastp.megahit.phyluce.bwa.fastp.pe.bam, /home/arthur/Bureau/postdocs/isem/hybscan/data/SRR5406101.fastp.megahit.phyluce.bwa.fastp.bam
    jobid: 130
    wildcards: PATH=/home/arthur/Bureau/postdocs/isem/hybscan/data, ID=SRR5406101, EXT=.fastp.megahit.phyluce., EXT2=.fastp.
    threads: 4

[Mon Mar 28 13:01:14 2022]
Finished job 28.
84 of 105 steps (80%) done
[Mon Mar 28 13:01:35 2022]
Finished job 18.
85 of 105 steps (81%) done
Removing temporary output file /home/arthur/Bureau/postdocs/isem/hybscan/data/SRR5406101.fastp.megahit.phyluce.fasta.bwt.2bit.64.
Removing temporary output file /home/arthur/Bureau/postdocs/isem/hybscan/data/SRR5406101.fastp.megahit.phyluce.fasta.pac.
Removing temporary output file /home/arthur/Bureau/postdocs/isem/hybscan/data/SRR5406101.fastp.megahit.phyluce.fasta.ann.
Removing temporary output file /home/arthur/Bureau/postdocs/isem/hybscan/data/SRR5406101.fastp.megahit.phyluce.fasta.amb.
Removing temporary output file /home/arthur/Bureau/postdocs/isem/hybscan/data/SRR5406101.fastp.megahit.phyluce.fasta.0123.
Removing temporary output file /home/arthur/Bureau/postdocs/isem/hybscan/data/SRR5406101_2.fastp.fastq.gz.
Removing temporary output file /home/arthur/Bureau/postdocs/isem/hybscan/data/SRR5406101.fastp.fastq.gz.
Removing temporary output file /home/arthur/Bureau/postdocs/isem/hybscan/data/SRR5406101_1.fastp.fastq.gz.
Removing temporary output file /home/arthur/Bureau/postdocs/isem/hybscan/data/SRR5406101.fastp.megahit.phyluce.bwa.fastp.se.bam.
Removing temporary output file /home/arthur/Bureau/postdocs/isem/hybscan/data/SRR5406101.fastp.megahit.phyluce.bwa.fastp.pe.bam.
[Mon Mar 28 13:01:58 2022]
Finished job 130.
86 of 105 steps (82%) done

[Mon Mar 28 13:01:58 2022]
rule freebayes_individual_run:
    input: /home/arthur/Bureau/postdocs/isem/hybscan/data/SRR5406101.fastp.megahit.phyluce.bwa.fastp.bam, /home/arthur/Bureau/postdocs/isem/hybscan/data/SRR5406101.fastp.megahit.phyluce.fasta, /home/arthur/Bureau/postdocs/isem/hybscan/data/SRR5406101.fastp.megahit.phyluce.fasta.fai
    output: /home/arthur/Bureau/postdocs/isem/hybscan/data/SRR5406101.fastp.megahit.phyluce.bwa.fastp.freebayes.vcf
    jobid: 171
    wildcards: PATH=/home/arthur/Bureau/postdocs/isem/hybscan/data, ID=SRR5406101, EXT=.fastp.megahit.phyluce., EXT2=.fastp.


[Mon Mar 28 13:01:58 2022]
rule samtools_bam_index:
    input: /home/arthur/Bureau/postdocs/isem/hybscan/data/SRR5406101.fastp.megahit.phyluce.bwa.fastp.bam
    output: /home/arthur/Bureau/postdocs/isem/hybscan/data/SRR5406101.fastp.megahit.phyluce.bwa.fastp.bam.bai
    jobid: 131
    wildcards: PATH=/home/arthur/Bureau/postdocs/isem/hybscan/data/SRR5406101.fastp.megahit.phyluce.bwa.fastp

[Mon Mar 28 13:01:59 2022]
Finished job 131.
87 of 105 steps (83%) done

[Mon Mar 28 13:01:59 2022]
rule angsd_run:
    input: /home/arthur/Bureau/postdocs/isem/hybscan/data/SRR5406101.fastp.megahit.phyluce.bwa.fastp.bam, /home/arthur/Bureau/postdocs/isem/hybscan/data/SRR5406101.fastp.megahit.phyluce.bwa.fastp.bam.bai, /home/arthur/Bureau/postdocs/isem/hybscan/data/SRR5406101.fastp.megahit.phyluce.fasta
    output: /home/arthur/Bureau/postdocs/isem/hybscan/data/SRR5406101.fastp.megahit.phyluce.bwa.fastp.angsd.bamlist, /home/arthur/Bureau/postdocs/isem/hybscan/data/SRR5406101.fastp.megahit.phyluce.bwa.fastp.angsd.saf.idx, /home/arthur/Bureau/postdocs/isem/hybscan/data/SRR5406101.fastp.megahit.phyluce.bwa.fastp.angsd.saf.pos.gz, /home/arthur/Bureau/postdocs/isem/hybscan/data/SRR5406101.fastp.megahit.phyluce.bwa.fastp.angsd.saf.gz, /home/arthur/Bureau/postdocs/isem/hybscan/data/SRR5406101.fastp.megahit.phyluce.bwa.fastp.angsd.sfs, /home/arthur/Bureau/postdocs/isem/hybscan/data/SRR5406101.fastp.megahit.phyluce.bwa.fastp.angsd.thetas.idx, /home/arthur/Bureau/postdocs/isem/hybscan/data/SRR5406101.fastp.megahit.phyluce.bwa.fastp.angsd.thetas.gz, /home/arthur/Bureau/postdocs/isem/hybscan/data/SRR5406101.fastp.megahit.phyluce.bwa.fastp.angsd.thetas.idx.pestPG, /home/arthur/Bureau/postdocs/isem/hybscan/data/SRR5406101.fastp.megahit.phyluce.bwa.fastp.angsd.arg, /home/arthur/Bureau/postdocs/isem/hybscan/data/SRR5406101.fastp.megahit.phyluce.bwa.fastp.angsd.stats.txt, /home/arthur/Bureau/postdocs/isem/hybscan/data/SRR5406101.fastp.megahit.phyluce.bwa.fastp.angsd.counts.txt
    jobid: 77
    wildcards: PATH=/home/arthur/Bureau/postdocs/isem/hybscan/data, ID=SRR5406101, EXT=.fastp.megahit.phyluce., EXT2=.fastp.

Removing temporary output file /home/arthur/Bureau/postdocs/isem/hybscan/data/SRR5406101.fastp.megahit.phyluce.bwa.fastp.bam.bai.
Removing temporary output file /home/arthur/Bureau/postdocs/isem/hybscan/data/SRR5406101.fastp.megahit.phyluce.bwa.fastp.angsd.bamlist.
Removing temporary output file /home/arthur/Bureau/postdocs/isem/hybscan/data/SRR5406101.fastp.megahit.phyluce.bwa.fastp.angsd.saf.idx.
Removing temporary output file /home/arthur/Bureau/postdocs/isem/hybscan/data/SRR5406101.fastp.megahit.phyluce.bwa.fastp.angsd.saf.pos.gz.
Removing temporary output file /home/arthur/Bureau/postdocs/isem/hybscan/data/SRR5406101.fastp.megahit.phyluce.bwa.fastp.angsd.saf.gz.
Removing temporary output file /home/arthur/Bureau/postdocs/isem/hybscan/data/SRR5406101.fastp.megahit.phyluce.bwa.fastp.angsd.sfs.
Removing temporary output file /home/arthur/Bureau/postdocs/isem/hybscan/data/SRR5406101.fastp.megahit.phyluce.bwa.fastp.angsd.thetas.idx.
Removing temporary output file /home/arthur/Bureau/postdocs/isem/hybscan/data/SRR5406101.fastp.megahit.phyluce.bwa.fastp.angsd.thetas.gz.
Removing temporary output file /home/arthur/Bureau/postdocs/isem/hybscan/data/SRR5406101.fastp.megahit.phyluce.bwa.fastp.angsd.thetas.idx.pestPG.
Removing temporary output file /home/arthur/Bureau/postdocs/isem/hybscan/data/SRR5406101.fastp.megahit.phyluce.bwa.fastp.angsd.arg.
[Mon Mar 28 13:02:16 2022]
Finished job 77.
88 of 105 steps (84%) done

[Mon Mar 28 13:02:16 2022]
rule divergence_estimations_run:
    input: /home/arthur/Bureau/postdocs/isem/hybscan/pipeline/tools/divergence_model.rds, /home/arthur/Bureau/postdocs/isem/hybscan/data/SRR5406101.fastp.megahit.phyluce.bwa.fastp.angsd.counts.txt
    output: /home/arthur/Bureau/postdocs/isem/hybscan/data/SRR5406101.fastp.megahit.phyluce.bwa.fastp.angsd.divestim.txt, /home/arthur/Bureau/postdocs/isem/hybscan/data/SRR5406101.fastp.megahit.phyluce.bwa.fastp.angsd.divposterior.txt
    jobid: 40
    wildcards: PATH=/home/arthur/Bureau/postdocs/isem/hybscan/data/SRR5406101.fastp.megahit.phyluce.bwa.fastp.angsd
    threads: 2

Removing temporary output file /home/arthur/Bureau/postdocs/isem/hybscan/data/SRR5406101.fastp.megahit.phyluce.fasta.fai.
[Mon Mar 28 13:02:48 2022]
Finished job 171.
89 of 105 steps (85%) done

[Mon Mar 28 13:02:48 2022]
rule vcftools_filter_run:
    input: /home/arthur/Bureau/postdocs/isem/hybscan/data/SRR5406101.fastp.megahit.phyluce.bwa.fastp.freebayes.vcf
    output: /home/arthur/Bureau/postdocs/isem/hybscan/data/SRR5406101.fastp.megahit.phyluce.bwa.fastp.freebayes.filter.vcf
    jobid: 135
    wildcards: PATH=/home/arthur/Bureau/postdocs/isem/hybscan/data/SRR5406101.fastp.megahit.phyluce.bwa.fastp.freebayes

[Mon Mar 28 13:02:48 2022]
Finished job 135.
90 of 105 steps (86%) done

[Mon Mar 28 13:02:48 2022]
rule contamfilter_run:
    input: /home/arthur/Bureau/postdocs/isem/hybscan/data/SRR5406101.fastp.megahit.phyluce.bwa.fastp.freebayes.filter.vcf
    output: /home/arthur/Bureau/postdocs/isem/hybscan/data/SRR5406101.fastp.megahit.phyluce.bwa.fastp.freebayes.filter.contamfilter0.2.vcf
    jobid: 94
    wildcards: PATH=/home/arthur/Bureau/postdocs/isem/hybscan/data/SRR5406101.fastp.megahit.phyluce.bwa.fastp.freebayes.filter, ALTPROB=0.2


[Mon Mar 28 13:02:48 2022]
rule contamfilter_run:
    input: /home/arthur/Bureau/postdocs/isem/hybscan/data/SRR5406101.fastp.megahit.phyluce.bwa.fastp.freebayes.filter.vcf
    output: /home/arthur/Bureau/postdocs/isem/hybscan/data/SRR5406101.fastp.megahit.phyluce.bwa.fastp.freebayes.filter.contamfilter0.1.vcf
    jobid: 100
    wildcards: PATH=/home/arthur/Bureau/postdocs/isem/hybscan/data/SRR5406101.fastp.megahit.phyluce.bwa.fastp.freebayes.filter, ALTPROB=0.1


[Mon Mar 28 13:02:48 2022]
rule contamfilter_run:
    input: /home/arthur/Bureau/postdocs/isem/hybscan/data/SRR5406101.fastp.megahit.phyluce.bwa.fastp.freebayes.filter.vcf
    output: /home/arthur/Bureau/postdocs/isem/hybscan/data/SRR5406101.fastp.megahit.phyluce.bwa.fastp.freebayes.filter.contamfilter0.05.vcf
    jobid: 81
    wildcards: PATH=/home/arthur/Bureau/postdocs/isem/hybscan/data/SRR5406101.fastp.megahit.phyluce.bwa.fastp.freebayes.filter, ALTPROB=0.05

[Mon Mar 28 13:02:49 2022]
Finished job 100.
91 of 105 steps (87%) done

[Mon Mar 28 13:02:49 2022]
rule het_sites_count_run:
    input: /home/arthur/Bureau/postdocs/isem/hybscan/data/SRR5406101.fastp.megahit.phyluce.bwa.fastp.freebayes.filter.contamfilter0.1.vcf
    output: /home/arthur/Bureau/postdocs/isem/hybscan/data/SRR5406101.fastp.megahit.phyluce.bwa.fastp.freebayes.filter.contamfilter0.1.het.counts.txt
    jobid: 64
    wildcards: PATH=/home/arthur/Bureau/postdocs/isem/hybscan/data/SRR5406101.fastp.megahit.phyluce.bwa.fastp.freebayes.filter.contamfilter0.1

[Mon Mar 28 13:02:49 2022]
Finished job 81.
92 of 105 steps (88%) done

[Mon Mar 28 13:02:49 2022]
rule het_sites_count_run:
    input: /home/arthur/Bureau/postdocs/isem/hybscan/data/SRR5406101.fastp.megahit.phyluce.bwa.fastp.freebayes.filter.contamfilter0.05.vcf
    output: /home/arthur/Bureau/postdocs/isem/hybscan/data/SRR5406101.fastp.megahit.phyluce.bwa.fastp.freebayes.filter.contamfilter0.05.het.counts.txt
    jobid: 45
    wildcards: PATH=/home/arthur/Bureau/postdocs/isem/hybscan/data/SRR5406101.fastp.megahit.phyluce.bwa.fastp.freebayes.filter.contamfilter0.05

[Mon Mar 28 13:02:49 2022]
Finished job 94.
93 of 105 steps (89%) done

[Mon Mar 28 13:02:49 2022]
rule het_sites_count_run:
    input: /home/arthur/Bureau/postdocs/isem/hybscan/data/SRR5406101.fastp.megahit.phyluce.bwa.fastp.freebayes.filter.contamfilter0.2.vcf
    output: /home/arthur/Bureau/postdocs/isem/hybscan/data/SRR5406101.fastp.megahit.phyluce.bwa.fastp.freebayes.filter.contamfilter0.2.het.counts.txt
    jobid: 58
    wildcards: PATH=/home/arthur/Bureau/postdocs/isem/hybscan/data/SRR5406101.fastp.megahit.phyluce.bwa.fastp.freebayes.filter.contamfilter0.2

[Mon Mar 28 13:02:49 2022]
Finished job 64.
94 of 105 steps (90%) done

[Mon Mar 28 13:02:49 2022]
rule divergence_estimations_run:
    input: /home/arthur/Bureau/postdocs/isem/hybscan/pipeline/tools/divergence_model.rds, /home/arthur/Bureau/postdocs/isem/hybscan/data/SRR5406101.fastp.megahit.phyluce.bwa.fastp.freebayes.filter.contamfilter0.1.het.counts.txt
    output: /home/arthur/Bureau/postdocs/isem/hybscan/data/SRR5406101.fastp.megahit.phyluce.bwa.fastp.freebayes.filter.contamfilter0.1.het.divestim.txt, /home/arthur/Bureau/postdocs/isem/hybscan/data/SRR5406101.fastp.megahit.phyluce.bwa.fastp.freebayes.filter.contamfilter0.1.het.divposterior.txt
    jobid: 27
    wildcards: PATH=/home/arthur/Bureau/postdocs/isem/hybscan/data/SRR5406101.fastp.megahit.phyluce.bwa.fastp.freebayes.filter.contamfilter0.1.het
    threads: 2

[Mon Mar 28 13:02:49 2022]
Finished job 45.
95 of 105 steps (90%) done

[Mon Mar 28 13:02:49 2022]
rule divergence_estimations_run:
    input: /home/arthur/Bureau/postdocs/isem/hybscan/pipeline/tools/divergence_model.rds, /home/arthur/Bureau/postdocs/isem/hybscan/data/SRR5406101.fastp.megahit.phyluce.bwa.fastp.freebayes.filter.contamfilter0.05.het.counts.txt
    output: /home/arthur/Bureau/postdocs/isem/hybscan/data/SRR5406101.fastp.megahit.phyluce.bwa.fastp.freebayes.filter.contamfilter0.05.het.divestim.txt, /home/arthur/Bureau/postdocs/isem/hybscan/data/SRR5406101.fastp.megahit.phyluce.bwa.fastp.freebayes.filter.contamfilter0.05.het.divposterior.txt
    jobid: 8
    wildcards: PATH=/home/arthur/Bureau/postdocs/isem/hybscan/data/SRR5406101.fastp.megahit.phyluce.bwa.fastp.freebayes.filter.contamfilter0.05.het
    threads: 2

[Mon Mar 28 13:02:49 2022]
Finished job 58.
96 of 105 steps (91%) done

[Mon Mar 28 13:02:49 2022]
rule divergence_estimations_run:
    input: /home/arthur/Bureau/postdocs/isem/hybscan/pipeline/tools/divergence_model.rds, /home/arthur/Bureau/postdocs/isem/hybscan/data/SRR5406101.fastp.megahit.phyluce.bwa.fastp.freebayes.filter.contamfilter0.2.het.counts.txt
    output: /home/arthur/Bureau/postdocs/isem/hybscan/data/SRR5406101.fastp.megahit.phyluce.bwa.fastp.freebayes.filter.contamfilter0.2.het.divestim.txt, /home/arthur/Bureau/postdocs/isem/hybscan/data/SRR5406101.fastp.megahit.phyluce.bwa.fastp.freebayes.filter.contamfilter0.2.het.divposterior.txt
    jobid: 21
    wildcards: PATH=/home/arthur/Bureau/postdocs/isem/hybscan/data/SRR5406101.fastp.megahit.phyluce.bwa.fastp.freebayes.filter.contamfilter0.2.het
    threads: 2

[Mon Mar 28 13:04:05 2022]
Finished job 27.
97 of 105 steps (92%) done

[Mon Mar 28 13:04:05 2022]
rule divergence_estimations_gather:
    input: /home/arthur/Bureau/postdocs/isem/hybscan/data/SRR5437981.fastp.megahit.phyluce.bwa.fastp.freebayes.filter.contamfilter0.1.het.divestim.txt, /home/arthur/Bureau/postdocs/isem/hybscan/data/SRR2184168.fastp.megahit.phyluce.bwa.fastp.freebayes.filter.contamfilter0.1.het.divestim.txt, /home/arthur/Bureau/postdocs/isem/hybscan/data/SRR2184170.fastp.megahit.phyluce.bwa.fastp.freebayes.filter.contamfilter0.1.het.divestim.txt, /home/arthur/Bureau/postdocs/isem/hybscan/data/SRR2184169.fastp.megahit.phyluce.bwa.fastp.freebayes.filter.contamfilter0.1.het.divestim.txt, /home/arthur/Bureau/postdocs/isem/hybscan/data/SRR5406035.fastp.megahit.phyluce.bwa.fastp.freebayes.filter.contamfilter0.1.het.divestim.txt, /home/arthur/Bureau/postdocs/isem/hybscan/data/SRR5406101.fastp.megahit.phyluce.bwa.fastp.freebayes.filter.contamfilter0.1.het.divestim.txt, /home/arthur/Bureau/postdocs/isem/hybscan/data/SRR5437984.fastp.megahit.phyluce.bwa.fastp.freebayes.filter.contamfilter0.1.het.divestim.txt, /home/arthur/Bureau/postdocs/isem/hybscan/data/SRR5437978.fastp.megahit.phyluce.bwa.fastp.freebayes.filter.contamfilter0.1.het.divestim.txt, /home/arthur/Bureau/postdocs/isem/hybscan/data/SRR5437932.fastp.megahit.phyluce.bwa.fastp.freebayes.filter.contamfilter0.1.het.divestim.txt
    output: /home/arthur/Bureau/postdocs/isem/hybscan/data/test.fastp.megahit.phyluce.bwa.fastp.freebayes.filter.contamfilter0.1.het.divestim.gathered.txt
    jobid: 3
    wildcards: PATH=/home/arthur/Bureau/postdocs/isem/hybscan/data, GRP=test, EXT=.fastp.megahit.phyluce.bwa.fastp.freebayes.filter.contamfilter0.1.het.divestim.

[Mon Mar 28 13:04:05 2022]
Finished job 3.
98 of 105 steps (93%) done
[Mon Mar 28 13:04:05 2022]
Finished job 8.
99 of 105 steps (94%) done

[Mon Mar 28 13:04:05 2022]
rule divergence_estimations_gather:
    input: /home/arthur/Bureau/postdocs/isem/hybscan/data/SRR5437981.fastp.megahit.phyluce.bwa.fastp.freebayes.filter.contamfilter0.05.het.divestim.txt, /home/arthur/Bureau/postdocs/isem/hybscan/data/SRR2184168.fastp.megahit.phyluce.bwa.fastp.freebayes.filter.contamfilter0.05.het.divestim.txt, /home/arthur/Bureau/postdocs/isem/hybscan/data/SRR2184170.fastp.megahit.phyluce.bwa.fastp.freebayes.filter.contamfilter0.05.het.divestim.txt, /home/arthur/Bureau/postdocs/isem/hybscan/data/SRR2184169.fastp.megahit.phyluce.bwa.fastp.freebayes.filter.contamfilter0.05.het.divestim.txt, /home/arthur/Bureau/postdocs/isem/hybscan/data/SRR5406035.fastp.megahit.phyluce.bwa.fastp.freebayes.filter.contamfilter0.05.het.divestim.txt, /home/arthur/Bureau/postdocs/isem/hybscan/data/SRR5406101.fastp.megahit.phyluce.bwa.fastp.freebayes.filter.contamfilter0.05.het.divestim.txt, /home/arthur/Bureau/postdocs/isem/hybscan/data/SRR5437984.fastp.megahit.phyluce.bwa.fastp.freebayes.filter.contamfilter0.05.het.divestim.txt, /home/arthur/Bureau/postdocs/isem/hybscan/data/SRR5437978.fastp.megahit.phyluce.bwa.fastp.freebayes.filter.contamfilter0.05.het.divestim.txt, /home/arthur/Bureau/postdocs/isem/hybscan/data/SRR5437932.fastp.megahit.phyluce.bwa.fastp.freebayes.filter.contamfilter0.05.het.divestim.txt
    output: /home/arthur/Bureau/postdocs/isem/hybscan/data/test.fastp.megahit.phyluce.bwa.fastp.freebayes.filter.contamfilter0.05.het.divestim.gathered.txt
    jobid: 1
    wildcards: PATH=/home/arthur/Bureau/postdocs/isem/hybscan/data, GRP=test, EXT=.fastp.megahit.phyluce.bwa.fastp.freebayes.filter.contamfilter0.05.het.divestim.

[Mon Mar 28 13:04:05 2022]
Finished job 1.
100 of 105 steps (95%) done
[Mon Mar 28 13:04:09 2022]
Finished job 21.
101 of 105 steps (96%) done

[Mon Mar 28 13:04:09 2022]
rule divergence_estimations_gather:
    input: /home/arthur/Bureau/postdocs/isem/hybscan/data/SRR5437981.fastp.megahit.phyluce.bwa.fastp.freebayes.filter.contamfilter0.2.het.divestim.txt, /home/arthur/Bureau/postdocs/isem/hybscan/data/SRR2184168.fastp.megahit.phyluce.bwa.fastp.freebayes.filter.contamfilter0.2.het.divestim.txt, /home/arthur/Bureau/postdocs/isem/hybscan/data/SRR2184170.fastp.megahit.phyluce.bwa.fastp.freebayes.filter.contamfilter0.2.het.divestim.txt, /home/arthur/Bureau/postdocs/isem/hybscan/data/SRR2184169.fastp.megahit.phyluce.bwa.fastp.freebayes.filter.contamfilter0.2.het.divestim.txt, /home/arthur/Bureau/postdocs/isem/hybscan/data/SRR5406035.fastp.megahit.phyluce.bwa.fastp.freebayes.filter.contamfilter0.2.het.divestim.txt, /home/arthur/Bureau/postdocs/isem/hybscan/data/SRR5406101.fastp.megahit.phyluce.bwa.fastp.freebayes.filter.contamfilter0.2.het.divestim.txt, /home/arthur/Bureau/postdocs/isem/hybscan/data/SRR5437984.fastp.megahit.phyluce.bwa.fastp.freebayes.filter.contamfilter0.2.het.divestim.txt, /home/arthur/Bureau/postdocs/isem/hybscan/data/SRR5437978.fastp.megahit.phyluce.bwa.fastp.freebayes.filter.contamfilter0.2.het.divestim.txt, /home/arthur/Bureau/postdocs/isem/hybscan/data/SRR5437932.fastp.megahit.phyluce.bwa.fastp.freebayes.filter.contamfilter0.2.het.divestim.txt
    output: /home/arthur/Bureau/postdocs/isem/hybscan/data/test.fastp.megahit.phyluce.bwa.fastp.freebayes.filter.contamfilter0.2.het.divestim.gathered.txt
    jobid: 2
    wildcards: PATH=/home/arthur/Bureau/postdocs/isem/hybscan/data, GRP=test, EXT=.fastp.megahit.phyluce.bwa.fastp.freebayes.filter.contamfilter0.2.het.divestim.

[Mon Mar 28 13:04:09 2022]
Finished job 2.
102 of 105 steps (97%) done
[Mon Mar 28 13:04:11 2022]
Finished job 40.
103 of 105 steps (98%) done

[Mon Mar 28 13:04:11 2022]
rule divergence_estimations_gather:
    input: /home/arthur/Bureau/postdocs/isem/hybscan/data/SRR5437981.fastp.megahit.phyluce.bwa.fastp.angsd.divestim.txt, /home/arthur/Bureau/postdocs/isem/hybscan/data/SRR2184168.fastp.megahit.phyluce.bwa.fastp.angsd.divestim.txt, /home/arthur/Bureau/postdocs/isem/hybscan/data/SRR2184170.fastp.megahit.phyluce.bwa.fastp.angsd.divestim.txt, /home/arthur/Bureau/postdocs/isem/hybscan/data/SRR2184169.fastp.megahit.phyluce.bwa.fastp.angsd.divestim.txt, /home/arthur/Bureau/postdocs/isem/hybscan/data/SRR5406035.fastp.megahit.phyluce.bwa.fastp.angsd.divestim.txt, /home/arthur/Bureau/postdocs/isem/hybscan/data/SRR5406101.fastp.megahit.phyluce.bwa.fastp.angsd.divestim.txt, /home/arthur/Bureau/postdocs/isem/hybscan/data/SRR5437984.fastp.megahit.phyluce.bwa.fastp.angsd.divestim.txt, /home/arthur/Bureau/postdocs/isem/hybscan/data/SRR5437978.fastp.megahit.phyluce.bwa.fastp.angsd.divestim.txt, /home/arthur/Bureau/postdocs/isem/hybscan/data/SRR5437932.fastp.megahit.phyluce.bwa.fastp.angsd.divestim.txt
    output: /home/arthur/Bureau/postdocs/isem/hybscan/data/test.fastp.megahit.phyluce.bwa.fastp.angsd.divestim.gathered.txt
    jobid: 4
    wildcards: PATH=/home/arthur/Bureau/postdocs/isem/hybscan/data, GRP=test, EXT=.fastp.megahit.phyluce.bwa.fastp.angsd.divestim.

[Mon Mar 28 13:04:11 2022]
Finished job 4.
104 of 105 steps (99%) done

[Mon Mar 28 13:04:11 2022]
localrule all:
    input: /home/arthur/Bureau/postdocs/isem/hybscan/data/test.fastp.megahit.phyluce.bwa.fastp.angsd.divestim.gathered.txt, /home/arthur/Bureau/postdocs/isem/hybscan/data/test.fastp.megahit.phyluce.bwa.fastp.freebayes.filter.contamfilter0.05.het.divestim.gathered.txt, /home/arthur/Bureau/postdocs/isem/hybscan/data/test.fastp.megahit.phyluce.bwa.fastp.freebayes.filter.contamfilter0.1.het.divestim.gathered.txt, /home/arthur/Bureau/postdocs/isem/hybscan/data/test.fastp.megahit.phyluce.bwa.fastp.freebayes.filter.contamfilter0.2.het.divestim.gathered.txt
    jobid: 0

[Mon Mar 28 13:04:11 2022]
Finished job 0.
105 of 105 steps (100%) done
Complete log: /home/arthur/Bureau/postdocs/isem/hybscan/pipeline/.snakemake/log/2022-03-28T123708.508079.snakemake.log
