Building DAG of jobs...
Using shell: /usr/bin/bash
Provided cores: 1
Rules claiming more threads will be scaled down.
Job counts:
	count	jobs
	1	all
	1	test
	2

[Tue Mar 22 12:45:59 2022]
rule test:
    output: test.txt
    jobid: 1

[Tue Mar 22 12:45:59 2022]
Error in rule test:
    jobid: 1
    output: test.txt

RuleException:
CalledProcessError in line 16 of /home/arthur/Bureau/postdocs/isem/hybscan/pipeline/Snakefile:
Command ' set -euo pipefail;  phyluce -h; touch test.txt; ' returned non-zero exit status 127.
  File "/home/arthur/Bureau/postdocs/isem/hybscan/pipeline/Snakefile", line 16, in __rule_test
  File "/home/arthur/bin/miniconda/envs/hybscan_env/lib/python3.6/concurrent/futures/thread.py", line 56, in run
Shutting down, this might take some time.
Exiting because a job execution failed. Look above for error message
Complete log: /home/arthur/Bureau/postdocs/isem/hybscan/pipeline/.snakemake/log/2022-03-22T124559.619343.snakemake.log
