Building DAG of jobs...
Using shell: /usr/bin/bash
Provided cores: 4
Rules claiming more threads will be scaled down.
Job counts:
	count	jobs
	1	all
	1	busco_run
	2

[Tue Mar 29 14:21:46 2022]
rule busco_run:
    input: /home/arthur/Bureau/postdocs/isem/hybscan/data/SRR5437981.fastp.megahit.fasta, /home/arthur/Bureau/postdocs/isem/hybscan/data/busco_database/lineages/hymenoptera_odb10
    output: /home/arthur/Bureau/postdocs/isem/hybscan/data/SRR5437981.fastp.megahit.busco, /home/arthur/Bureau/postdocs/isem/hybscan/data/SRR5437981.fastp.megahit.busco.log
    jobid: 1
    wildcards: PATH=/home/arthur/Bureau/postdocs/isem/hybscan/data, ID=SRR5437981, EXT=.fastp.megahit.
    threads: 4

[Tue Mar 29 14:42:11 2022]
Finished job 1.
1 of 2 steps (50%) done

[Tue Mar 29 14:42:11 2022]
localrule all:
    input: /home/arthur/Bureau/postdocs/isem/hybscan/data/SRR5437981.fastp.megahit.busco.log, /home/arthur/Bureau/postdocs/isem/hybscan/data/SRR5437981.fastp.megahit.busco.log
    jobid: 0

[Tue Mar 29 14:42:11 2022]
Finished job 0.
2 of 2 steps (100%) done
Complete log: /home/arthur/Bureau/postdocs/isem/hybscan/hybrid_scan/.snakemake/log/2022-03-29T142146.555075.snakemake.log
